#
# A fatal error has been detected by the Java Runtime Environment:
#
#  EXCEPTION_ACCESS_VIOLATION (0xc0000005) at pc=0x0000023c64f21066, pid=3508, tid=0x0000000000003494
#
# JRE version: OpenJDK Runtime Environment (8.0_412-b08) (build 1.8.0_412-b08)
# Java VM: OpenJDK 64-Bit Server VM (25.412-b08 mixed mode windows-amd64 compressed oops)
# Problematic frame:
# C  [OpenAL64.dll+0x11066]
#
# Failed to write core dump. Minidumps are not enabled by default on client versions of Windows
#
# If you would like to submit a bug report, please visit:
#   https://github.com/adoptium/adoptium-support/issues
# The crash happened outside the Java Virtual Machine in native code.
# See problematic frame for where to report the bug.
#

---------------  T H R E A D  ---------------

Current thread (0x0000023c53b91000):  JavaThread "Thread-6" [_thread_in_native, id=13460, stack(0x000000b740360000,0x000000b740460000)]

siginfo: ExceptionCode=0xc0000005, reading address 0x0000023c5174d004

Registers:
RAX=0x0000000000000004, RBX=0x0000023c678c0090, RCX=0x0000023c5174d008, RDX=0x0000023c5174d004
RSP=0x000000b74045efc0, RBP=0x00000000000000ff, RSI=0x0000023c5174c2bc, RDI=0x0000000000000000
R8 =0x0000000000000352, R9 =0x0000023c5174c2bc, R10=0x0000023c30499c62, R11=0x0000000057078f10
R12=0x0000000000000001, R13=0x0000023c6cdbdf80, R14=0x000000b74045f158, R15=0x0000023c53b91000
RIP=0x0000023c64f21066, EFLAGS=0x0000000000010202

Top of Stack: (sp=0x000000b74045efc0)
0x000000b74045efc0:   0000000000000000 0000023c53b91000
0x000000b74045efd0:   000000b74045f158 0000023c6cdbdf80
0x000000b74045efe0:   0000023c6cdbdf80 0000000000000000
0x000000b74045eff0:   0000023c53b91000 0000000000000000
0x000000b74045f000:   000000b74045f120 0000000056f0f14b
0x000000b74045f010:   000000b74045f040 0000023c304db348
0x000000b74045f020:   0000023c526173f0 0000023c4d305150
0x000000b74045f030:   0000023c53b91000 000000b74045f158
0x000000b74045f040:   0000023c6cdbdf80 0000000000000000
0x000000b74045f050:   0000023c5174c2bc 00000006c4a92cb0
0x000000b74045f060:   000000b74045f120 0000023c64f2248f
0x000000b74045f070:   0000023c678c0090 0000023c678c0090
0x000000b74045f080:   0000023c0000ac44 0000023c00000004
0x000000b74045f090:   0000000000000010 0000023c30499c8e
0x000000b74045f0a0:   0000023c6cdbdf80 0000023c30499985
0x000000b74045f0b0:   0000023c6cdbdf80 000000b74045f120 

Instructions: (pc=0x0000023c64f21066)
0x0000023c64f21046:   41 2b ec 81 3a 03 00 02 00 75 09 8b 01 89 84 24
0x0000023c64f21056:   c8 00 00 00 49 83 c0 02 48 83 c1 08 4a 8d 14 86
0x0000023c64f21066:   39 3a 75 af 4c 8d 84 24 c0 00 00 00 48 8d 15 d7
0x0000023c64f21076:   2b 03 00 33 c9 e8 58 5f 00 00 b8 40 1f 00 00 4c 


Register to memory mapping:

RAX=0x0000000000000004 is an unknown value
RBX=0x0000023c678c0090 is an unknown value
RCX=0x0000023c5174d008 is an unknown value
RDX=0x0000023c5174d004 is an unknown value
RSP=0x000000b74045efc0 is pointing into the stack for thread: 0x0000023c53b91000
RBP=0x00000000000000ff is an unknown value
RSI=0x0000023c5174c2bc is an unknown value
RDI=0x0000000000000000 is an unknown value
R8 =0x0000000000000352 is an unknown value
R9 =0x0000023c5174c2bc is an unknown value
R10=0x0000023c30499c62 is at code_begin+962 in an Interpreter codelet
method entry point (kind = native)  [0x0000023c304998a0, 0x0000023c3049a340]  2720 bytes
R11=0x0000000057078f10 is an unknown value
R12=0x0000000000000001 is an unknown value
R13={method} {0x0000023c6cdbdf88} 'nalcCreateContext' '(JJ)J' in 'org/lwjgl/openal/ALC10'
R14=0x000000b74045f158 is pointing into the stack for thread: 0x0000023c53b91000
R15=0x0000023c53b91000 is a thread


Stack: [0x000000b740360000,0x000000b740460000],  sp=0x000000b74045efc0,  free space=1019k
Native frames: (J=compiled Java code, j=interpreted, Vv=VM code, C=native code)
C  [OpenAL64.dll+0x11066]
C  [OpenAL64.dll+0x1248f]
C  0x0000023c30499c8e

Java frames: (J=compiled Java code, j=interpreted, Vv=VM code)
j  org.lwjgl.openal.ALC10.nalcCreateContext(JJ)J+0
j  org.lwjgl.openal.ALC10.alcCreateContext(Lorg/lwjgl/openal/ALCdevice;Ljava/nio/IntBuffer;)Lorg/lwjgl/openal/ALCcontext;+8
j  org.lwjgl.openal.AL.init(Ljava/lang/String;IIZZ)V+69
j  org.lwjgl.openal.AL.create(Ljava/lang/String;IIZZ)V+246
j  org.lwjgl.openal.AL.create(Ljava/lang/String;IIZ)V+5
j  org.lwjgl.openal.AL.create()V+6
j  paulscode.sound.libraries.LibraryLWJGLOpenAL.init()V+2
j  paulscode.sound.SoundSystem.CommandNewLibrary(Ljava/lang/Class;)V+273
j  paulscode.sound.SoundSystem.CommandQueue(Lpaulscode/sound/CommandObject;)Z+1206
j  paulscode.sound.CommandThread.run()V+51
v  ~StubRoutines::call_stub

---------------  P R O C E S S  ---------------

Java Threads: ( => current thread )
  0x0000023c53b99000 JavaThread "Thread-7" [_thread_blocked, id=15532, stack(0x000000b740460000,0x000000b740560000)]
=>0x0000023c53b91000 JavaThread "Thread-6" [_thread_in_native, id=13460, stack(0x000000b740360000,0x000000b740460000)]
  0x0000023c53b98000 JavaThread "Sound Library Loader" [_thread_blocked, id=17548, stack(0x000000b740260000,0x000000b740360000)]
  0x0000023c53b97800 JavaThread "Keep-Alive-SocketCleaner" daemon [_thread_blocked, id=4896, stack(0x000000b73f560000,0x000000b73f660000)]
  0x0000023c53b96000 JavaThread "Keep-Alive-Timer" daemon [_thread_blocked, id=10940, stack(0x000000b740160000,0x000000b740260000)]
  0x0000023c53b94000 JavaThread "ForkJoinPool.commonPool-worker-27" daemon [_thread_blocked, id=12760, stack(0x000000b73ff60000,0x000000b740060000)]
  0x0000023c51fc9800 JavaThread "ForkJoinPool.commonPool-worker-2" daemon [_thread_blocked, id=12392, stack(0x000000b73fe60000,0x000000b73ff60000)]
  0x0000023c51fc9000 JavaThread "ForkJoinPool.commonPool-worker-9" daemon [_thread_blocked, id=14296, stack(0x000000b73fd60000,0x000000b73fe60000)]
  0x0000023c51fc8000 JavaThread "ForkJoinPool.commonPool-worker-16" daemon [_thread_blocked, id=8536, stack(0x000000b73fc60000,0x000000b73fd60000)]
  0x0000023c51fc6000 JavaThread "ForkJoinPool.commonPool-worker-23" daemon [_thread_blocked, id=10796, stack(0x000000b73fb60000,0x000000b73fc60000)]
  0x0000023c51fc7800 JavaThread "ForkJoinPool.commonPool-worker-30" daemon [_thread_blocked, id=6160, stack(0x000000b73fa60000,0x000000b73fb60000)]
  0x0000023c51fc5000 JavaThread "ForkJoinPool.commonPool-worker-5" daemon [_thread_blocked, id=9084, stack(0x000000b73f960000,0x000000b73fa60000)]
  0x0000023c51fc6800 JavaThread "ForkJoinPool.commonPool-worker-12" daemon [_thread_blocked, id=12304, stack(0x000000b73f860000,0x000000b73f960000)]
  0x0000023c51fbd000 JavaThread "ForkJoinPool.commonPool-worker-19" daemon [_thread_blocked, id=4224, stack(0x000000b73f760000,0x000000b73f860000)]
  0x0000023c51fc4000 JavaThread "ForkJoinPool.commonPool-worker-26" daemon [_thread_blocked, id=11364, stack(0x000000b73f660000,0x000000b73f760000)]
  0x0000023c51fc3800 JavaThread "ForkJoinPool.commonPool-worker-8" daemon [_thread_blocked, id=10648, stack(0x000000b73f460000,0x000000b73f560000)]
  0x0000023c51fbc800 JavaThread "ForkJoinPool.commonPool-worker-15" daemon [_thread_blocked, id=17576, stack(0x000000b73f360000,0x000000b73f460000)]
  0x0000023c51fbb800 JavaThread "ForkJoinPool.commonPool-worker-22" daemon [_thread_blocked, id=18284, stack(0x000000b73f260000,0x000000b73f360000)]
  0x0000023c51fc0800 JavaThread "ForkJoinPool.commonPool-worker-29" daemon [_thread_blocked, id=17808, stack(0x000000b73f160000,0x000000b73f260000)]
  0x0000023c51fbb000 JavaThread "ForkJoinPool.commonPool-worker-4" daemon [_thread_blocked, id=8036, stack(0x000000b73f060000,0x000000b73f160000)]
  0x0000023c51fc2000 JavaThread "ForkJoinPool.commonPool-worker-11" daemon [_thread_blocked, id=7624, stack(0x000000b73ef60000,0x000000b73f060000)]
  0x0000023c4d2a5800 JavaThread "ForkJoinPool.commonPool-worker-18" daemon [_thread_blocked, id=13052, stack(0x000000b73ee60000,0x000000b73ef60000)]
  0x0000023c51f5d800 JavaThread "ForkJoinPool.commonPool-worker-25" daemon [_thread_blocked, id=11592, stack(0x000000b73ed60000,0x000000b73ee60000)]
  0x0000023c55726800 JavaThread "LWJGL Timer" daemon [_thread_blocked, id=11144, stack(0x000000b73ec60000,0x000000b73ed60000)]
  0x0000023c5599f000 JavaThread "Java2D Disposer" daemon [_thread_blocked, id=14264, stack(0x000000b73eb60000,0x000000b73ec60000)]
  0x0000023c557f8000 JavaThread "Thread-4" [_thread_blocked, id=11704, stack(0x000000b73e960000,0x000000b73ea60000)]
  0x0000023c4e60b000 JavaThread "Timer hack thread" daemon [_thread_blocked, id=1204, stack(0x000000b73dc00000,0x000000b73dd00000)]
  0x0000023c53c30800 JavaThread "Snooper Timer" daemon [_thread_blocked, id=2780, stack(0x000000b73db00000,0x000000b73dc00000)]
  0x0000023c51f44800 JavaThread "Thread-1" [_thread_blocked, id=1312, stack(0x000000b73da00000,0x000000b73db00000)]
  0x0000023c4b84d000 JavaThread "Service Thread" daemon [_thread_blocked, id=16936, stack(0x000000b73d800000,0x000000b73d900000)]
  0x0000023c4b7c4000 JavaThread "C1 CompilerThread11" daemon [_thread_blocked, id=7552, stack(0x000000b73d700000,0x000000b73d800000)]
  0x0000023c4b7c3800 JavaThread "C1 CompilerThread10" daemon [_thread_blocked, id=8796, stack(0x000000b73d600000,0x000000b73d700000)]
  0x0000023c4b7c2800 JavaThread "C1 CompilerThread9" daemon [_thread_blocked, id=2332, stack(0x000000b73d500000,0x000000b73d600000)]
  0x0000023c4b7c1000 JavaThread "C1 CompilerThread8" daemon [_thread_blocked, id=10340, stack(0x000000b73d400000,0x000000b73d500000)]
  0x0000023c4b7c5000 JavaThread "C2 CompilerThread7" daemon [_thread_blocked, id=3384, stack(0x000000b73d300000,0x000000b73d400000)]
  0x0000023c4b7c0000 JavaThread "C2 CompilerThread6" daemon [_thread_in_native, id=7776, stack(0x000000b73d200000,0x000000b73d300000)]
  0x0000023c4b7c2000 JavaThread "C2 CompilerThread5" daemon [_thread_blocked, id=3616, stack(0x000000b73d100000,0x000000b73d200000)]
  0x0000023c4b7ac800 JavaThread "C2 CompilerThread4" daemon [_thread_blocked, id=18384, stack(0x000000b73d000000,0x000000b73d100000)]
  0x0000023c4b79b800 JavaThread "C2 CompilerThread3" daemon [_thread_blocked, id=12856, stack(0x000000b73cf00000,0x000000b73d000000)]
  0x0000023c4b78e800 JavaThread "C2 CompilerThread2" daemon [_thread_blocked, id=16808, stack(0x000000b73ce00000,0x000000b73cf00000)]
  0x0000023c4b773800 JavaThread "C2 CompilerThread1" daemon [_thread_blocked, id=12860, stack(0x000000b73cd00000,0x000000b73ce00000)]
  0x0000023c4b771800 JavaThread "C2 CompilerThread0" daemon [_thread_blocked, id=10544, stack(0x000000b73cc00000,0x000000b73cd00000)]
  0x0000023c4b767800 JavaThread "Attach Listener" daemon [_thread_blocked, id=12260, stack(0x000000b73cb00000,0x000000b73cc00000)]
  0x0000023c4b766800 JavaThread "Signal Dispatcher" daemon [_thread_blocked, id=7644, stack(0x000000b73ca00000,0x000000b73cb00000)]
  0x0000023c495ea000 JavaThread "Finalizer" daemon [_thread_blocked, id=17264, stack(0x000000b73c900000,0x000000b73ca00000)]
  0x0000023c4b743000 JavaThread "Reference Handler" daemon [_thread_blocked, id=7856, stack(0x000000b73c800000,0x000000b73c900000)]
  0x0000023c2e9eb800 JavaThread "Client thread" [_thread_in_Java, id=9540, stack(0x000000b73b700000,0x000000b73b800000)]

Other Threads:
  0x0000023c2ea9e800 VMThread [stack: 0x000000b73c700000,0x000000b73c800000] [id=13488]
  0x0000023c4b84f000 WatcherThread [stack: 0x000000b73d900000,0x000000b73da00000] [id=7228]

VM state:not at safepoint (normal execution)

VM Mutex/Monitor currently owned by a thread: None

heap address: 0x00000006c4a00000, size: 4022 MB, Compressed Oops mode: Zero based, Oop shift amount: 3
Narrow klass base: 0x0000000000000000, Narrow klass shift: 3
Compressed class space size: 1073741824 Address: 0x00000007c0000000

Heap:
 PSYoungGen      total 944640K, used 407961K [0x000000076c380000, 0x00000007b4a00000, 0x00000007c0000000)
  eden space 838656K, 42% used [0x000000076c380000,0x0000000781cc6f68,0x000000079f680000)
  from space 105984K, 51% used [0x000000079f680000,0x00000007a2b9f798,0x00000007a5e00000)
  to   space 103424K, 0% used [0x00000007ae500000,0x00000007ae500000,0x00000007b4a00000)
 ParOldGen       total 409600K, used 197850K [0x00000006c4a00000, 0x00000006dda00000, 0x000000076c380000)
  object space 409600K, 48% used [0x00000006c4a00000,0x00000006d0b36b40,0x00000006dda00000)
 Metaspace       used 71804K, capacity 72907K, committed 73176K, reserved 1112064K
  class space    used 10393K, capacity 10751K, committed 10752K, reserved 1048576K

Card table byte_map: [0x0000023c3f840000,0x0000023c40020000] byte_map_base: 0x0000023c3c21b000

Marking Bits: (ParMarkBitMap*) 0x0000000057650830
 Begin Bits: [0x0000023c40560000, 0x0000023c44438000)
 End Bits:   [0x0000023c44438000, 0x0000023c48310000)

Polling page: 0x0000023c2e990000

CodeCache: size=245760Kb used=25961Kb max_used=25983Kb free=219799Kb
 bounds [0x0000023c30480000, 0x0000023c31e10000, 0x0000023c3f480000]
 total_blobs=7349 nmethods=6457 adapters=801
 compilation: enabled

Compilation events (10 events):
Event: 12.138 Thread 0x0000023c4b7c1000 8560       3       net.minecraft.client.renderer.block.model.ModelBlock::<init> (50 bytes)
Event: 12.138 Thread 0x0000023c4b7c1000 nmethod 8560 0x0000023c31ddef50 code [0x0000023c31ddf0c0, 0x0000023c31ddf338]
Event: 12.139 Thread 0x0000023c4b7c4000 nmethod 8559 0x0000023c31de3cd0 code [0x0000023c31de3fa0, 0x0000023c31de5600]
Event: 12.139 Thread 0x0000023c4b7c3800 nmethod 8558 0x0000023c31de88d0 code [0x0000023c31de8bc0, 0x0000023c31dea700]
Event: 12.152 Thread 0x0000023c4b7c2800 8561       1       net.minecraft.block.BlockPlanks$EnumType::getName (5 bytes)
Event: 12.152 Thread 0x0000023c4b7c2800 nmethod 8561 0x0000023c31de1110 code [0x0000023c31de1260, 0x0000023c31de1378]
Event: 12.174 Thread 0x0000023c4b7c2800 8563       3       net.minecraft.client.resources.FallbackResourceManager::getAllResources (143 bytes)
Event: 12.174 Thread 0x0000023c4b7c1000 8562       3       net.minecraft.client.resources.SimpleReloadableResourceManager::getAllResources (41 bytes)
Event: 12.175 Thread 0x0000023c4b7c1000 nmethod 8562 0x0000023c31de0750 code [0x0000023c31de0900, 0x0000023c31de0f40]
Event: 12.176 Thread 0x0000023c4b7c2800 nmethod 8563 0x0000023c31deb2d0 code [0x0000023c31deb660, 0x0000023c31ded660]

GC Heap History (10 events):
Event: 8.614 GC heap before
{Heap before GC invocations=19 (full 3):
 PSYoungGen      total 645632K, used 623228K [0x000000076c380000, 0x00000007a2a00000, 0x00000007c0000000)
  eden space 565760K, 100% used [0x000000076c380000,0x000000078ec00000,0x000000078ec00000)
  from space 79872K, 71% used [0x000000078ec00000,0x000000079241f3f0,0x0000000793a00000)
  to   space 83968K, 0% used [0x000000079d800000,0x000000079d800000,0x00000007a2a00000)
 ParOldGen       total 243712K, used 149484K [0x00000006c4a00000, 0x00000006d3800000, 0x000000076c380000)
  object space 243712K, 61% used [0x00000006c4a00000,0x00000006cdbfb358,0x00000006d3800000)
 Metaspace       used 57970K, capacity 58821K, committed 59096K, reserved 1099776K
  class space    used 7914K, capacity 8166K, committed 8192K, reserved 1048576K
Event: 8.633 GC heap after
Heap after GC invocations=19 (full 3):
 PSYoungGen      total 795136K, used 81474K [0x000000076c380000, 0x00000007a3b00000, 0x00000007c0000000)
  eden space 711168K, 0% used [0x000000076c380000,0x000000076c380000,0x0000000797a00000)
  from space 83968K, 97% used [0x000000079d800000,0x00000007a2790ad0,0x00000007a2a00000)
  to   space 96256K, 0% used [0x0000000797a00000,0x0000000797a00000,0x000000079d800000)
 ParOldGen       total 243712K, used 149492K [0x00000006c4a00000, 0x00000006d3800000, 0x000000076c380000)
  object space 243712K, 61% used [0x00000006c4a00000,0x00000006cdbfd358,0x00000006d3800000)
 Metaspace       used 57970K, capacity 58821K, committed 59096K, reserved 1099776K
  class space    used 7914K, capacity 8166K, committed 8192K, reserved 1048576K
}
Event: 9.253 GC heap before
{Heap before GC invocations=20 (full 3):
 PSYoungGen      total 795136K, used 514549K [0x000000076c380000, 0x00000007a3b00000, 0x00000007c0000000)
  eden space 711168K, 60% used [0x000000076c380000,0x0000000786a6ccc0,0x0000000797a00000)
  from space 83968K, 97% used [0x000000079d800000,0x00000007a2790ad0,0x00000007a2a00000)
  to   space 96256K, 0% used [0x0000000797a00000,0x0000000797a00000,0x000000079d800000)
 ParOldGen       total 243712K, used 149492K [0x00000006c4a00000, 0x00000006d3800000, 0x000000076c380000)
  object space 243712K, 61% used [0x00000006c4a00000,0x00000006cdbfd358,0x00000006d3800000)
 Metaspace       used 61142K, capacity 61971K, committed 62228K, reserved 1103872K
  class space    used 8532K, capacity 8803K, committed 8832K, reserved 1048576K
Event: 9.273 GC heap after
Heap after GC invocations=20 (full 3):
 PSYoungGen      total 807424K, used 92012K [0x000000076c380000, 0x00000007b0d80000, 0x00000007c0000000)
  eden space 711168K, 0% used [0x000000076c380000,0x000000076c380000,0x0000000797a00000)
  from space 96256K, 95% used [0x0000000797a00000,0x000000079d3db110,0x000000079d800000)
  to   space 109568K, 0% used [0x00000007aa280000,0x00000007aa280000,0x00000007b0d80000)
 ParOldGen       total 243712K, used 149500K [0x00000006c4a00000, 0x00000006d3800000, 0x000000076c380000)
  object space 243712K, 61% used [0x00000006c4a00000,0x00000006cdbff358,0x00000006d3800000)
 Metaspace       used 61142K, capacity 61971K, committed 62228K, reserved 1103872K
  class space    used 8532K, capacity 8803K, committed 8832K, reserved 1048576K
}
Event: 9.273 GC heap before
{Heap before GC invocations=21 (full 4):
 PSYoungGen      total 807424K, used 92012K [0x000000076c380000, 0x00000007b0d80000, 0x00000007c0000000)
  eden space 711168K, 0% used [0x000000076c380000,0x000000076c380000,0x0000000797a00000)
  from space 96256K, 95% used [0x0000000797a00000,0x000000079d3db110,0x000000079d800000)
  to   space 109568K, 0% used [0x00000007aa280000,0x00000007aa280000,0x00000007b0d80000)
 ParOldGen       total 243712K, used 149500K [0x00000006c4a00000, 0x00000006d3800000, 0x000000076c380000)
  object space 243712K, 61% used [0x00000006c4a00000,0x00000006cdbff358,0x00000006d3800000)
 Metaspace       used 61142K, capacity 61971K, committed 62228K, reserved 1103872K
  class space    used 8532K, capacity 8803K, committed 8832K, reserved 1048576K
Event: 9.375 GC heap after
Heap after GC invocations=21 (full 4):
 PSYoungGen      total 807424K, used 0K [0x000000076c380000, 0x00000007b0d80000, 0x00000007c0000000)
  eden space 711168K, 0% used [0x000000076c380000,0x000000076c380000,0x0000000797a00000)
  from space 96256K, 0% used [0x0000000797a00000,0x0000000797a00000,0x000000079d800000)
  to   space 109568K, 0% used [0x00000007aa280000,0x00000007aa280000,0x00000007b0d80000)
 ParOldGen       total 409600K, used 197834K [0x00000006c4a00000, 0x00000006dda00000, 0x000000076c380000)
  object space 409600K, 48% used [0x00000006c4a00000,0x00000006d0b32b40,0x00000006dda00000)
 Metaspace       used 61129K, capacity 61947K, committed 62228K, reserved 1103872K
  class space    used 8530K, capacity 8799K, committed 8832K, reserved 1048576K
}
Event: 10.485 GC heap before
{Heap before GC invocations=22 (full 4):
 PSYoungGen      total 807424K, used 711168K [0x000000076c380000, 0x00000007b0d80000, 0x00000007c0000000)
  eden space 711168K, 100% used [0x000000076c380000,0x0000000797a00000,0x0000000797a00000)
  from space 96256K, 0% used [0x0000000797a00000,0x0000000797a00000,0x000000079d800000)
  to   space 109568K, 0% used [0x00000007aa280000,0x00000007aa280000,0x00000007b0d80000)
 ParOldGen       total 409600K, used 197834K [0x00000006c4a00000, 0x00000006dda00000, 0x000000076c380000)
  object space 409600K, 48% used [0x00000006c4a00000,0x00000006d0b32b40,0x00000006dda00000)
 Metaspace       used 65606K, capacity 66599K, committed 67032K, reserved 1105920K
  class space    used 9402K, capacity 9701K, committed 9728K, reserved 1048576K
Event: 10.494 GC heap after
Heap after GC invocations=22 (full 4):
 PSYoungGen      total 874496K, used 30775K [0x000000076c380000, 0x00000007ac580000, 0x00000007c0000000)
  eden space 838656K, 0% used [0x000000076c380000,0x000000076c380000,0x000000079f680000)
  from space 35840K, 85% used [0x00000007aa280000,0x00000007ac08de58,0x00000007ac580000)
  to   space 105984K, 0% used [0x000000079f680000,0x000000079f680000,0x00000007a5e00000)
 ParOldGen       total 409600K, used 197842K [0x00000006c4a00000, 0x00000006dda00000, 0x000000076c380000)
  object space 409600K, 48% used [0x00000006c4a00000,0x00000006d0b34b40,0x00000006dda00000)
 Metaspace       used 65606K, capacity 66599K, committed 67032K, reserved 1105920K
  class space    used 9402K, capacity 9701K, committed 9728K, reserved 1048576K
}
Event: 11.437 GC heap before
{Heap before GC invocations=23 (full 4):
 PSYoungGen      total 874496K, used 869431K [0x000000076c380000, 0x00000007ac580000, 0x00000007c0000000)
  eden space 838656K, 100% used [0x000000076c380000,0x000000079f680000,0x000000079f680000)
  from space 35840K, 85% used [0x00000007aa280000,0x00000007ac08de58,0x00000007ac580000)
  to   space 105984K, 0% used [0x000000079f680000,0x000000079f680000,0x00000007a5e00000)
 ParOldGen       total 409600K, used 197842K [0x00000006c4a00000, 0x00000006dda00000, 0x000000076c380000)
  object space 409600K, 48% used [0x00000006c4a00000,0x00000006d0b34b40,0x00000006dda00000)
 Metaspace       used 70121K, capacity 71147K, committed 71512K, reserved 1110016K
  class space    used 10228K, capacity 10537K, committed 10624K, reserved 1048576K
Event: 11.449 GC heap after
Heap after GC invocations=23 (full 4):
 PSYoungGen      total 944640K, used 54397K [0x000000076c380000, 0x00000007b4a00000, 0x00000007c0000000)
  eden space 838656K, 0% used [0x000000076c380000,0x000000076c380000,0x000000079f680000)
  from space 105984K, 51% used [0x000000079f680000,0x00000007a2b9f798,0x00000007a5e00000)
  to   space 103424K, 0% used [0x00000007ae500000,0x00000007ae500000,0x00000007b4a00000)
 ParOldGen       total 409600K, used 197850K [0x00000006c4a00000, 0x00000006dda00000, 0x000000076c380000)
  object space 409600K, 48% used [0x00000006c4a00000,0x00000006d0b36b40,0x00000006dda00000)
 Metaspace       used 70121K, capacity 71147K, committed 71512K, reserved 1110016K
  class space    used 10228K, capacity 10537K, committed 10624K, reserved 1048576K
}

Deoptimization events (10 events):
Event: 11.799 Thread 0x0000023c2e9eb800 Uncommon trap: reason=class_check action=maybe_recompile pc=0x0000023c30843be8 method=java.util.AbstractMap.equals(Ljava/lang/Object;)Z @ 8
Event: 11.846 Thread 0x0000023c2e9eb800 Uncommon trap: reason=unstable_if action=reinterpret pc=0x0000023c31c4d698 method=com.google.gson.JsonPrimitive.getAsString()Ljava/lang/String; @ 19
Event: 11.847 Thread 0x0000023c2e9eb800 Uncommon trap: reason=class_check action=maybe_recompile pc=0x0000023c30bdda80 method=com.google.common.collect.Lists.newArrayList(Ljava/lang/Iterable;)Ljava/util/ArrayList; @ 27
Event: 11.966 Thread 0x0000023c2e9eb800 Uncommon trap: reason=predicate action=maybe_recompile pc=0x0000023c31c81c1c method=com.google.gson.stream.JsonReader.peekKeyword()I @ 102
Event: 11.994 Thread 0x0000023c2e9eb800 Uncommon trap: reason=unstable_if action=reinterpret pc=0x0000023c30792998 method=net.minecraft.block.properties.PropertyHelper.equals(Ljava/lang/Object;)Z @ 44
Event: 11.994 Thread 0x0000023c2e9eb800 Uncommon trap: reason=class_check action=maybe_recompile pc=0x0000023c31d76088 method=com.google.common.collect.RegularImmutableSet.contains(Ljava/lang/Object;)Z @ 42
Event: 11.994 Thread 0x0000023c2e9eb800 Uncommon trap: reason=class_check action=maybe_recompile pc=0x0000023c31d76088 method=com.google.common.collect.RegularImmutableSet.contains(Ljava/lang/Object;)Z @ 42
Event: 11.994 Thread 0x0000023c2e9eb800 Uncommon trap: reason=class_check action=maybe_recompile pc=0x0000023c31d76088 method=com.google.common.collect.RegularImmutableSet.contains(Ljava/lang/Object;)Z @ 42
Event: 11.994 Thread 0x0000023c2e9eb800 Uncommon trap: reason=class_check action=maybe_recompile pc=0x0000023c31d76088 method=com.google.common.collect.RegularImmutableSet.contains(Ljava/lang/Object;)Z @ 42
Event: 12.019 Thread 0x0000023c2e9eb800 Uncommon trap: reason=unstable_if action=reinterpret pc=0x0000023c31ce284c method=sun.misc.FloatingDecimal$ASCIIToBinaryBuffer.floatValue()F @ 119

Classes redefined (0 events):
No events

Internal exceptions (10 events):
Event: 12.170 Thread 0x0000023c2e9eb800 Exception <a 'java/io/IOException'> (0x000000077ff73f08) thrown at [C:\workspace\openjdk-build\workspace\build\src\hotspot\src\share\vm\prims\jni.cpp, line 712]
Event: 12.170 Thread 0x0000023c2e9eb800 Exception <a 'java/io/IOException'> (0x000000077ff85e80) thrown at [C:\workspace\openjdk-build\workspace\build\src\hotspot\src\share\vm\prims\jni.cpp, line 712]
Event: 12.171 Thread 0x0000023c2e9eb800 Exception <a 'java/io/IOException'> (0x000000077fff46e8) thrown at [C:\workspace\openjdk-build\workspace\build\src\hotspot\src\share\vm\prims\jni.cpp, line 712]
Event: 12.172 Thread 0x0000023c2e9eb800 Exception <a 'java/io/IOException'> (0x00000007800077b0) thrown at [C:\workspace\openjdk-build\workspace\build\src\hotspot\src\share\vm\prims\jni.cpp, line 712]
Event: 12.173 Thread 0x0000023c2e9eb800 Exception <a 'java/io/IOException'> (0x0000000780063330) thrown at [C:\workspace\openjdk-build\workspace\build\src\hotspot\src\share\vm\prims\jni.cpp, line 712]
Event: 12.173 Thread 0x0000023c2e9eb800 Exception <a 'java/io/IOException'> (0x0000000780076340) thrown at [C:\workspace\openjdk-build\workspace\build\src\hotspot\src\share\vm\prims\jni.cpp, line 712]
Event: 12.174 Thread 0x0000023c2e9eb800 Exception <a 'java/io/IOException'> (0x00000007800db0b8) thrown at [C:\workspace\openjdk-build\workspace\build\src\hotspot\src\share\vm\prims\jni.cpp, line 712]
Event: 12.174 Thread 0x0000023c2e9eb800 Exception <a 'java/io/IOException'> (0x00000007800eceb0) thrown at [C:\workspace\openjdk-build\workspace\build\src\hotspot\src\share\vm\prims\jni.cpp, line 712]
Event: 12.176 Thread 0x0000023c2e9eb800 Exception <a 'java/io/IOException'> (0x00000007801883e8) thrown at [C:\workspace\openjdk-build\workspace\build\src\hotspot\src\share\vm\prims\jni.cpp, line 712]
Event: 12.177 Thread 0x0000023c2e9eb800 Exception <a 'java/io/IOException'> (0x0000000780199ea8) thrown at [C:\workspace\openjdk-build\workspace\build\src\hotspot\src\share\vm\prims\jni.cpp, line 712]

Events (10 events):
Event: 11.994 Thread 0x0000023c2e9eb800 Uncommon trap: trap_request=0xffffffde fr.pc=0x0000023c31d76088
Event: 11.994 Thread 0x0000023c2e9eb800 DEOPT PACKING pc=0x0000023c31d76088 sp=0x000000b73b7fd5e0
Event: 11.994 Thread 0x0000023c2e9eb800 DEOPT UNPACKING pc=0x0000023c304c5583 sp=0x000000b73b7fd578 mode 2
Event: 12.019 Thread 0x0000023c2e9eb800 Uncommon trap: trap_request=0xffffff65 fr.pc=0x0000023c31ce284c
Event: 12.019 Thread 0x0000023c2e9eb800 DEOPT PACKING pc=0x0000023c31ce284c sp=0x000000b73b7fc420
Event: 12.019 Thread 0x0000023c2e9eb800 DEOPT UNPACKING pc=0x0000023c304c5583 sp=0x000000b73b7fc330 mode 2
Event: 12.032 loading class net/minecraft/client/renderer/block/model/multipart/ConditionAnd
Event: 12.032 loading class net/minecraft/client/renderer/block/model/multipart/ConditionAnd done
Event: 12.032 loading class net/minecraft/client/renderer/block/model/multipart/ConditionOr
Event: 12.032 loading class net/minecraft/client/renderer/block/model/multipart/ConditionOr done


Dynamic libraries:
0x00007ff7d97d0000 - 0x00007ff7d9821000 	D:\jva\jdk8u412-b08\bin\java.exe
0x00007ff8a9030000 - 0x00007ff8a9228000 	C:\Windows\SYSTEM32\ntdll.dll
0x00007ff8a7c20000 - 0x00007ff8a7ce2000 	C:\Windows\System32\KERNEL32.DLL
0x00007ff8a6d50000 - 0x00007ff8a7046000 	C:\Windows\System32\KERNELBASE.dll
0x00007ff8a70b0000 - 0x00007ff8a715f000 	C:\Windows\System32\ADVAPI32.dll
0x00007ff8a7380000 - 0x00007ff8a741e000 	C:\Windows\System32\msvcrt.dll
0x00007ff8a7cf0000 - 0x00007ff8a7d8f000 	C:\Windows\System32\sechost.dll
0x00007ff8a8430000 - 0x00007ff8a8553000 	C:\Windows\System32\RPCRT4.dll
0x00007ff8a6a80000 - 0x00007ff8a6aa7000 	C:\Windows\System32\bcrypt.dll
0x00007ff8a7170000 - 0x00007ff8a730d000 	C:\Windows\System32\USER32.dll
0x00007ff8a6d20000 - 0x00007ff8a6d42000 	C:\Windows\System32\win32u.dll
0x00007ff8a8620000 - 0x00007ff8a864b000 	C:\Windows\System32\GDI32.dll
0x00007ff8a6960000 - 0x00007ff8a6a7a000 	C:\Windows\System32\gdi32full.dll
0x00007ff8a66c0000 - 0x00007ff8a675d000 	C:\Windows\System32\msvcp_win.dll
0x00007ff8a6860000 - 0x00007ff8a6960000 	C:\Windows\System32\ucrtbase.dll
0x00007ff88c9f0000 - 0x00007ff88cc8a000 	C:\Windows\WinSxS\amd64_microsoft.windows.common-controls_6595b64144ccf1df_6.0.19041.4355_none_60b8b9eb71f62e16\COMCTL32.dll
0x00007ff8a87a0000 - 0x00007ff8a87cf000 	C:\Windows\System32\IMM32.DLL
0x00007ff89e700000 - 0x00007ff89e715000 	D:\jva\jdk8u412-b08\jre\bin\vcruntime140.dll
0x00007ff8774a0000 - 0x00007ff87753b000 	D:\jva\jdk8u412-b08\jre\bin\msvcp140.dll
0x0000000056e70000 - 0x00000000576c9000 	D:\jva\jdk8u412-b08\jre\bin\server\jvm.dll
0x00007ff8a7370000 - 0x00007ff8a7378000 	C:\Windows\System32\PSAPI.DLL
0x00007ff89e500000 - 0x00007ff89e527000 	C:\Windows\SYSTEM32\WINMM.dll
0x00007ff89e380000 - 0x00007ff89e389000 	C:\Windows\SYSTEM32\WSOCK32.dll
0x00007ff89c020000 - 0x00007ff89c02a000 	C:\Windows\SYSTEM32\VERSION.dll
0x00007ff8a7f40000 - 0x00007ff8a7fab000 	C:\Windows\System32\WS2_32.dll
0x00007ff8a4ea0000 - 0x00007ff8a4eb2000 	C:\Windows\SYSTEM32\kernel.appcore.dll
0x00007ff89e370000 - 0x00007ff89e380000 	D:\jva\jdk8u412-b08\jre\bin\verify.dll
0x00007ff89bdc0000 - 0x00007ff89bdeb000 	D:\jva\jdk8u412-b08\jre\bin\java.dll
0x00007ff89bda0000 - 0x00007ff89bdb8000 	D:\jva\jdk8u412-b08\jre\bin\zip.dll
0x00007ff8a87d0000 - 0x00007ff8a8f3f000 	C:\Windows\System32\SHELL32.dll
0x00007ff8a46e0000 - 0x00007ff8a4e83000 	C:\Windows\SYSTEM32\windows.storage.dll
0x00007ff8a78c0000 - 0x00007ff8a7c15000 	C:\Windows\System32\combase.dll
0x00007ff8a6010000 - 0x00007ff8a603b000 	C:\Windows\SYSTEM32\Wldp.dll
0x00007ff8a86d0000 - 0x00007ff8a879d000 	C:\Windows\System32\OLEAUT32.dll
0x00007ff8a8560000 - 0x00007ff8a860d000 	C:\Windows\System32\SHCORE.dll
0x00007ff8a7860000 - 0x00007ff8a78b5000 	C:\Windows\System32\shlwapi.dll
0x00007ff8a65f0000 - 0x00007ff8a6615000 	C:\Windows\SYSTEM32\profapi.dll
0x00007ff89e1c0000 - 0x00007ff89e1cd000 	D:\jva\jdk8u412-b08\jre\bin\management.dll
0x00007ff89bb40000 - 0x00007ff89bb5c000 	D:\jva\jdk8u412-b08\jre\bin\net.dll
0x00007ff8a5df0000 - 0x00007ff8a5e5c000 	C:\Windows\system32\mswsock.dll
0x00007ff855680000 - 0x00007ff855697000 	C:\Windows\system32\napinsp.dll
0x00007ff855660000 - 0x00007ff85567b000 	C:\Windows\system32\pnrpnsp.dll
0x00007ff878020000 - 0x00007ff878035000 	C:\Windows\system32\wshbth.dll
0x00007ff89e390000 - 0x00007ff89e3ad000 	C:\Windows\system32\NLAapi.dll
0x00007ff8a5aa0000 - 0x00007ff8a5adb000 	C:\Windows\SYSTEM32\IPHLPAPI.DLL
0x00007ff8a5ae0000 - 0x00007ff8a5baa000 	C:\Windows\SYSTEM32\DNSAPI.dll
0x00007ff8a7160000 - 0x00007ff8a7168000 	C:\Windows\System32\NSI.dll
0x00007ff855640000 - 0x00007ff855652000 	C:\Windows\System32\winrnr.dll
0x00007ff88f580000 - 0x00007ff88f58a000 	C:\Windows\System32\rasadhlp.dll
0x00007ff89a410000 - 0x00007ff89a490000 	C:\Windows\System32\fwpuclnt.dll
0x00007ff89b610000 - 0x00007ff89b623000 	D:\jva\jdk8u412-b08\jre\bin\nio.dll
0x00007ff896ef0000 - 0x00007ff896f14000 	D:\jva\jdk8u412-b08\jre\bin\sunec.dll
0x00007ff8a6050000 - 0x00007ff8a6068000 	C:\Windows\SYSTEM32\CRYPTSP.dll
0x00007ff8a56c0000 - 0x00007ff8a56f8000 	C:\Windows\system32\rsaenh.dll
0x00007ff8a6570000 - 0x00007ff8a659e000 	C:\Windows\SYSTEM32\USERENV.dll
0x00007ff8a6c90000 - 0x00007ff8a6d12000 	C:\Windows\System32\bcryptprimitives.dll
0x00007ff8a5f80000 - 0x00007ff8a5f8c000 	C:\Windows\SYSTEM32\CRYPTBASE.dll
0x00007ff89d080000 - 0x00007ff89d097000 	C:\Windows\SYSTEM32\dhcpcsvc6.DLL
0x00007ff89d890000 - 0x00007ff89d8ad000 	C:\Windows\SYSTEM32\dhcpcsvc.DLL
0x0000000180000000 - 0x0000000180053000 	C:\Users\home\.gradle\caches\minecraft\net\minecraft\natives\1.12.2\lwjgl64.dll
0x00007ff83a530000 - 0x00007ff83a658000 	C:\Windows\SYSTEM32\OPENGL32.dll
0x00007ff8851e0000 - 0x00007ff88520c000 	C:\Windows\SYSTEM32\GLU32.dll
0x00007ff816550000 - 0x00007ff8166e4000 	D:\jva\jdk8u412-b08\jre\bin\awt.dll
0x00007ff8a0c10000 - 0x00007ff8a0ca4000 	C:\Windows\SYSTEM32\apphelp.dll
0x00007ff8a06e0000 - 0x00007ff8a078e000 	C:\Windows\SYSTEM32\mscms.dll
0x00007ff89fea0000 - 0x00007ff89feb1000 	C:\Windows\SYSTEM32\ColorAdapterClient.dll
0x00007ff8a8f40000 - 0x00007ff8a8fe9000 	C:\Windows\System32\clbcatq.dll
0x00007ff89a310000 - 0x00007ff89a353000 	C:\Windows\System32\Windows.Internal.Graphics.Display.DisplayColorManagement.dll
0x00007ff8a6760000 - 0x00007ff8a67ae000 	C:\Windows\System32\cfgmgr32.dll
0x00007ff8a1450000 - 0x00007ff8a14ee000 	C:\Windows\system32\uxtheme.dll
0x00007ff8a7630000 - 0x00007ff8a7745000 	C:\Windows\System32\MSCTF.dll
0x00007ff89c8e0000 - 0x00007ff89c9d9000 	C:\Windows\SYSTEM32\textinputframework.dll
0x00007ff89ffc0000 - 0x00007ff8a031b000 	C:\Windows\System32\CoreUIComponents.dll
0x00007ff8a07c0000 - 0x00007ff8a08b2000 	C:\Windows\System32\CoreMessaging.dll
0x00007ff8a5910000 - 0x00007ff8a5943000 	C:\Windows\SYSTEM32\ntmarta.dll
0x00007ff89f9e0000 - 0x00007ff89fb37000 	C:\Windows\SYSTEM32\wintypes.dll
0x00007ff89b650000 - 0x00007ff89b754000 	C:\Windows\System32\AppXDeploymentClient.dll
0x00007ff8122b0000 - 0x00007ff816542000 	C:\Windows\System32\DriverStore\FileRepository\nvcvegpu.inf_amd64_eb9dc1fcdc94bb69\nvoglv64.dll
0x00007ff8a7fb0000 - 0x00007ff8a8421000 	C:\Windows\System32\SETUPAPI.dll
0x00007ff8a7500000 - 0x00007ff8a762b000 	C:\Windows\System32\ole32.dll
0x00007ff89e6a0000 - 0x00007ff89e6b4000 	C:\Windows\SYSTEM32\WTSAPI32.dll
0x00007ff8a6280000 - 0x00007ff8a6292000 	C:\Windows\SYSTEM32\msasn1.dll
0x00007ff89a870000 - 0x00007ff89a8a1000 	C:\Windows\SYSTEM32\cryptnet.dll
0x00007ff8a6b30000 - 0x00007ff8a6c8d000 	C:\Windows\System32\CRYPT32.dll
0x00007ff89a8b0000 - 0x00007ff89a9f7000 	C:\Windows\SYSTEM32\drvstore.dll
0x00007ff8a6450000 - 0x00007ff8a6483000 	C:\Windows\SYSTEM32\devobj.dll
0x00007ff8a6ab0000 - 0x00007ff8a6b23000 	C:\Windows\System32\WINTRUST.dll
0x00007ff899950000 - 0x00007ff89998b000 	C:\Windows\SYSTEM32\dxcore.dll
0x00007ff8a16c0000 - 0x00007ff8a16ef000 	C:\Windows\SYSTEM32\dwmapi.dll
0x00007ff879c30000 - 0x00007ff879c75000 	C:\Windows\SYSTEM32\icm32.dll
0x00007ff8a5c20000 - 0x00007ff8a5c6b000 	C:\Windows\SYSTEM32\powrprof.dll
0x00007ff8a5a80000 - 0x00007ff8a5a92000 	C:\Windows\SYSTEM32\UMPDC.dll
0x00007ff8a5340000 - 0x00007ff8a539b000 	C:\Windows\SYSTEM32\WINSTA.dll
0x00007ff8a4f10000 - 0x00007ff8a5006000 	C:\Windows\system32\dxgi.dll
0x00007ff89f1a0000 - 0x00007ff89f403000 	C:\Windows\system32\d3d11.dll
0x00007ff877220000 - 0x00007ff8772dc000 	C:\Windows\System32\DriverStore\FileRepository\nvcvegpu.inf_amd64_eb9dc1fcdc94bb69\nvldumdx.dll
0x00007ff8a8650000 - 0x00007ff8a866d000 	C:\Windows\System32\imagehlp.dll
0x00007ff869d80000 - 0x00007ff86fc40000 	C:\Windows\System32\DriverStore\FileRepository\nvcvegpu.inf_amd64_eb9dc1fcdc94bb69\nvwgf2umx.dll
0x00007ff882650000 - 0x00007ff882d87000 	C:\Windows\System32\DriverStore\FileRepository\nvcvegpu.inf_amd64_eb9dc1fcdc94bb69\Display.NvContainer\MessageBus.dll
0x00007ff890aa0000 - 0x00007ff891240000 	C:\Windows\SYSTEM32\nvapi64.dll
0x00007ff898c00000 - 0x00007ff89902a000 	C:\Windows\System32\DriverStore\FileRepository\iigd_dch.inf_amd64_97c7cec5062067ac\igd10iumd64.dll
0x00007ff897590000 - 0x00007ff898bff000 	C:\Windows\System32\DriverStore\FileRepository\iigd_dch.inf_amd64_97c7cec5062067ac\igd10um64xe.DLL
0x00007ff896a00000 - 0x00007ff896a9c000 	C:\Windows\System32\DriverStore\FileRepository\iigd_dch.inf_amd64_97c7cec5062067ac\IntelControlLib.dll
0x00007ff8963c0000 - 0x00007ff8967ff000 	C:\Windows\System32\DriverStore\FileRepository\iigd_dch.inf_amd64_97c7cec5062067ac\igdgmm64.dll
0x00007ff897530000 - 0x00007ff897554000 	C:\Windows\System32\DriverStore\FileRepository\iigd_dch.inf_amd64_97c7cec5062067ac\igc64.dll
0x00007ff891880000 - 0x00007ff895feb000 	C:\Windows\System32\DriverStore\FileRepository\iigd_dch.inf_amd64_97c7cec5062067ac\igc1464.dll
0x00007ff89fcb0000 - 0x00007ff89fe94000 	C:\Windows\SYSTEM32\dcomp.dll
0x00007ff8783c0000 - 0x00007ff878402000 	C:\Users\home\AppData\Local\Temp\jna-3208415\jna5467889530979899671.dll
0x00007ff89d2f0000 - 0x00007ff89d2fe000 	D:\jva\jdk8u412-b08\jre\bin\sunmscapi.dll
0x00007ff8a6160000 - 0x00007ff8a6187000 	C:\Windows\SYSTEM32\ncrypt.dll
0x00007ff8a6120000 - 0x00007ff8a615b000 	C:\Windows\SYSTEM32\NTASN1.dll
0x0000023c64f10000 - 0x0000023c64f74000 	C:\Users\home\.gradle\caches\minecraft\net\minecraft\natives\1.12.2\OpenAL64.dll
0x00007ff89d3a0000 - 0x00007ff89d429000 	C:\Windows\System32\MMDevApi.dll
0x00007ff875960000 - 0x00007ff8759fc000 	C:\Windows\SYSTEM32\dsound.dll
0x00007ff878a70000 - 0x00007ff878a96000 	C:\Windows\SYSTEM32\winmmbase.dll
0x00007ff89d460000 - 0x00007ff89d5e1000 	C:\Windows\SYSTEM32\AUDIOSES.DLL
0x00007ff8a4420000 - 0x00007ff8a4604000 	C:\Windows\SYSTEM32\dbghelp.dll

VM Arguments:
jvm_args: -Dfile.encoding=windows-1251 -Duser.country=UA -Duser.language=uk -Duser.variant 
java_command: GradleStart
java_class_path (initial): C:\jaba\libs\Baubles-1.12-1.5.2-api.jar;C:\jaba\libs\Thaumcraft-1.12.2-6.1.BETA26.jar;C:\Users\home\.gradle\caches\minecraft\deobfedDeps\compileDummy.jar;C:\Users\home\.gradle\caches\minecraft\deobfedDeps\providedDummy.jar;C:\Users\home\.gradle\caches\modules-2\files-2.1\mezz.jei\jei_1.12.2\4.15.0.268\1fd0269994b2721ba110a64d8c0129448f1b985\jei_1.12.2-4.15.0.268.jar;C:\jaba\.gradle\minecraft\forgeBin-1.12.2-14.23.5.2820-PROJECT(jaba).jar;C:\Users\home\.gradle\caches\modules-2\files-2.1\com.google.code.findbugs\jsr305\3.0.1\f7be08ec23c21485b9b5a1cf1654c2ec8c58168d\jsr305-3.0.1.jar;C:\Users\home\.gradle\caches\modules-2\files-2.1\com.mojang\patchy\1.3.9\eb8bb7b66fa0e2152b1b40b3856e82f7619439ee\patchy-1.3.9.jar;C:\Users\home\.gradle\caches\modules-2\files-2.1\oshi-project\oshi-core\1.1\9ddf7b048a8d701be231c0f4f95fd986198fd2d8\oshi-core-1.1.jar;C:\Users\home\.gradle\caches\modules-2\files-2.1\net.java.dev.jna\jna\4.4.0\cb208278274bf12ebdb56c61bd7407e6f774d65a\jna-4.4.0.jar;C:\Users\home\.gradle\caches\modules-2\files-2.1\net.java.dev.jna\platform\3.4.0\e3f70017be8100d3d6923f50b3d2ee17714e9c13\platform-3.4.0.jar;C:\Users\home\.gradle\caches\modules-2\files-2.1\com.ibm.icu\icu4j-core-mojang\51.2\63d216a9311cca6be337c1e458e587f99d382b84\icu4j-core-mojang-51.2.jar;C:\Users\home\.gradle\caches\modules-2\files-2.1\net.sf.jopt-simple\jopt-simple\5.0.3\cdd846cfc4e0f7eefafc02c0f5dce32b9303aa2a\jopt-simple-5.0.3.jar;C:\Users\home\.gradle\caches\modules-2\files-2.1\io.netty\netty-all\4.1.9.Final\97860965d6a0a6b98e7f569f3f966727b8db75\netty-all-4.1.9.Final.jar;C:\Users\home\.gradle\caches\modules-2\files-2.1\com.google.guava\guava\21.0\3a3d111be1be1b745edfa7d91678a12d7ed38709\guava-21.0.jar;C:\Users\home\.gradle\caches\modules-2\files-2.1\org.apache.commons\commons-lang3\3.5\6c6c702c89bfff3cd9e80b04d668c5e190d588c6\commons-lang3-3.5.jar;C:\Users\home\.gradle\caches\modules-2\files-2.1\commons-io\commons-io\2.5\2852e6e05fbb95076fc091f6d1780f1f8fe35e0f\co
Launcher Type: SUN_STANDARD

Environment Variables:
JAVA_HOME=D:\jva\jdk8u412-b08
CLASSPATH=C:\jaba\\gradle\wrapper\gradle-wrapper.jar
PATH=C:\Users\home\AppData\Roaming\Code\User\globalStorage\pleiades.java-extension-pack-jdk\gradle\latest\bin;C:\Users\home\AppData\Roaming\Code\User\globalStorage\pleiades.java-extension-pack-jdk\maven\latest\bin;D:\jva\jdk8u412-b08\bin;C:\Windows\System32;D:\jva\jdk8u412-b08\bin;C:\Users\home\AppData\Local\Programs\Python\Python313\Scripts\;C:\Users\home\AppData\Local\Programs\Python\Python313\;C:\Users\home\AppData\Local\Microsoft\WindowsApps;C:\Users\home\AppData\Local\Programs\Microsoft VS Code\bin;c:\Users\home\.vscode\extensions\ms-python.debugpy-2025.6.0-win32-x64\bundled\scripts\noConfigScripts
USERNAME=home
OS=Windows_NT
PROCESSOR_IDENTIFIER=Intel64 Family 6 Model 183 Stepping 1, GenuineIntel



---------------  S Y S T E M  ---------------

OS: Windows 10 , 64 bit Build 19041 (10.0.19041.5678)

CPU:total 20 (initial active 20) (10 cores per cpu, 2 threads per core) family 6 model 183 stepping 1, cmov, cx8, fxsr, mmx, sse, sse2, sse3, ssse3, sse4.1, sse4.2, popcnt, avx, avx2, aes, clmul, erms, 3dnowpref, lzcnt, ht, tsc, tscinvbit, bmi1, bmi2, adx

Memory: 4k page, physical 16473976k(3158584k free), swap 33251192k(12630208k free)

vm_info: OpenJDK 64-Bit Server VM (25.412-b08) for windows-amd64 JRE (1.8.0_412-b08), built on Apr 17 2024 02:10:30 by "jenkins" with MS VC++ 15.9 (VS2017)

time: Fri Apr 25 16:20:39 2025
timezone: Intel64 Family 6 Model 183 Stepping 1, GenuineIntel
elapsed time: 12.245244 seconds (0d 0h 0m 12s)

