#
# A fatal error has been detected by the Java Runtime Environment:
#
#  EXCEPTION_ACCESS_VIOLATION (0xc0000005) at pc=0x000002721f751066, pid=18228, tid=0x0000000000004f8c
#
# JRE version: OpenJDK Runtime Environment (8.0_412-b08) (build 1.8.0_412-b08)
# Java VM: OpenJDK 64-Bit Server VM (25.412-b08 mixed mode windows-amd64 compressed oops)
# Problematic frame:
# C  [OpenAL64.dll+0x11066]
#
# Failed to write core dump. Minidumps are not enabled by default on client versions of Windows
#
# If you would like to submit a bug report, please visit:
#   https://github.com/adoptium/adoptium-support/issues
# The crash happened outside the Java Virtual Machine in native code.
# See problematic frame for where to report the bug.
#

---------------  T H R E A D  ---------------

Current thread (0x00000272192f6800):  JavaThread "Thread-6" [_thread_in_native, id=20364, stack(0x000000eb3d500000,0x000000eb3d600000)]

siginfo: ExceptionCode=0xc0000005, reading address 0x000002721a704004

Registers:
RAX=0x0000000000000004, RBX=0x000002722e5c0090, RCX=0x000002721a704008, RDX=0x000002721a704004
RSP=0x000000eb3d5fed60, RBP=0x00000000000000ff, RSI=0x000002721a700b4c, RDI=0x0000000000000000
R8 =0x0000000000000d2e, R9 =0x000002721a700b4c, R10=0x0000027200019c62, R11=0x0000000065198f10
R12=0x0000000000000001, R13=0x00000272336bdd48, R14=0x000000eb3d5feef8, R15=0x00000272192f6800
RIP=0x000002721f751066, EFLAGS=0x0000000000010202

Top of Stack: (sp=0x000000eb3d5fed60)
0x000000eb3d5fed60:   0000000000000000 00000272192f6800
0x000000eb3d5fed70:   000000eb3d5feef8 00000272336bdd48
0x000000eb3d5fed80:   00000272336bdd48 0000000000000000
0x000000eb3d5fed90:   00000272192f6800 0000000000000000
0x000000eb3d5feda0:   000000eb3d5feec0 000000006502f14b
0x000000eb3d5fedb0:   000000eb3d5fede0 000002720005b35a
0x000000eb3d5fedc0:   0000027215f9d3e0 0000027216372ca0
0x000000eb3d5fedd0:   00000272192f6800 000000eb3d5feef8
0x000000eb3d5fede0:   00000272336bdd48 0000000000000000
0x000000eb3d5fedf0:   000002721a700b4c 00000006c4ab4dc0
0x000000eb3d5fee00:   000000eb3d5feec0 000002721f75248f
0x000000eb3d5fee10:   000002722e5c0090 000002722e5c0090
0x000000eb3d5fee20:   000002720000ac44 0000027200000004
0x000000eb3d5fee30:   0000000000000010 0000027200019c8e
0x000000eb3d5fee40:   00000272336bdd48 0000027200019985
0x000000eb3d5fee50:   00000272336bdd48 000000eb3d5feec0 

Instructions: (pc=0x000002721f751066)
0x000002721f751046:   41 2b ec 81 3a 03 00 02 00 75 09 8b 01 89 84 24
0x000002721f751056:   c8 00 00 00 49 83 c0 02 48 83 c1 08 4a 8d 14 86
0x000002721f751066:   39 3a 75 af 4c 8d 84 24 c0 00 00 00 48 8d 15 d7
0x000002721f751076:   2b 03 00 33 c9 e8 58 5f 00 00 b8 40 1f 00 00 4c 


Register to memory mapping:

RAX=0x0000000000000004 is an unknown value
RBX=0x000002722e5c0090 is an unknown value
RCX=0x000002721a704008 is an unknown value
RDX=0x000002721a704004 is an unknown value
RSP=0x000000eb3d5fed60 is pointing into the stack for thread: 0x00000272192f6800
RBP=0x00000000000000ff is an unknown value
RSI=0x000002721a700b4c is an unknown value
RDI=0x0000000000000000 is an unknown value
R8 =0x0000000000000d2e is an unknown value
R9 =0x000002721a700b4c is an unknown value
R10=0x0000027200019c62 is at code_begin+962 in an Interpreter codelet
method entry point (kind = native)  [0x00000272000198a0, 0x000002720001a340]  2720 bytes
R11=0x0000000065198f10 is an unknown value
R12=0x0000000000000001 is an unknown value
R13={method} {0x00000272336bdd50} 'nalcCreateContext' '(JJ)J' in 'org/lwjgl/openal/ALC10'
R14=0x000000eb3d5feef8 is pointing into the stack for thread: 0x00000272192f6800
R15=0x00000272192f6800 is a thread


Stack: [0x000000eb3d500000,0x000000eb3d600000],  sp=0x000000eb3d5fed60,  free space=1019k
Native frames: (J=compiled Java code, j=interpreted, Vv=VM code, C=native code)
C  [OpenAL64.dll+0x11066]
C  [OpenAL64.dll+0x1248f]
C  0x0000027200019c8e

Java frames: (J=compiled Java code, j=interpreted, Vv=VM code)
j  org.lwjgl.openal.ALC10.nalcCreateContext(JJ)J+0
j  org.lwjgl.openal.ALC10.alcCreateContext(Lorg/lwjgl/openal/ALCdevice;Ljava/nio/IntBuffer;)Lorg/lwjgl/openal/ALCcontext;+8
j  org.lwjgl.openal.AL.init(Ljava/lang/String;IIZZ)V+69
j  org.lwjgl.openal.AL.create(Ljava/lang/String;IIZZ)V+246
j  org.lwjgl.openal.AL.create(Ljava/lang/String;IIZ)V+5
j  org.lwjgl.openal.AL.create()V+6
j  paulscode.sound.libraries.LibraryLWJGLOpenAL.init()V+2
j  paulscode.sound.SoundSystem.CommandNewLibrary(Ljava/lang/Class;)V+273
j  paulscode.sound.SoundSystem.CommandQueue(Lpaulscode/sound/CommandObject;)Z+1206
j  paulscode.sound.CommandThread.run()V+51
v  ~StubRoutines::call_stub

---------------  P R O C E S S  ---------------

Java Threads: ( => current thread )
  0x00000272192f7800 JavaThread "Thread-7" [_thread_blocked, id=14664, stack(0x000000eb3d600000,0x000000eb3d700000)]
=>0x00000272192f6800 JavaThread "Thread-6" [_thread_in_native, id=20364, stack(0x000000eb3d500000,0x000000eb3d600000)]
  0x00000272192fd800 JavaThread "Sound Library Loader" [_thread_blocked, id=1248, stack(0x000000eb3c700000,0x000000eb3c800000)]
  0x00000272192fc000 JavaThread "Keep-Alive-Timer" daemon [_thread_blocked, id=11352, stack(0x000000eb3d400000,0x000000eb3d500000)]
  0x00000272192fb800 JavaThread "ForkJoinPool.commonPool-worker-27" daemon [_thread_blocked, id=16528, stack(0x000000eb3d200000,0x000000eb3d300000)]
  0x00000272192f9000 JavaThread "ForkJoinPool.commonPool-worker-2" daemon [_thread_blocked, id=18388, stack(0x000000eb3d100000,0x000000eb3d200000)]
  0x00000272192fa800 JavaThread "ForkJoinPool.commonPool-worker-9" daemon [_thread_blocked, id=5060, stack(0x000000eb3d000000,0x000000eb3d100000)]
  0x00000272192f8000 JavaThread "ForkJoinPool.commonPool-worker-16" daemon [_thread_blocked, id=23120, stack(0x000000eb3cf00000,0x000000eb3d000000)]
  0x00000272192f3800 JavaThread "ForkJoinPool.commonPool-worker-23" daemon [_thread_blocked, id=21804, stack(0x000000eb3ce00000,0x000000eb3cf00000)]
  0x00000272192ef800 JavaThread "ForkJoinPool.commonPool-worker-30" daemon [_thread_blocked, id=24368, stack(0x000000eb3cd00000,0x000000eb3ce00000)]
  0x00000272192f2000 JavaThread "ForkJoinPool.commonPool-worker-5" daemon [_thread_blocked, id=20640, stack(0x000000eb3cc00000,0x000000eb3cd00000)]
  0x00000272192f5000 JavaThread "ForkJoinPool.commonPool-worker-12" daemon [_thread_blocked, id=10676, stack(0x000000eb3cb00000,0x000000eb3cc00000)]
  0x00000272192f1000 JavaThread "ForkJoinPool.commonPool-worker-19" daemon [_thread_blocked, id=7088, stack(0x000000eb3ca00000,0x000000eb3cb00000)]
  0x00000272192f0800 JavaThread "ForkJoinPool.commonPool-worker-26" daemon [_thread_blocked, id=21040, stack(0x000000eb3c900000,0x000000eb3ca00000)]
  0x00000272192ee800 JavaThread "ForkJoinPool.commonPool-worker-1" daemon [_thread_blocked, id=21940, stack(0x000000eb3c800000,0x000000eb3c900000)]
  0x00000272192f2800 JavaThread "ForkJoinPool.commonPool-worker-15" daemon [_thread_blocked, id=23884, stack(0x000000eb3c600000,0x000000eb3c700000)]
  0x00000272199bc800 JavaThread "ForkJoinPool.commonPool-worker-22" daemon [_thread_blocked, id=12344, stack(0x000000eb3c500000,0x000000eb3c600000)]
  0x00000272199bb000 JavaThread "ForkJoinPool.commonPool-worker-29" daemon [_thread_blocked, id=2304, stack(0x000000eb3c400000,0x000000eb3c500000)]
  0x00000272199ba000 JavaThread "ForkJoinPool.commonPool-worker-4" daemon [_thread_blocked, id=4516, stack(0x000000eb3c300000,0x000000eb3c400000)]
  0x00000272199b9800 JavaThread "ForkJoinPool.commonPool-worker-11" daemon [_thread_blocked, id=19704, stack(0x000000eb3c200000,0x000000eb3c300000)]
  0x00000272199b8800 JavaThread "ForkJoinPool.commonPool-worker-18" daemon [_thread_blocked, id=13172, stack(0x000000eb3c100000,0x000000eb3c200000)]
  0x00000272199bd000 JavaThread "ForkJoinPool.commonPool-worker-25" daemon [_thread_blocked, id=19572, stack(0x000000eb3c000000,0x000000eb3c100000)]
  0x0000027214440000 JavaThread "LWJGL Timer" daemon [_thread_blocked, id=14776, stack(0x000000eb3bf00000,0x000000eb3c000000)]
  0x0000027219ce4800 JavaThread "Java2D Disposer" daemon [_thread_blocked, id=2640, stack(0x000000eb3be00000,0x000000eb3bf00000)]
  0x000002721a7e5800 JavaThread "Thread-4" [_thread_blocked, id=6220, stack(0x000000eb3bc00000,0x000000eb3bd00000)]
  0x0000027216bbb000 JavaThread "Timer hack thread" daemon [_thread_blocked, id=19820, stack(0x000000eb3ae00000,0x000000eb3af00000)]
  0x0000027215f47800 JavaThread "Snooper Timer" daemon [_thread_blocked, id=4580, stack(0x000000eb3ad00000,0x000000eb3ae00000)]
  0x0000027216ca3800 JavaThread "Thread-1" [_thread_blocked, id=19844, stack(0x000000eb3ac00000,0x000000eb3ad00000)]
  0x00000272106d3800 JavaThread "Service Thread" daemon [_thread_blocked, id=8836, stack(0x000000eb3aa00000,0x000000eb3ab00000)]
  0x0000027210659800 JavaThread "C1 CompilerThread11" daemon [_thread_blocked, id=20124, stack(0x000000eb3a900000,0x000000eb3aa00000)]
  0x0000027210613800 JavaThread "C1 CompilerThread10" daemon [_thread_blocked, id=23736, stack(0x000000eb3a800000,0x000000eb3a900000)]
  0x000002721060a800 JavaThread "C1 CompilerThread9" daemon [_thread_blocked, id=5212, stack(0x000000eb3a700000,0x000000eb3a800000)]
  0x00000272105ff800 JavaThread "C1 CompilerThread8" daemon [_thread_blocked, id=11236, stack(0x000000eb3a600000,0x000000eb3a700000)]
  0x00000272105fe800 JavaThread "C2 CompilerThread7" daemon [_thread_blocked, id=22348, stack(0x000000eb3a500000,0x000000eb3a600000)]
  0x00000272105fa800 JavaThread "C2 CompilerThread6" daemon [_thread_blocked, id=21592, stack(0x000000eb3a400000,0x000000eb3a500000)]
  0x00000272105f0800 JavaThread "C2 CompilerThread5" daemon [_thread_blocked, id=2776, stack(0x000000eb3a300000,0x000000eb3a400000)]
  0x00000272105e8800 JavaThread "C2 CompilerThread4" daemon [_thread_blocked, id=13248, stack(0x000000eb3a200000,0x000000eb3a300000)]
  0x00000272105e3800 JavaThread "C2 CompilerThread3" daemon [_thread_blocked, id=12140, stack(0x000000eb3a100000,0x000000eb3a200000)]
  0x00000272105e2800 JavaThread "C2 CompilerThread2" daemon [_thread_blocked, id=10440, stack(0x000000eb3a000000,0x000000eb3a100000)]
  0x00000272105df800 JavaThread "C2 CompilerThread1" daemon [_thread_blocked, id=22900, stack(0x000000eb39f00000,0x000000eb3a000000)]
  0x00000272105e5800 JavaThread "C2 CompilerThread0" daemon [_thread_blocked, id=11708, stack(0x000000eb39e00000,0x000000eb39f00000)]
  0x00000272105d9800 JavaThread "Attach Listener" daemon [_thread_blocked, id=21856, stack(0x000000eb39d00000,0x000000eb39e00000)]
  0x00000272105d9000 JavaThread "Signal Dispatcher" daemon [_thread_blocked, id=7980, stack(0x000000eb39c00000,0x000000eb39d00000)]
  0x000002727f4ca000 JavaThread "Finalizer" daemon [_thread_blocked, id=22420, stack(0x000000eb39b00000,0x000000eb39c00000)]
  0x00000272105b3800 JavaThread "Reference Handler" daemon [_thread_blocked, id=12192, stack(0x000000eb39a00000,0x000000eb39b00000)]
  0x00000272737cb800 JavaThread "Client thread" [_thread_in_native, id=12116, stack(0x000000eb38900000,0x000000eb38a00000)]

Other Threads:
  0x0000027210592800 VMThread [stack: 0x000000eb39900000,0x000000eb39a00000] [id=9404]
  0x00000272106b0000 WatcherThread [stack: 0x000000eb3ab00000,0x000000eb3ac00000] [id=8484]

VM state:not at safepoint (normal execution)

VM Mutex/Monitor currently owned by a thread: None

heap address: 0x00000006c4a00000, size: 4022 MB, Compressed Oops mode: Zero based, Oop shift amount: 3
Narrow klass base: 0x0000000000000000, Narrow klass shift: 3
Compressed class space size: 1073741824 Address: 0x00000007c0000000

Heap:
 PSYoungGen      total 847872K, used 628584K [0x000000076c380000, 0x00000007ade00000, 0x00000007c0000000)
  eden space 751104K, 76% used [0x000000076c380000,0x000000078f784fa0,0x000000079a100000)
  from space 96768K, 52% used [0x000000079a100000,0x000000079d2d5288,0x000000079ff80000)
  to   space 94720K, 0% used [0x00000007a8180000,0x00000007a8180000,0x00000007ade00000)
 ParOldGen       total 423424K, used 193570K [0x00000006c4a00000, 0x00000006de780000, 0x000000076c380000)
  object space 423424K, 45% used [0x00000006c4a00000,0x00000006d0708be0,0x00000006de780000)
 Metaspace       used 71840K, capacity 72973K, committed 73176K, reserved 1112064K
  class space    used 10384K, capacity 10752K, committed 10752K, reserved 1048576K

Card table byte_map: [0x00000272754f0000,0x0000027275cd0000] byte_map_base: 0x0000027271ecb000

Marking Bits: (ParMarkBitMap*) 0x0000000065770830
 Begin Bits: [0x0000027276210000, 0x000002727a0e8000)
 End Bits:   [0x000002727a0e8000, 0x000002727dfc0000)

Polling page: 0x0000027273880000

CodeCache: size=245760Kb used=26139Kb max_used=26159Kb free=219620Kb
 bounds [0x0000027200000000, 0x00000272019c0000, 0x000002720f000000]
 total_blobs=7316 nmethods=6424 adapters=801
 compilation: enabled

Compilation events (10 events):
Event: 10.545 Thread 0x000002721060a800 nmethod 8394 0x00000272004b6c10 code [0x00000272004b6e00, 0x00000272004b7720]
Event: 10.546 Thread 0x0000027210613800 8395       3       java.lang.Object::toString (36 bytes)
Event: 10.546 Thread 0x0000027210613800 nmethod 8395 0x00000272008c7710 code [0x00000272008c7920, 0x00000272008c84d0]
Event: 10.546 Thread 0x0000027210659800 8396       3       net.minecraft.client.resources.LegacyV2Adapter::getPackName (10 bytes)
Event: 10.546 Thread 0x0000027210659800 nmethod 8396 0x0000027200a02c10 code [0x0000027200a02d80, 0x0000027200a02fb0]
Event: 10.546 Thread 0x0000027210659800 8397       3       com.google.common.collect.ImmutableSet::equals (50 bytes)
Event: 10.546 Thread 0x0000027210613800 8398   !   3       com.google.common.collect.Sets::equalsImpl (58 bytes)
Event: 10.547 Thread 0x0000027210659800 nmethod 8397 0x00000272006709d0 code [0x0000027200670ba0, 0x0000027200671370]
Event: 10.547 Thread 0x0000027210613800 nmethod 8398 0x0000027200498610 code [0x00000272004987c0, 0x0000027200498ef0]
Event: 10.548 Thread 0x00000272105fe800 8399       4       java.net.URLStreamHandler::sameFile (136 bytes)

GC Heap History (10 events):
Event: 8.072 GC heap before
{Heap before GC invocations=19 (full 3):
 PSYoungGen      total 593408K, used 583777K [0x000000076c380000, 0x000000079e400000, 0x00000007c0000000)
  eden space 514048K, 100% used [0x000000076c380000,0x000000078b980000,0x000000078b980000)
  from space 79360K, 87% used [0x000000078b980000,0x000000078fd987c8,0x0000000790700000)
  to   space 88064K, 0% used [0x0000000798e00000,0x0000000798e00000,0x000000079e400000)
 ParOldGen       total 257024K, used 141787K [0x00000006c4a00000, 0x00000006d4500000, 0x000000076c380000)
  object space 257024K, 55% used [0x00000006c4a00000,0x00000006cd476c28,0x00000006d4500000)
 Metaspace       used 59790K, capacity 60639K, committed 61016K, reserved 1101824K
  class space    used 8289K, capacity 8543K, committed 8576K, reserved 1048576K
Event: 8.093 GC heap after
Heap after GC invocations=19 (full 3):
 PSYoungGen      total 717312K, used 88040K [0x000000076c380000, 0x00000007a0380000, 0x00000007c0000000)
  eden space 629248K, 0% used [0x000000076c380000,0x000000076c380000,0x0000000792a00000)
  from space 88064K, 99% used [0x0000000798e00000,0x000000079e3fa078,0x000000079e400000)
  to   space 102400K, 0% used [0x0000000792a00000,0x0000000792a00000,0x0000000798e00000)
 ParOldGen       total 257024K, used 143050K [0x00000006c4a00000, 0x00000006d4500000, 0x000000076c380000)
  object space 257024K, 55% used [0x00000006c4a00000,0x00000006cd5b28b8,0x00000006d4500000)
 Metaspace       used 59790K, capacity 60639K, committed 61016K, reserved 1101824K
  class space    used 8289K, capacity 8543K, committed 8576K, reserved 1048576K
}
Event: 8.365 GC heap before
{Heap before GC invocations=20 (full 3):
 PSYoungGen      total 717312K, used 299266K [0x000000076c380000, 0x00000007a0380000, 0x00000007c0000000)
  eden space 629248K, 33% used [0x000000076c380000,0x00000007791c6b28,0x0000000792a00000)
  from space 88064K, 99% used [0x0000000798e00000,0x000000079e3fa078,0x000000079e400000)
  to   space 102400K, 0% used [0x0000000792a00000,0x0000000792a00000,0x0000000798e00000)
 ParOldGen       total 257024K, used 143050K [0x00000006c4a00000, 0x00000006d4500000, 0x000000076c380000)
  object space 257024K, 55% used [0x00000006c4a00000,0x00000006cd5b28b8,0x00000006d4500000)
 Metaspace       used 61092K, capacity 61961K, committed 62228K, reserved 1103872K
  class space    used 8517K, capacity 8802K, committed 8832K, reserved 1048576K
Event: 8.379 GC heap after
Heap after GC invocations=20 (full 3):
 PSYoungGen      total 731648K, used 51435K [0x000000076c380000, 0x00000007a9f80000, 0x00000007c0000000)
  eden space 629248K, 0% used [0x000000076c380000,0x000000076c380000,0x0000000792a00000)
  from space 102400K, 50% used [0x0000000792a00000,0x0000000795c3af50,0x0000000798e00000)
  to   space 99328K, 0% used [0x00000007a3e80000,0x00000007a3e80000,0x00000007a9f80000)
 ParOldGen       total 257024K, used 182203K [0x00000006c4a00000, 0x00000006d4500000, 0x000000076c380000)
  object space 257024K, 70% used [0x00000006c4a00000,0x00000006cfbeeca0,0x00000006d4500000)
 Metaspace       used 61092K, capacity 61961K, committed 62228K, reserved 1103872K
  class space    used 8517K, capacity 8802K, committed 8832K, reserved 1048576K
}
Event: 8.379 GC heap before
{Heap before GC invocations=21 (full 4):
 PSYoungGen      total 731648K, used 51435K [0x000000076c380000, 0x00000007a9f80000, 0x00000007c0000000)
  eden space 629248K, 0% used [0x000000076c380000,0x000000076c380000,0x0000000792a00000)
  from space 102400K, 50% used [0x0000000792a00000,0x0000000795c3af50,0x0000000798e00000)
  to   space 99328K, 0% used [0x00000007a3e80000,0x00000007a3e80000,0x00000007a9f80000)
 ParOldGen       total 257024K, used 182203K [0x00000006c4a00000, 0x00000006d4500000, 0x000000076c380000)
  object space 257024K, 70% used [0x00000006c4a00000,0x00000006cfbeeca0,0x00000006d4500000)
 Metaspace       used 61092K, capacity 61961K, committed 62228K, reserved 1103872K
  class space    used 8517K, capacity 8802K, committed 8832K, reserved 1048576K
Event: 8.465 GC heap after
Heap after GC invocations=21 (full 4):
 PSYoungGen      total 731648K, used 0K [0x000000076c380000, 0x00000007a9f80000, 0x00000007c0000000)
  eden space 629248K, 0% used [0x000000076c380000,0x000000076c380000,0x0000000792a00000)
  from space 102400K, 0% used [0x0000000792a00000,0x0000000792a00000,0x0000000798e00000)
  to   space 99328K, 0% used [0x00000007a3e80000,0x00000007a3e80000,0x00000007a9f80000)
 ParOldGen       total 423424K, used 193554K [0x00000006c4a00000, 0x00000006de780000, 0x000000076c380000)
  object space 423424K, 45% used [0x00000006c4a00000,0x00000006d0704be0,0x00000006de780000)
 Metaspace       used 61087K, capacity 61949K, committed 62228K, reserved 1103872K
  class space    used 8516K, capacity 8800K, committed 8832K, reserved 1048576K
}
Event: 9.270 GC heap before
{Heap before GC invocations=22 (full 4):
 PSYoungGen      total 731648K, used 629248K [0x000000076c380000, 0x00000007a9f80000, 0x00000007c0000000)
  eden space 629248K, 100% used [0x000000076c380000,0x0000000792a00000,0x0000000792a00000)
  from space 102400K, 0% used [0x0000000792a00000,0x0000000792a00000,0x0000000798e00000)
  to   space 99328K, 0% used [0x00000007a3e80000,0x00000007a3e80000,0x00000007a9f80000)
 ParOldGen       total 423424K, used 193554K [0x00000006c4a00000, 0x00000006de780000, 0x000000076c380000)
  object space 423424K, 45% used [0x00000006c4a00000,0x00000006d0704be0,0x00000006de780000)
 Metaspace       used 64811K, capacity 65771K, committed 66008K, reserved 1105920K
  class space    used 9201K, capacity 9471K, committed 9472K, reserved 1048576K
Event: 9.278 GC heap after
Heap after GC invocations=22 (full 4):
 PSYoungGen      total 783360K, used 27183K [0x000000076c380000, 0x00000007a5e00000, 0x00000007c0000000)
  eden space 751104K, 0% used [0x000000076c380000,0x000000076c380000,0x000000079a100000)
  from space 32256K, 84% used [0x00000007a3e80000,0x00000007a590bc20,0x00000007a5e00000)
  to   space 96768K, 0% used [0x000000079a100000,0x000000079a100000,0x000000079ff80000)
 ParOldGen       total 423424K, used 193562K [0x00000006c4a00000, 0x00000006de780000, 0x000000076c380000)
  object space 423424K, 45% used [0x00000006c4a00000,0x00000006d0706be0,0x00000006de780000)
 Metaspace       used 64811K, capacity 65771K, committed 66008K, reserved 1105920K
  class space    used 9201K, capacity 9471K, committed 9472K, reserved 1048576K
}
Event: 10.013 GC heap before
{Heap before GC invocations=23 (full 4):
 PSYoungGen      total 783360K, used 778287K [0x000000076c380000, 0x00000007a5e00000, 0x00000007c0000000)
  eden space 751104K, 100% used [0x000000076c380000,0x000000079a100000,0x000000079a100000)
  from space 32256K, 84% used [0x00000007a3e80000,0x00000007a590bc20,0x00000007a5e00000)
  to   space 96768K, 0% used [0x000000079a100000,0x000000079a100000,0x000000079ff80000)
 ParOldGen       total 423424K, used 193562K [0x00000006c4a00000, 0x00000006de780000, 0x000000076c380000)
  object space 423424K, 45% used [0x00000006c4a00000,0x00000006d0706be0,0x00000006de780000)
 Metaspace       used 69065K, capacity 70083K, committed 70488K, reserved 1110016K
  class space    used 10023K, capacity 10335K, committed 10368K, reserved 1048576K
Event: 10.022 GC heap after
Heap after GC invocations=23 (full 4):
 PSYoungGen      total 847872K, used 51028K [0x000000076c380000, 0x00000007ade00000, 0x00000007c0000000)
  eden space 751104K, 0% used [0x000000076c380000,0x000000076c380000,0x000000079a100000)
  from space 96768K, 52% used [0x000000079a100000,0x000000079d2d5288,0x000000079ff80000)
  to   space 94720K, 0% used [0x00000007a8180000,0x00000007a8180000,0x00000007ade00000)
 ParOldGen       total 423424K, used 193570K [0x00000006c4a00000, 0x00000006de780000, 0x000000076c380000)
  object space 423424K, 45% used [0x00000006c4a00000,0x00000006d0708be0,0x00000006de780000)
 Metaspace       used 69065K, capacity 70083K, committed 70488K, reserved 1110016K
  class space    used 10023K, capacity 10335K, committed 10368K, reserved 1048576K
}

Deoptimization events (10 events):
Event: 10.475 Thread 0x00000272737cb800 Uncommon trap: reason=class_check action=maybe_recompile pc=0x000002720158b55c method=com.google.common.collect.Lists.newArrayList(Ljava/lang/Iterable;)Ljava/util/ArrayList; @ 27
Event: 10.493 Thread 0x00000272737cb800 Uncommon trap: reason=class_check action=maybe_recompile pc=0x000002720158b55c method=com.google.common.collect.Lists.newArrayList(Ljava/lang/Iterable;)Ljava/util/ArrayList; @ 27
Event: 10.508 Thread 0x00000272737cb800 Uncommon trap: reason=unstable_if action=reinterpret pc=0x00000272009eeae0 method=java.util.WeakHashMap.remove(Ljava/lang/Object;)Ljava/lang/Object; @ 94
Event: 10.523 Thread 0x00000272737cb800 Uncommon trap: reason=class_check action=maybe_recompile pc=0x00000272005d0434 method=java.util.HashMap.removeNode(ILjava/lang/Object;Ljava/lang/Object;ZZ)Ljava/util/HashMap$Node; @ 68
Event: 10.523 Thread 0x00000272737cb800 Uncommon trap: reason=unstable_if action=reinterpret pc=0x00000272002c0ee0 method=net.minecraft.block.properties.PropertyHelper.equals(Ljava/lang/Object;)Z @ 44
Event: 10.523 Thread 0x00000272737cb800 Uncommon trap: reason=class_check action=maybe_recompile pc=0x0000027200f4302c method=java.util.AbstractMap.equals(Ljava/lang/Object;)Z @ 8
Event: 10.523 Thread 0x00000272737cb800 Uncommon trap: reason=class_check action=maybe_recompile pc=0x00000272005d0434 method=java.util.HashMap.removeNode(ILjava/lang/Object;Ljava/lang/Object;ZZ)Ljava/util/HashMap$Node; @ 68
Event: 10.523 Thread 0x00000272737cb800 Uncommon trap: reason=class_check action=maybe_recompile pc=0x0000027200f4302c method=java.util.AbstractMap.equals(Ljava/lang/Object;)Z @ 8
Event: 10.523 Thread 0x00000272737cb800 Uncommon trap: reason=class_check action=maybe_recompile pc=0x0000027200f4302c method=java.util.AbstractMap.equals(Ljava/lang/Object;)Z @ 8
Event: 10.523 Thread 0x00000272737cb800 Uncommon trap: reason=class_check action=maybe_recompile pc=0x0000027200f4302c method=java.util.AbstractMap.equals(Ljava/lang/Object;)Z @ 8

Classes redefined (0 events):
No events

Internal exceptions (10 events):
Event: 10.541 Thread 0x00000272737cb800 Exception <a 'java/io/IOException'> (0x00000007825c1288) thrown at [C:\workspace\openjdk-build\workspace\build\src\hotspot\src\share\vm\prims\jni.cpp, line 712]
Event: 10.542 Thread 0x00000272737cb800 Exception <a 'java/io/IOException'> (0x00000007825d3498) thrown at [C:\workspace\openjdk-build\workspace\build\src\hotspot\src\share\vm\prims\jni.cpp, line 712]
Event: 10.543 Thread 0x00000272737cb800 Exception <a 'java/io/IOException'> (0x00000007826368c8) thrown at [C:\workspace\openjdk-build\workspace\build\src\hotspot\src\share\vm\prims\jni.cpp, line 712]
Event: 10.543 Thread 0x00000272737cb800 Exception <a 'java/io/IOException'> (0x0000000782648db8) thrown at [C:\workspace\openjdk-build\workspace\build\src\hotspot\src\share\vm\prims\jni.cpp, line 712]
Event: 10.544 Thread 0x00000272737cb800 Exception <a 'java/io/IOException'> (0x00000007826ac758) thrown at [C:\workspace\openjdk-build\workspace\build\src\hotspot\src\share\vm\prims\jni.cpp, line 712]
Event: 10.545 Thread 0x00000272737cb800 Exception <a 'java/io/IOException'> (0x00000007826be610) thrown at [C:\workspace\openjdk-build\workspace\build\src\hotspot\src\share\vm\prims\jni.cpp, line 712]
Event: 10.546 Thread 0x00000272737cb800 Exception <a 'java/io/IOException'> (0x0000000782721000) thrown at [C:\workspace\openjdk-build\workspace\build\src\hotspot\src\share\vm\prims\jni.cpp, line 712]
Event: 10.546 Thread 0x00000272737cb800 Exception <a 'java/io/IOException'> (0x0000000782733588) thrown at [C:\workspace\openjdk-build\workspace\build\src\hotspot\src\share\vm\prims\jni.cpp, line 712]
Event: 10.548 Thread 0x00000272737cb800 Exception <a 'java/io/IOException'> (0x00000007827975d0) thrown at [C:\workspace\openjdk-build\workspace\build\src\hotspot\src\share\vm\prims\jni.cpp, line 712]
Event: 10.548 Thread 0x00000272737cb800 Exception <a 'java/io/IOException'> (0x00000007827a97e0) thrown at [C:\workspace\openjdk-build\workspace\build\src\hotspot\src\share\vm\prims\jni.cpp, line 712]

Events (10 events):
Event: 10.547 Thread 0x0000027210659800 flushing nmethod 0x0000027200c5ae10
Event: 10.547 Thread 0x0000027210659800 flushing nmethod 0x0000027200c7f950
Event: 10.548 loading class org/lwjgl/openal/ALCdevice
Event: 10.548 loading class org/lwjgl/openal/ALCdevice done
Event: 10.548 loading class org/lwjgl/openal/ALCcontext
Event: 10.548 loading class org/lwjgl/openal/ALCcontext done
Event: 10.548 loading class org/lwjgl/openal/Util
Event: 10.548 loading class org/lwjgl/openal/Util done
Event: 10.548 loading class org/lwjgl/openal/OpenALException
Event: 10.548 loading class org/lwjgl/openal/OpenALException done


Dynamic libraries:
0x00007ff6498b0000 - 0x00007ff649901000 	D:\java\jdk8u412-b08\bin\java.exe
0x00007ffa34790000 - 0x00007ffa34988000 	C:\Windows\SYSTEM32\ntdll.dll
0x00007ffa32850000 - 0x00007ffa32912000 	C:\Windows\System32\KERNEL32.DLL
0x00007ffa31e30000 - 0x00007ffa3212f000 	C:\Windows\System32\KERNELBASE.dll
0x00007ffa32ed0000 - 0x00007ffa32f7f000 	C:\Windows\System32\ADVAPI32.dll
0x00007ffa327b0000 - 0x00007ffa3284e000 	C:\Windows\System32\msvcrt.dll
0x00007ffa32e30000 - 0x00007ffa32ecf000 	C:\Windows\System32\sechost.dll
0x00007ffa33960000 - 0x00007ffa33a83000 	C:\Windows\System32\RPCRT4.dll
0x00007ffa32130000 - 0x00007ffa32157000 	C:\Windows\System32\bcrypt.dll
0x00007ffa34180000 - 0x00007ffa3431d000 	C:\Windows\System32\USER32.dll
0x00007ffa32220000 - 0x00007ffa32242000 	C:\Windows\System32\win32u.dll
0x00007ffa33930000 - 0x00007ffa3395b000 	C:\Windows\System32\GDI32.dll
0x00007ffa32250000 - 0x00007ffa3236a000 	C:\Windows\System32\gdi32full.dll
0x00007ffa32370000 - 0x00007ffa3240d000 	C:\Windows\System32\msvcp_win.dll
0x00007ffa32410000 - 0x00007ffa32510000 	C:\Windows\System32\ucrtbase.dll
0x00007ffa0bac0000 - 0x00007ffa0bd5a000 	C:\Windows\WinSxS\amd64_microsoft.windows.common-controls_6595b64144ccf1df_6.0.19041.4355_none_60b8b9eb71f62e16\COMCTL32.dll
0x00007ffa33de0000 - 0x00007ffa33e0f000 	C:\Windows\System32\IMM32.DLL
0x00007ffa28620000 - 0x00007ffa28635000 	D:\java\jdk8u412-b08\jre\bin\vcruntime140.dll
0x00007ffa06970000 - 0x00007ffa06a0b000 	D:\java\jdk8u412-b08\jre\bin\msvcp140.dll
0x0000000064f90000 - 0x00000000657e9000 	D:\java\jdk8u412-b08\jre\bin\server\jvm.dll
0x00007ffa32920000 - 0x00007ffa32928000 	C:\Windows\System32\PSAPI.DLL
0x00007ffa28f50000 - 0x00007ffa28f77000 	C:\Windows\SYSTEM32\WINMM.dll
0x00007ffa27100000 - 0x00007ffa2710a000 	C:\Windows\SYSTEM32\VERSION.dll
0x00007ffa2bf40000 - 0x00007ffa2bf49000 	C:\Windows\SYSTEM32\WSOCK32.dll
0x00007ffa33b40000 - 0x00007ffa33bab000 	C:\Windows\System32\WS2_32.dll
0x00007ffa30650000 - 0x00007ffa30662000 	C:\Windows\SYSTEM32\kernel.appcore.dll
0x00007ffa2bf30000 - 0x00007ffa2bf40000 	D:\java\jdk8u412-b08\jre\bin\verify.dll
0x00007ffa28660000 - 0x00007ffa2868b000 	D:\java\jdk8u412-b08\jre\bin\java.dll
0x00007ffa28430000 - 0x00007ffa28448000 	D:\java\jdk8u412-b08\jre\bin\zip.dll
0x00007ffa32f80000 - 0x00007ffa336ed000 	C:\Windows\System32\SHELL32.dll
0x00007ffa2fe90000 - 0x00007ffa30634000 	C:\Windows\SYSTEM32\windows.storage.dll
0x00007ffa343f0000 - 0x00007ffa34745000 	C:\Windows\System32\combase.dll
0x00007ffa31860000 - 0x00007ffa3188b000 	C:\Windows\SYSTEM32\Wldp.dll
0x00007ffa34320000 - 0x00007ffa343ed000 	C:\Windows\System32\OLEAUT32.dll
0x00007ffa336f0000 - 0x00007ffa3379d000 	C:\Windows\System32\SHCORE.dll
0x00007ffa338d0000 - 0x00007ffa33925000 	C:\Windows\System32\shlwapi.dll
0x00007ffa31d60000 - 0x00007ffa31d85000 	C:\Windows\SYSTEM32\profapi.dll
0x00007ffa2bbe0000 - 0x00007ffa2bbed000 	D:\java\jdk8u412-b08\jre\bin\management.dll
0x00007ffa28410000 - 0x00007ffa2842c000 	D:\java\jdk8u412-b08\jre\bin\net.dll
0x00007ffa315c0000 - 0x00007ffa3162c000 	C:\Windows\system32\mswsock.dll
0x00007ff9e3b00000 - 0x00007ff9e3b17000 	C:\Windows\system32\napinsp.dll
0x00007ff9e3ae0000 - 0x00007ff9e3afb000 	C:\Windows\system32\pnrpnsp.dll
0x00007ffa19d40000 - 0x00007ffa19d55000 	C:\Windows\system32\wshbth.dll
0x00007ffa29990000 - 0x00007ffa299ad000 	C:\Windows\system32\NLAapi.dll
0x00007ffa31250000 - 0x00007ffa3128b000 	C:\Windows\SYSTEM32\IPHLPAPI.DLL
0x00007ffa31290000 - 0x00007ffa3135a000 	C:\Windows\SYSTEM32\DNSAPI.dll
0x00007ffa33e10000 - 0x00007ffa33e18000 	C:\Windows\System32\NSI.dll
0x00007ff9e3ac0000 - 0x00007ff9e3ad2000 	C:\Windows\System32\winrnr.dll
0x00007ffa23da0000 - 0x00007ffa23daa000 	C:\Windows\System32\rasadhlp.dll
0x00007ffa23ff0000 - 0x00007ffa24070000 	C:\Windows\System32\fwpuclnt.dll
0x00007ffa264a0000 - 0x00007ffa264b3000 	D:\java\jdk8u412-b08\jre\bin\nio.dll
0x00007ffa10aa0000 - 0x00007ffa10ac4000 	D:\java\jdk8u412-b08\jre\bin\sunec.dll
0x00007ffa317b0000 - 0x00007ffa317c8000 	C:\Windows\SYSTEM32\CRYPTSP.dll
0x00007ffa30e70000 - 0x00007ffa30ea8000 	C:\Windows\system32\rsaenh.dll
0x00007ffa31d20000 - 0x00007ffa31d4e000 	C:\Windows\SYSTEM32\USERENV.dll
0x00007ffa32720000 - 0x00007ffa327a2000 	C:\Windows\System32\bcryptprimitives.dll
0x00007ffa317d0000 - 0x00007ffa317dc000 	C:\Windows\SYSTEM32\CRYPTBASE.dll
0x00007ffa28eb0000 - 0x00007ffa28ec7000 	C:\Windows\SYSTEM32\dhcpcsvc6.DLL
0x00007ffa296f0000 - 0x00007ffa2970d000 	C:\Windows\SYSTEM32\dhcpcsvc.DLL
0x0000000180000000 - 0x0000000180053000 	C:\Users\home\.gradle\caches\minecraft\net\minecraft\natives\1.12.2\lwjgl64.dll
0x00007ff9f2230000 - 0x00007ff9f2358000 	C:\Windows\SYSTEM32\OPENGL32.dll
0x00007ffa28900000 - 0x00007ffa2892c000 	C:\Windows\SYSTEM32\GLU32.dll
0x00007ff9ecc60000 - 0x00007ff9ecdf4000 	D:\java\jdk8u412-b08\jre\bin\awt.dll
0x00007ffa2b860000 - 0x00007ffa2b8f4000 	C:\Windows\SYSTEM32\apphelp.dll
0x00007ffa2c180000 - 0x00007ffa2c22e000 	C:\Windows\SYSTEM32\mscms.dll
0x00007ffa2bf50000 - 0x00007ffa2bf61000 	C:\Windows\SYSTEM32\ColorAdapterClient.dll
0x00007ffa33a90000 - 0x00007ffa33b39000 	C:\Windows\System32\clbcatq.dll
0x00007ffa1a8a0000 - 0x00007ffa1a8e3000 	C:\Windows\System32\Windows.Internal.Graphics.Display.DisplayColorManagement.dll
0x00007ffa321d0000 - 0x00007ffa3221e000 	C:\Windows\System32\cfgmgr32.dll
0x00007ffa2cc40000 - 0x00007ffa2ccde000 	C:\Windows\system32\uxtheme.dll
0x00007ffa33c10000 - 0x00007ffa33d25000 	C:\Windows\System32\MSCTF.dll
0x00007ffa1c100000 - 0x00007ffa1c1f9000 	C:\Windows\SYSTEM32\textinputframework.dll
0x00007ffa2b310000 - 0x00007ffa2b402000 	C:\Windows\System32\CoreMessaging.dll
0x00007ffa2ac30000 - 0x00007ffa2af8b000 	C:\Windows\System32\CoreUIComponents.dll
0x00007ffa2bf70000 - 0x00007ffa2c0c7000 	C:\Windows\SYSTEM32\wintypes.dll
0x00007ffa310c0000 - 0x00007ffa310f3000 	C:\Windows\SYSTEM32\ntmarta.dll
0x00007ffa27f30000 - 0x00007ffa28034000 	C:\Windows\System32\AppXDeploymentClient.dll
0x00007ff99d240000 - 0x00007ff9a14d2000 	C:\Windows\System32\DriverStore\FileRepository\nvcvegpu.inf_amd64_eb9dc1fcdc94bb69\nvoglv64.dll
0x00007ffa329b0000 - 0x00007ffa32e21000 	C:\Windows\System32\SETUPAPI.dll
0x00007ffa337a0000 - 0x00007ffa338cb000 	C:\Windows\System32\ole32.dll
0x00007ffa2b740000 - 0x00007ffa2b754000 	C:\Windows\SYSTEM32\WTSAPI32.dll
0x00007ffa319f0000 - 0x00007ffa31a02000 	C:\Windows\SYSTEM32\msasn1.dll
0x00007ffa270c0000 - 0x00007ffa270f1000 	C:\Windows\SYSTEM32\cryptnet.dll
0x00007ffa325c0000 - 0x00007ffa3271c000 	C:\Windows\System32\CRYPT32.dll
0x00007ffa26df0000 - 0x00007ffa26f37000 	C:\Windows\SYSTEM32\drvstore.dll
0x00007ffa31bc0000 - 0x00007ffa31bf3000 	C:\Windows\SYSTEM32\devobj.dll
0x00007ffa32160000 - 0x00007ffa321c8000 	C:\Windows\System32\WINTRUST.dll
0x00007ffa1a010000 - 0x00007ffa1a04b000 	C:\Windows\SYSTEM32\dxcore.dll
0x00007ffa2f410000 - 0x00007ffa2f43f000 	C:\Windows\SYSTEM32\dwmapi.dll
0x00007ffa0d0c0000 - 0x00007ffa0d105000 	C:\Windows\SYSTEM32\icm32.dll
0x00007ffa313c0000 - 0x00007ffa3140b000 	C:\Windows\SYSTEM32\powrprof.dll
0x00007ffa31230000 - 0x00007ffa31242000 	C:\Windows\SYSTEM32\UMPDC.dll
0x00007ffa30af0000 - 0x00007ffa30b4b000 	C:\Windows\SYSTEM32\WINSTA.dll
0x00007ffa306c0000 - 0x00007ffa307b6000 	C:\Windows\system32\dxgi.dll
0x00007ffa2a120000 - 0x00007ffa2a383000 	C:\Windows\system32\d3d11.dll
0x00007ff9fa650000 - 0x00007ff9fa70c000 	C:\Windows\System32\DriverStore\FileRepository\nvcvegpu.inf_amd64_eb9dc1fcdc94bb69\nvldumdx.dll
0x00007ffa33dc0000 - 0x00007ffa33ddd000 	C:\Windows\System32\imagehlp.dll
0x00007ff9f2fa0000 - 0x00007ff9f8e60000 	C:\Windows\System32\DriverStore\FileRepository\nvcvegpu.inf_amd64_eb9dc1fcdc94bb69\nvwgf2umx.dll
0x00007ffa05530000 - 0x00007ffa05c67000 	C:\Windows\System32\DriverStore\FileRepository\nvcvegpu.inf_amd64_eb9dc1fcdc94bb69\Display.NvContainer\MessageBus.dll
0x00007ffa24d00000 - 0x00007ffa254a0000 	C:\Windows\SYSTEM32\nvapi64.dll
0x00007ffa19880000 - 0x00007ffa19caa000 	C:\Windows\System32\DriverStore\FileRepository\iigd_dch.inf_amd64_97c7cec5062067ac\igd10iumd64.dll
0x00007ffa18050000 - 0x00007ffa196bf000 	C:\Windows\System32\DriverStore\FileRepository\iigd_dch.inf_amd64_97c7cec5062067ac\igd10um64xe.DLL
0x00007ffa19dc0000 - 0x00007ffa19e5c000 	C:\Windows\System32\DriverStore\FileRepository\iigd_dch.inf_amd64_97c7cec5062067ac\IntelControlLib.dll
0x00007ffa177e0000 - 0x00007ffa17c1f000 	C:\Windows\System32\DriverStore\FileRepository\iigd_dch.inf_amd64_97c7cec5062067ac\igdgmm64.dll
0x00007ffa19d90000 - 0x00007ffa19db4000 	C:\Windows\System32\DriverStore\FileRepository\iigd_dch.inf_amd64_97c7cec5062067ac\igc64.dll
0x00007ffa13070000 - 0x00007ffa177db000 	C:\Windows\System32\DriverStore\FileRepository\iigd_dch.inf_amd64_97c7cec5062067ac\igc1464.dll
0x00007ffa2a990000 - 0x00007ffa2ab74000 	C:\Windows\SYSTEM32\dcomp.dll
0x00007ffa0b010000 - 0x00007ffa0b052000 	C:\Users\home\AppData\Local\Temp\jna-3208415\jna6476993054332423950.dll
0x00007ffa2b4f0000 - 0x00007ffa2b4fe000 	D:\java\jdk8u412-b08\jre\bin\sunmscapi.dll
0x00007ffa318d0000 - 0x00007ffa318f7000 	C:\Windows\SYSTEM32\ncrypt.dll
0x00007ffa31890000 - 0x00007ffa318cb000 	C:\Windows\SYSTEM32\NTASN1.dll
0x000002721f740000 - 0x000002721f7a4000 	C:\Users\home\.gradle\caches\minecraft\net\minecraft\natives\1.12.2\OpenAL64.dll
0x00007ffa29590000 - 0x00007ffa29619000 	C:\Windows\System32\MMDevApi.dll
0x00007ffa07f40000 - 0x00007ffa07fdc000 	C:\Windows\SYSTEM32\dsound.dll
0x00007ffa127a0000 - 0x00007ffa127c6000 	C:\Windows\SYSTEM32\winmmbase.dll
0x00007ffa29710000 - 0x00007ffa29891000 	C:\Windows\SYSTEM32\AUDIOSES.DLL
0x00007ffa2fa80000 - 0x00007ffa2fc64000 	C:\Windows\SYSTEM32\dbghelp.dll

VM Arguments:
jvm_args: -Dfile.encoding=windows-1251 -Duser.country=UA -Duser.language=uk -Duser.variant 
java_command: GradleStart
java_class_path (initial): C:\jaba\libs\Baubles-1.12-1.5.2-api.jar;C:\jaba\libs\Thaumcraft-1.12.2-6.1.BETA26.jar;C:\Users\home\.gradle\caches\minecraft\deobfedDeps\compileDummy.jar;C:\Users\home\.gradle\caches\minecraft\deobfedDeps\providedDummy.jar;C:\Users\home\.gradle\caches\modules-2\files-2.1\mezz.jei\jei_1.12.2\4.15.0.268\1fd0269994b2721ba110a64d8c0129448f1b985\jei_1.12.2-4.15.0.268.jar;C:\jaba\.gradle\minecraft\forgeBin-1.12.2-14.23.5.2820-PROJECT(jaba).jar;C:\Users\home\.gradle\caches\modules-2\files-2.1\com.google.code.findbugs\jsr305\3.0.1\f7be08ec23c21485b9b5a1cf1654c2ec8c58168d\jsr305-3.0.1.jar;C:\Users\home\.gradle\caches\modules-2\files-2.1\com.mojang\patchy\1.3.9\eb8bb7b66fa0e2152b1b40b3856e82f7619439ee\patchy-1.3.9.jar;C:\Users\home\.gradle\caches\modules-2\files-2.1\oshi-project\oshi-core\1.1\9ddf7b048a8d701be231c0f4f95fd986198fd2d8\oshi-core-1.1.jar;C:\Users\home\.gradle\caches\modules-2\files-2.1\net.java.dev.jna\jna\4.4.0\cb208278274bf12ebdb56c61bd7407e6f774d65a\jna-4.4.0.jar;C:\Users\home\.gradle\caches\modules-2\files-2.1\net.java.dev.jna\platform\3.4.0\e3f70017be8100d3d6923f50b3d2ee17714e9c13\platform-3.4.0.jar;C:\Users\home\.gradle\caches\modules-2\files-2.1\com.ibm.icu\icu4j-core-mojang\51.2\63d216a9311cca6be337c1e458e587f99d382b84\icu4j-core-mojang-51.2.jar;C:\Users\home\.gradle\caches\modules-2\files-2.1\net.sf.jopt-simple\jopt-simple\5.0.3\cdd846cfc4e0f7eefafc02c0f5dce32b9303aa2a\jopt-simple-5.0.3.jar;C:\Users\home\.gradle\caches\modules-2\files-2.1\io.netty\netty-all\4.1.9.Final\97860965d6a0a6b98e7f569f3f966727b8db75\netty-all-4.1.9.Final.jar;C:\Users\home\.gradle\caches\modules-2\files-2.1\com.google.guava\guava\21.0\3a3d111be1be1b745edfa7d91678a12d7ed38709\guava-21.0.jar;C:\Users\home\.gradle\caches\modules-2\files-2.1\org.apache.commons\commons-lang3\3.5\6c6c702c89bfff3cd9e80b04d668c5e190d588c6\commons-lang3-3.5.jar;C:\Users\home\.gradle\caches\modules-2\files-2.1\commons-io\commons-io\2.5\2852e6e05fbb95076fc091f6d1780f1f8fe35e0f\co
Launcher Type: SUN_STANDARD

Environment Variables:
JAVA_HOME=D:\java\jdk8u412-b08
CLASSPATH=C:\jaba\\gradle\wrapper\gradle-wrapper.jar
PATH=D:\java\jdk8u412-b08\bin;C:\Windows\system32;C:\Windows;C:\Windows\System32\Wbem;C:\Windows\System32\WindowsPowerShell\v1.0\;C:\Windows\System32\OpenSSH\;C:\Program Files\Git\cmd;C:\Users\home\AppData\Local\Programs\Python\Python313\Scripts\;C:\Users\home\AppData\Local\Programs\Python\Python313\;C:\Users\home\AppData\Local\Microsoft\WindowsApps;C:\Users\home\AppData\Local\Programs\Microsoft VS Code\bin
USERNAME=home
OS=Windows_NT
PROCESSOR_IDENTIFIER=Intel64 Family 6 Model 183 Stepping 1, GenuineIntel



---------------  S Y S T E M  ---------------

OS: Windows 10 , 64 bit Build 19041 (10.0.19041.5438)

CPU:total 20 (initial active 20) (10 cores per cpu, 2 threads per core) family 6 model 183 stepping 1, cmov, cx8, fxsr, mmx, sse, sse2, sse3, ssse3, sse4.1, sse4.2, popcnt, avx, avx2, aes, clmul, erms, 3dnowpref, lzcnt, ht, tsc, tscinvbit, bmi1, bmi2, adx

Memory: 4k page, physical 16473976k(5682976k free), swap 24824376k(3954144k free)

vm_info: OpenJDK 64-Bit Server VM (25.412-b08) for windows-amd64 JRE (1.8.0_412-b08), built on Apr 17 2024 02:10:30 by "jenkins" with MS VC++ 15.9 (VS2017)

time: Fri Apr  4 11:54:44 2025
timezone: Intel64 Family 6 Model 183 Stepping 1, GenuineIntel
elapsed time: 11.030177 seconds (0d 0h 0m 11s)

