#
# A fatal error has been detected by the Java Runtime Environment:
#
#  EXCEPTION_ACCESS_VIOLATION (0xc0000005) at pc=0x000002b7e3561066, pid=18652, tid=0x0000000000004818
#
# JRE version: OpenJDK Runtime Environment (8.0_412-b08) (build 1.8.0_412-b08)
# Java VM: OpenJDK 64-Bit Server VM (25.412-b08 mixed mode windows-amd64 compressed oops)
# Problematic frame:
# C  [OpenAL64.dll+0x11066]
#
# Failed to write core dump. Minidumps are not enabled by default on client versions of Windows
#
# If you would like to submit a bug report, please visit:
#   https://github.com/adoptium/adoptium-support/issues
# The crash happened outside the Java Virtual Machine in native code.
# See problematic frame for where to report the bug.
#

---------------  T H R E A D  ---------------

Current thread (0x000002b7d0de3800):  JavaThread "Thread-6" [_thread_in_native, id=18456, stack(0x000000f73ee00000,0x000000f73ef00000)]

siginfo: ExceptionCode=0xc0000005, reading address 0x000002b7d19ef004

Registers:
RAX=0x0000000000020003, RBX=0x000002b7e9390090, RCX=0x000002b7d19ef008, RDX=0x000002b7d19ef004
RSP=0x000000f73eefee50, RBP=0x00000000000000ff, RSI=0x000002b7d19e888c, RDI=0x0000000000000000
R8 =0x00000000000019de, R9 =0x000002b7d19e888c, R10=0x000002b7b04c9c62, R11=0x0000000061a88f10
R12=0x0000000000000001, R13=0x000002b7f047c120, R14=0x000000f73eefefe8, R15=0x000002b7d0de3800
RIP=0x000002b7e3561066, EFLAGS=0x0000000000010202

Top of Stack: (sp=0x000000f73eefee50)
0x000000f73eefee50:   0000000000000000 000002b7d0de3800
0x000000f73eefee60:   000000f73eefefe8 000002b7f047c120
0x000000f73eefee70:   000002b7f047c120 0000000000000000
0x000000f73eefee80:   000002b7d0de3800 0000000000000000
0x000000f73eefee90:   000000f73eefefb0 000000006191f14b
0x000000f73eefeea0:   000000f73eefeed0 000002b7b050b35a
0x000000f73eefeeb0:   000002b7d311c0e0 000002b7cff5a6e0
0x000000f73eefeec0:   000002b7d0de3800 000000f73eefefe8
0x000000f73eefeed0:   000002b7f047c120 0000000000000000
0x000000f73eefeee0:   000002b7d19e888c 00000006c4a85dc0
0x000000f73eefeef0:   000000f73eefefb0 000002b7e356248f
0x000000f73eefef00:   000002b7e9390090 000002b7e9390090
0x000000f73eefef10:   000002b70000ac44 000002b700020003
0x000000f73eefef20:   0000000000000010 000002b7b04c9c8e
0x000000f73eefef30:   000002b7f047c120 000002b7b04c9985
0x000000f73eefef40:   000002b7f047c120 000000f73eefefb0 

Instructions: (pc=0x000002b7e3561066)
0x000002b7e3561046:   41 2b ec 81 3a 03 00 02 00 75 09 8b 01 89 84 24
0x000002b7e3561056:   c8 00 00 00 49 83 c0 02 48 83 c1 08 4a 8d 14 86
0x000002b7e3561066:   39 3a 75 af 4c 8d 84 24 c0 00 00 00 48 8d 15 d7
0x000002b7e3561076:   2b 03 00 33 c9 e8 58 5f 00 00 b8 40 1f 00 00 4c 


Register to memory mapping:

RAX=0x0000000000020003 is an unknown value
RBX=0x000002b7e9390090 is an unknown value
RCX=0x000002b7d19ef008 is an unknown value
RDX=0x000002b7d19ef004 is an unknown value
RSP=0x000000f73eefee50 is pointing into the stack for thread: 0x000002b7d0de3800
RBP=0x00000000000000ff is an unknown value
RSI=0x000002b7d19e888c is an unknown value
RDI=0x0000000000000000 is an unknown value
R8 =0x00000000000019de is an unknown value
R9 =0x000002b7d19e888c is an unknown value
R10=0x000002b7b04c9c62 is at code_begin+962 in an Interpreter codelet
method entry point (kind = native)  [0x000002b7b04c98a0, 0x000002b7b04ca340]  2720 bytes
R11=0x0000000061a88f10 is an unknown value
R12=0x0000000000000001 is an unknown value
R13={method} {0x000002b7f047c128} 'nalcCreateContext' '(JJ)J' in 'org/lwjgl/openal/ALC10'
R14=0x000000f73eefefe8 is pointing into the stack for thread: 0x000002b7d0de3800
R15=0x000002b7d0de3800 is a thread


Stack: [0x000000f73ee00000,0x000000f73ef00000],  sp=0x000000f73eefee50,  free space=1019k
Native frames: (J=compiled Java code, j=interpreted, Vv=VM code, C=native code)
C  [OpenAL64.dll+0x11066]
C  [OpenAL64.dll+0x1248f]
C  0x000002b7b04c9c8e

Java frames: (J=compiled Java code, j=interpreted, Vv=VM code)
j  org.lwjgl.openal.ALC10.nalcCreateContext(JJ)J+0
j  org.lwjgl.openal.ALC10.alcCreateContext(Lorg/lwjgl/openal/ALCdevice;Ljava/nio/IntBuffer;)Lorg/lwjgl/openal/ALCcontext;+8
j  org.lwjgl.openal.AL.init(Ljava/lang/String;IIZZ)V+69
j  org.lwjgl.openal.AL.create(Ljava/lang/String;IIZZ)V+246
j  org.lwjgl.openal.AL.create(Ljava/lang/String;IIZ)V+5
j  org.lwjgl.openal.AL.create()V+6
j  paulscode.sound.libraries.LibraryLWJGLOpenAL.init()V+2
j  paulscode.sound.SoundSystem.CommandNewLibrary(Ljava/lang/Class;)V+273
j  paulscode.sound.SoundSystem.CommandQueue(Lpaulscode/sound/CommandObject;)Z+1206
j  paulscode.sound.CommandThread.run()V+51
v  ~StubRoutines::call_stub

---------------  P R O C E S S  ---------------

Java Threads: ( => current thread )
  0x000002b7d0de7800 JavaThread "Thread-7" [_thread_blocked, id=17584, stack(0x000000f73f200000,0x000000f73f300000)]
=>0x000002b7d0de3800 JavaThread "Thread-6" [_thread_in_native, id=18456, stack(0x000000f73ee00000,0x000000f73ef00000)]
  0x000002b7d0de6800 JavaThread "Sound Library Loader" [_thread_blocked, id=16048, stack(0x000000f73ec00000,0x000000f73ed00000)]
  0x000002b7d0de2800 JavaThread "ForkJoinPool.commonPool-worker-27" daemon [_thread_blocked, id=2480, stack(0x000000f73ef00000,0x000000f73f000000)]
  0x000002b7d0de4800 JavaThread "ForkJoinPool.commonPool-worker-9" daemon [_thread_blocked, id=15856, stack(0x000000f73ed00000,0x000000f73ee00000)]
  0x000002b7d0de2000 JavaThread "ForkJoinPool.commonPool-worker-23" daemon [_thread_blocked, id=13412, stack(0x000000f73eb00000,0x000000f73ec00000)]
  0x000002b7d0de6000 JavaThread "ForkJoinPool.commonPool-worker-30" daemon [_thread_blocked, id=2212, stack(0x000000f73ea00000,0x000000f73eb00000)]
  0x000002b7d0ddf800 JavaThread "ForkJoinPool.commonPool-worker-5" daemon [_thread_blocked, id=416, stack(0x000000f73e900000,0x000000f73ea00000)]
  0x000002b7d0dde000 JavaThread "ForkJoinPool.commonPool-worker-12" daemon [_thread_blocked, id=10416, stack(0x000000f73e800000,0x000000f73e900000)]
  0x000002b7d0ddd800 JavaThread "ForkJoinPool.commonPool-worker-19" daemon [_thread_blocked, id=10052, stack(0x000000f73e700000,0x000000f73e800000)]
  0x000002b7d0de0800 JavaThread "ForkJoinPool.commonPool-worker-26" daemon [_thread_blocked, id=8592, stack(0x000000f73e600000,0x000000f73e700000)]
  0x000002b7cdec1800 JavaThread "ForkJoinPool.commonPool-worker-1" daemon [_thread_blocked, id=9956, stack(0x000000f73e500000,0x000000f73e600000)]
  0x000002b7cdebd800 JavaThread "ForkJoinPool.commonPool-worker-8" daemon [_thread_blocked, id=9980, stack(0x000000f73e400000,0x000000f73e500000)]
  0x000002b7cdec0000 JavaThread "ForkJoinPool.commonPool-worker-15" daemon [_thread_blocked, id=4460, stack(0x000000f73e300000,0x000000f73e400000)]
  0x000002b7cdec2000 JavaThread "ForkJoinPool.commonPool-worker-22" daemon [_thread_blocked, id=14604, stack(0x000000f73e200000,0x000000f73e300000)]
  0x000002b7cdec0800 JavaThread "ForkJoinPool.commonPool-worker-29" daemon [_thread_blocked, id=18972, stack(0x000000f73e100000,0x000000f73e200000)]
  0x000002b7cdebe800 JavaThread "ForkJoinPool.commonPool-worker-4" daemon [_thread_blocked, id=10392, stack(0x000000f73e000000,0x000000f73e100000)]
  0x000002b7cdebf000 JavaThread "ForkJoinPool.commonPool-worker-11" daemon [_thread_blocked, id=4624, stack(0x000000f73df00000,0x000000f73e000000)]
  0x000002b7cdeb5800 JavaThread "ForkJoinPool.commonPool-worker-18" daemon [_thread_blocked, id=17416, stack(0x000000f73de00000,0x000000f73df00000)]
  0x000002b7cdebc000 JavaThread "ForkJoinPool.commonPool-worker-25" daemon [_thread_blocked, id=5676, stack(0x000000f73dd00000,0x000000f73de00000)]
  0x000002b7ce4c2800 JavaThread "LWJGL Timer" daemon [_thread_blocked, id=12068, stack(0x000000f73dc00000,0x000000f73dd00000)]
  0x000002b7cd780800 JavaThread "Java2D Disposer" daemon [_thread_blocked, id=14952, stack(0x000000f73db00000,0x000000f73dc00000)]
  0x000002b7d13bd000 JavaThread "Thread-4" [_thread_blocked, id=3524, stack(0x000000f73d900000,0x000000f73da00000)]
  0x000002b7cd3b1000 JavaThread "Timer hack thread" daemon [_thread_blocked, id=11224, stack(0x000000f73cb00000,0x000000f73cc00000)]
  0x000002b7d4820800 JavaThread "Snooper Timer" daemon [_thread_blocked, id=8576, stack(0x000000f73ca00000,0x000000f73cb00000)]
  0x000002b7cbae8800 JavaThread "Thread-1" [_thread_blocked, id=9748, stack(0x000000f73c900000,0x000000f73ca00000)]
  0x000002b7cb8cf000 JavaThread "Service Thread" daemon [_thread_blocked, id=18164, stack(0x000000f73c700000,0x000000f73c800000)]
  0x000002b7cb7ef800 JavaThread "C1 CompilerThread11" daemon [_thread_blocked, id=4628, stack(0x000000f73c600000,0x000000f73c700000)]
  0x000002b7cb7ea800 JavaThread "C1 CompilerThread10" daemon [_thread_blocked, id=15500, stack(0x000000f73c500000,0x000000f73c600000)]
  0x000002b7cb7ee800 JavaThread "C1 CompilerThread9" daemon [_thread_blocked, id=7432, stack(0x000000f73c400000,0x000000f73c500000)]
  0x000002b7cb7ed000 JavaThread "C1 CompilerThread8" daemon [_thread_blocked, id=15704, stack(0x000000f73c300000,0x000000f73c400000)]
  0x000002b7cb7ec000 JavaThread "C2 CompilerThread7" daemon [_thread_blocked, id=15956, stack(0x000000f73c200000,0x000000f73c300000)]
  0x000002b7cb7eb800 JavaThread "C2 CompilerThread6" daemon [_thread_blocked, id=14340, stack(0x000000f73c100000,0x000000f73c200000)]
  0x000002b7cb7ee000 JavaThread "C2 CompilerThread5" daemon [_thread_blocked, id=17484, stack(0x000000f73c000000,0x000000f73c100000)]
  0x000002b7cb7e8800 JavaThread "C2 CompilerThread4" daemon [_thread_blocked, id=3264, stack(0x000000f73bf00000,0x000000f73c000000)]
  0x000002b7cb7e3800 JavaThread "C2 CompilerThread3" daemon [_thread_blocked, id=16348, stack(0x000000f73be00000,0x000000f73bf00000)]
  0x000002b7cb7e0000 JavaThread "C2 CompilerThread2" daemon [_thread_in_native, id=2864, stack(0x000000f73bd00000,0x000000f73be00000)]
  0x000002b7cb7dc000 JavaThread "C2 CompilerThread1" daemon [_thread_blocked, id=19284, stack(0x000000f73bc00000,0x000000f73bd00000)]
  0x000002b7cb7da800 JavaThread "C2 CompilerThread0" daemon [_thread_blocked, id=14240, stack(0x000000f73bb00000,0x000000f73bc00000)]
  0x000002b7cb7d9000 JavaThread "Attach Listener" daemon [_thread_blocked, id=1332, stack(0x000000f73ba00000,0x000000f73bb00000)]
  0x000002b7cb7d8000 JavaThread "Signal Dispatcher" daemon [_thread_blocked, id=1808, stack(0x000000f73b900000,0x000000f73ba00000)]
  0x000002b7c9619000 JavaThread "Finalizer" daemon [_thread_blocked, id=11592, stack(0x000000f73b800000,0x000000f73b900000)]
  0x000002b7c960d800 JavaThread "Reference Handler" daemon [_thread_blocked, id=16316, stack(0x000000f73b700000,0x000000f73b800000)]
  0x000002b7ae91a800 JavaThread "Client thread" [_thread_in_native, id=3668, stack(0x000000f73a600000,0x000000f73a700000)]

Other Threads:
  0x000002b7c9604800 VMThread [stack: 0x000000f73b600000,0x000000f73b700000] [id=10788]
  0x000002b7cb8d0800 WatcherThread [stack: 0x000000f73c800000,0x000000f73c900000] [id=9676]

VM state:not at safepoint (normal execution)

VM Mutex/Monitor currently owned by a thread: None

heap address: 0x00000006c4a00000, size: 4022 MB, Compressed Oops mode: Zero based, Oop shift amount: 3
Narrow klass base: 0x0000000000000000, Narrow klass shift: 3
Compressed class space size: 1073741824 Address: 0x00000007c0000000

Heap:
 PSYoungGen      total 936960K, used 338531K [0x000000076c380000, 0x00000007aef80000, 0x00000007c0000000)
  eden space 884224K, 32% used [0x000000076c380000,0x000000077dab3598,0x00000007a2300000)
  from space 52736K, 99% used [0x00000007abc00000,0x00000007aef657b0,0x00000007aef80000)
  to   space 83456K, 0% used [0x00000007a4c80000,0x00000007a4c80000,0x00000007a9e00000)
 ParOldGen       total 413184K, used 197857K [0x00000006c4a00000, 0x00000006ddd80000, 0x000000076c380000)
  object space 413184K, 47% used [0x00000006c4a00000,0x00000006d0b38778,0x00000006ddd80000)
 Metaspace       used 71780K, capacity 72901K, committed 73176K, reserved 1112064K
  class space    used 10406K, capacity 10749K, committed 10752K, reserved 1048576K

Card table byte_map: [0x000002b7bf870000,0x000002b7c0050000] byte_map_base: 0x000002b7bc24b000

Marking Bits: (ParMarkBitMap*) 0x0000000062060830
 Begin Bits: [0x000002b7c0590000, 0x000002b7c4468000)
 End Bits:   [0x000002b7c4468000, 0x000002b7c8340000)

Polling page: 0x000002b7ae860000

CodeCache: size=245760Kb used=25241Kb max_used=25614Kb free=220518Kb
 bounds [0x000002b7b04b0000, 0x000002b7b1de0000, 0x000002b7bf4b0000]
 total_blobs=7132 nmethods=6240 adapters=801
 compilation: enabled

Compilation events (10 events):
Event: 20.454 Thread 0x000002b7cb7ef800 nmethod 8353 0x000002b7b14f7b10 code [0x000002b7b14f7d00, 0x000002b7b14f8620]
Event: 20.455 Thread 0x000002b7cb7ee800 8354       3       net.minecraft.client.resources.LegacyV2Adapter::getPackName (10 bytes)
Event: 20.455 Thread 0x000002b7cb7ee800 nmethod 8354 0x000002b7b0a8d6d0 code [0x000002b7b0a8d840, 0x000002b7b0a8da70]
Event: 20.456 Thread 0x000002b7cb7ed000 8355       3       com.google.common.collect.ImmutableSet::equals (50 bytes)
Event: 20.456 Thread 0x000002b7cb7ea800 8356   !   3       com.google.common.collect.Sets::equalsImpl (58 bytes)
Event: 20.456 Thread 0x000002b7cb7ed000 nmethod 8355 0x000002b7b0fb8810 code [0x000002b7b0fb89e0, 0x000002b7b0fb91b0]
Event: 20.456 Thread 0x000002b7cb7ea800 nmethod 8356 0x000002b7b11012d0 code [0x000002b7b1101480, 0x000002b7b1101bb0]
Event: 20.460 Thread 0x000002b7cb7dc000 nmethod 8351 0x000002b7b0e2d690 code [0x000002b7b0e2d860, 0x000002b7b0e2e208]
Event: 20.461 Thread 0x000002b7cb7ee800 8357       3       java.io.OutputStream::flush (1 bytes)
Event: 20.461 Thread 0x000002b7cb7ee800 nmethod 8357 0x000002b7b14d59d0 code [0x000002b7b14d5b20, 0x000002b7b14d5c78]

GC Heap History (10 events):
Event: 12.644 GC heap before
{Heap before GC invocations=18 (full 3):
 PSYoungGen      total 660992K, used 643387K [0x000000076c380000, 0x0000000799b80000, 0x00000007c0000000)
  eden space 607232K, 100% used [0x000000076c380000,0x0000000791480000,0x0000000791480000)
  from space 53760K, 67% used [0x0000000796700000,0x0000000798a4ef18,0x0000000799b80000)
  to   space 69120K, 0% used [0x0000000791480000,0x0000000791480000,0x0000000795800000)
 ParOldGen       total 245248K, used 181098K [0x00000006c4a00000, 0x00000006d3980000, 0x000000076c380000)
  object space 245248K, 73% used [0x00000006c4a00000,0x00000006cfadaa30,0x00000006d3980000)
 Metaspace       used 58204K, capacity 58969K, committed 59352K, reserved 1099776K
  class space    used 7948K, capacity 8169K, committed 8192K, reserved 1048576K
Event: 12.665 GC heap after
Heap after GC invocations=18 (full 3):
 PSYoungGen      total 676352K, used 63090K [0x000000076c380000, 0x00000007a4300000, 0x00000007c0000000)
  eden space 607232K, 0% used [0x000000076c380000,0x000000076c380000,0x0000000791480000)
  from space 69120K, 91% used [0x0000000791480000,0x000000079521cb48,0x0000000795800000)
  to   space 76800K, 0% used [0x000000079f800000,0x000000079f800000,0x00000007a4300000)
 ParOldGen       total 245248K, used 181106K [0x00000006c4a00000, 0x00000006d3980000, 0x000000076c380000)
  object space 245248K, 73% used [0x00000006c4a00000,0x00000006cfadca30,0x00000006d3980000)
 Metaspace       used 58204K, capacity 58969K, committed 59352K, reserved 1099776K
  class space    used 7948K, capacity 8169K, committed 8192K, reserved 1048576K
}
Event: 13.465 GC heap before
{Heap before GC invocations=19 (full 3):
 PSYoungGen      total 676352K, used 456424K [0x000000076c380000, 0x00000007a4300000, 0x00000007c0000000)
  eden space 607232K, 64% used [0x000000076c380000,0x000000078439d830,0x0000000791480000)
  from space 69120K, 91% used [0x0000000791480000,0x000000079521cb48,0x0000000795800000)
  to   space 76800K, 0% used [0x000000079f800000,0x000000079f800000,0x00000007a4300000)
 ParOldGen       total 245248K, used 181106K [0x00000006c4a00000, 0x00000006d3980000, 0x000000076c380000)
  object space 245248K, 73% used [0x00000006c4a00000,0x00000006cfadca30,0x00000006d3980000)
 Metaspace       used 61060K, capacity 61963K, committed 62228K, reserved 1103872K
  class space    used 8518K, capacity 8800K, committed 8832K, reserved 1048576K
Event: 13.506 GC heap after
Heap after GC invocations=19 (full 3):
 PSYoungGen      total 830464K, used 71861K [0x000000076c380000, 0x00000007a6c80000, 0x00000007c0000000)
  eden space 753664K, 0% used [0x000000076c380000,0x000000076c380000,0x000000079a380000)
  from space 76800K, 93% used [0x000000079f800000,0x00000007a3e2d700,0x00000007a4300000)
  to   space 86528K, 0% used [0x000000079a380000,0x000000079a380000,0x000000079f800000)
 ParOldGen       total 245248K, used 181114K [0x00000006c4a00000, 0x00000006d3980000, 0x000000076c380000)
  object space 245248K, 73% used [0x00000006c4a00000,0x00000006cfadea30,0x00000006d3980000)
 Metaspace       used 61060K, capacity 61963K, committed 62228K, reserved 1103872K
  class space    used 8518K, capacity 8800K, committed 8832K, reserved 1048576K
}
Event: 13.506 GC heap before
{Heap before GC invocations=20 (full 4):
 PSYoungGen      total 830464K, used 71861K [0x000000076c380000, 0x00000007a6c80000, 0x00000007c0000000)
  eden space 753664K, 0% used [0x000000076c380000,0x000000076c380000,0x000000079a380000)
  from space 76800K, 93% used [0x000000079f800000,0x00000007a3e2d700,0x00000007a4300000)
  to   space 86528K, 0% used [0x000000079a380000,0x000000079a380000,0x000000079f800000)
 ParOldGen       total 245248K, used 181114K [0x00000006c4a00000, 0x00000006d3980000, 0x000000076c380000)
  object space 245248K, 73% used [0x00000006c4a00000,0x00000006cfadea30,0x00000006d3980000)
 Metaspace       used 61060K, capacity 61963K, committed 62228K, reserved 1103872K
  class space    used 8518K, capacity 8800K, committed 8832K, reserved 1048576K
Event: 13.738 GC heap after
Heap after GC invocations=20 (full 4):
 PSYoungGen      total 830464K, used 0K [0x000000076c380000, 0x00000007a6c80000, 0x00000007c0000000)
  eden space 753664K, 0% used [0x000000076c380000,0x000000076c380000,0x000000079a380000)
  from space 76800K, 0% used [0x000000079f800000,0x000000079f800000,0x00000007a4300000)
  to   space 86528K, 0% used [0x000000079a380000,0x000000079a380000,0x000000079f800000)
 ParOldGen       total 413184K, used 197841K [0x00000006c4a00000, 0x00000006ddd80000, 0x000000076c380000)
  object space 413184K, 47% used [0x00000006c4a00000,0x00000006d0b34778,0x00000006ddd80000)
 Metaspace       used 61046K, capacity 61933K, committed 62228K, reserved 1103872K
  class space    used 8515K, capacity 8795K, committed 8832K, reserved 1048576K
}
Event: 16.776 GC heap before
{Heap before GC invocations=21 (full 4):
 PSYoungGen      total 830464K, used 753664K [0x000000076c380000, 0x00000007a6c80000, 0x00000007c0000000)
  eden space 753664K, 100% used [0x000000076c380000,0x000000079a380000,0x000000079a380000)
  from space 76800K, 0% used [0x000000079f800000,0x000000079f800000,0x00000007a4300000)
  to   space 86528K, 0% used [0x000000079a380000,0x000000079a380000,0x000000079f800000)
 ParOldGen       total 413184K, used 197841K [0x00000006c4a00000, 0x00000006ddd80000, 0x000000076c380000)
  object space 413184K, 47% used [0x00000006c4a00000,0x00000006d0b34778,0x00000006ddd80000)
 Metaspace       used 65715K, capacity 66701K, committed 67160K, reserved 1105920K
  class space    used 9430K, capacity 9733K, committed 9856K, reserved 1048576K
Event: 16.803 GC heap after
Heap after GC invocations=21 (full 4):
 PSYoungGen      total 840192K, used 33335K [0x000000076c380000, 0x00000007b0c80000, 0x00000007c0000000)
  eden space 753664K, 0% used [0x000000076c380000,0x000000076c380000,0x000000079a380000)
  from space 86528K, 38% used [0x000000079a380000,0x000000079c40df10,0x000000079f800000)
  to   space 82432K, 0% used [0x00000007abc00000,0x00000007abc00000,0x00000007b0c80000)
 ParOldGen       total 413184K, used 197849K [0x00000006c4a00000, 0x00000006ddd80000, 0x000000076c380000)
  object space 413184K, 47% used [0x00000006c4a00000,0x00000006d0b36778,0x00000006ddd80000)
 Metaspace       used 65715K, capacity 66701K, committed 67160K, reserved 1105920K
  class space    used 9430K, capacity 9733K, committed 9856K, reserved 1048576K
}
Event: 19.140 GC heap before
{Heap before GC invocations=22 (full 4):
 PSYoungGen      total 840192K, used 786999K [0x000000076c380000, 0x00000007b0c80000, 0x00000007c0000000)
  eden space 753664K, 100% used [0x000000076c380000,0x000000079a380000,0x000000079a380000)
  from space 86528K, 38% used [0x000000079a380000,0x000000079c40df10,0x000000079f800000)
  to   space 82432K, 0% used [0x00000007abc00000,0x00000007abc00000,0x00000007b0c80000)
 ParOldGen       total 413184K, used 197849K [0x00000006c4a00000, 0x00000006ddd80000, 0x000000076c380000)
  object space 413184K, 47% used [0x00000006c4a00000,0x00000006d0b36778,0x00000006ddd80000)
 Metaspace       used 69668K, capacity 70691K, committed 71128K, reserved 1110016K
  class space    used 10150K, capacity 10470K, committed 10496K, reserved 1048576K
Event: 19.178 GC heap after
Heap after GC invocations=22 (full 4):
 PSYoungGen      total 936960K, used 52629K [0x000000076c380000, 0x00000007aef80000, 0x00000007c0000000)
  eden space 884224K, 0% used [0x000000076c380000,0x000000076c380000,0x00000007a2300000)
  from space 52736K, 99% used [0x00000007abc00000,0x00000007aef657b0,0x00000007aef80000)
  to   space 83456K, 0% used [0x00000007a4c80000,0x00000007a4c80000,0x00000007a9e00000)
 ParOldGen       total 413184K, used 197857K [0x00000006c4a00000, 0x00000006ddd80000, 0x000000076c380000)
  object space 413184K, 47% used [0x00000006c4a00000,0x00000006d0b38778,0x00000006ddd80000)
 Metaspace       used 69668K, capacity 70691K, committed 71128K, reserved 1110016K
  class space    used 10150K, capacity 10470K, committed 10496K, reserved 1048576K
}

Deoptimization events (10 events):
Event: 20.080 Thread 0x000002b7ae91a800 Uncommon trap: reason=null_check action=make_not_entrant pc=0x000002b7b1d76b3c method=com.google.gson.JsonPrimitive.isPrimitiveOrString(Ljava/lang/Object;)Z @ 39
Event: 20.171 Thread 0x000002b7ae91a800 Uncommon trap: reason=class_check action=maybe_recompile pc=0x000002b7b1a163c4 method=com.google.common.collect.Lists.newArrayList(Ljava/lang/Iterable;)Ljava/util/ArrayList; @ 27
Event: 20.246 Thread 0x000002b7ae91a800 Uncommon trap: reason=class_check action=maybe_recompile pc=0x000002b7b1a163c4 method=com.google.common.collect.Lists.newArrayList(Ljava/lang/Iterable;)Ljava/util/ArrayList; @ 27
Event: 20.359 Thread 0x000002b7ae91a800 Uncommon trap: reason=class_check action=maybe_recompile pc=0x000002b7b1412c6c method=java.util.HashMap.removeNode(ILjava/lang/Object;Ljava/lang/Object;ZZ)Ljava/util/HashMap$Node; @ 68
Event: 20.359 Thread 0x000002b7ae91a800 Uncommon trap: reason=unstable_if action=reinterpret pc=0x000002b7b0a438a0 method=net.minecraft.block.properties.PropertyHelper.equals(Ljava/lang/Object;)Z @ 44
Event: 20.359 Thread 0x000002b7ae91a800 Uncommon trap: reason=class_check action=maybe_recompile pc=0x000002b7b08695c8 method=java.util.AbstractMap.equals(Ljava/lang/Object;)Z @ 8
Event: 20.360 Thread 0x000002b7ae91a800 Uncommon trap: reason=class_check action=maybe_recompile pc=0x000002b7b1412c6c method=java.util.HashMap.removeNode(ILjava/lang/Object;Ljava/lang/Object;ZZ)Ljava/util/HashMap$Node; @ 68
Event: 20.360 Thread 0x000002b7ae91a800 Uncommon trap: reason=class_check action=maybe_recompile pc=0x000002b7b08695c8 method=java.util.AbstractMap.equals(Ljava/lang/Object;)Z @ 8
Event: 20.360 Thread 0x000002b7ae91a800 Uncommon trap: reason=class_check action=maybe_recompile pc=0x000002b7b08695c8 method=java.util.AbstractMap.equals(Ljava/lang/Object;)Z @ 8
Event: 20.360 Thread 0x000002b7ae91a800 Uncommon trap: reason=class_check action=maybe_recompile pc=0x000002b7b08695c8 method=java.util.AbstractMap.equals(Ljava/lang/Object;)Z @ 8

Classes redefined (0 events):
No events

Internal exceptions (10 events):
Event: 20.440 Thread 0x000002b7ae91a800 Exception <a 'java/io/IOException'> (0x000000077be643b8) thrown at [C:\workspace\openjdk-build\workspace\build\src\hotspot\src\share\vm\prims\jni.cpp, line 712]
Event: 20.441 Thread 0x000002b7ae91a800 Exception <a 'java/io/IOException'> (0x000000077be76728) thrown at [C:\workspace\openjdk-build\workspace\build\src\hotspot\src\share\vm\prims\jni.cpp, line 712]
Event: 20.445 Thread 0x000002b7ae91a800 Exception <a 'java/io/IOException'> (0x000000077bed9dc8) thrown at [C:\workspace\openjdk-build\workspace\build\src\hotspot\src\share\vm\prims\jni.cpp, line 712]
Event: 20.447 Thread 0x000002b7ae91a800 Exception <a 'java/io/IOException'> (0x000000077beebb10) thrown at [C:\workspace\openjdk-build\workspace\build\src\hotspot\src\share\vm\prims\jni.cpp, line 712]
Event: 20.453 Thread 0x000002b7ae91a800 Exception <a 'java/io/IOException'> (0x000000077bf4e218) thrown at [C:\workspace\openjdk-build\workspace\build\src\hotspot\src\share\vm\prims\jni.cpp, line 712]
Event: 20.455 Thread 0x000002b7ae91a800 Exception <a 'java/io/IOException'> (0x000000077bf60950) thrown at [C:\workspace\openjdk-build\workspace\build\src\hotspot\src\share\vm\prims\jni.cpp, line 712]
Event: 20.459 Thread 0x000002b7ae91a800 Exception <a 'java/io/IOException'> (0x000000077bfc4358) thrown at [C:\workspace\openjdk-build\workspace\build\src\hotspot\src\share\vm\prims\jni.cpp, line 712]
Event: 20.460 Thread 0x000002b7ae91a800 Exception <a 'java/io/IOException'> (0x000000077bfd63f0) thrown at [C:\workspace\openjdk-build\workspace\build\src\hotspot\src\share\vm\prims\jni.cpp, line 712]
Event: 20.464 Thread 0x000002b7ae91a800 Exception <a 'java/io/IOException'> (0x000000077c039060) thrown at [C:\workspace\openjdk-build\workspace\build\src\hotspot\src\share\vm\prims\jni.cpp, line 712]
Event: 20.466 Thread 0x000002b7ae91a800 Exception <a 'java/io/IOException'> (0x000000077c04a1a0) thrown at [C:\workspace\openjdk-build\workspace\build\src\hotspot\src\share\vm\prims\jni.cpp, line 712]

Events (10 events):
Event: 20.445 Thread 0x000002b7cb7ea800 flushing nmethod 0x000002b7b1735f50
Event: 20.449 Thread 0x000002b7cb7ea800 flushing nmethod 0x000002b7b1775b10
Event: 20.449 Thread 0x000002b7cb7ea800 flushing nmethod 0x000002b7b17bea90
Event: 20.449 Thread 0x000002b7cb7ea800 flushing nmethod 0x000002b7b17bf710
Event: 20.449 Thread 0x000002b7cb7ea800 flushing nmethod 0x000002b7b1847810
Event: 20.455 Thread 0x000002b7cb7ef800 flushing nmethod 0x000002b7b19ca9d0
Event: 20.455 Thread 0x000002b7cb7ef800 flushing nmethod 0x000002b7b19ed6d0
Event: 20.455 Thread 0x000002b7cb7ef800 flushing nmethod 0x000002b7b1a551d0
Event: 20.455 Thread 0x000002b7cb7ef800 flushing nmethod 0x000002b7b1a61550
Event: 20.455 Thread 0x000002b7cb7ef800 flushing nmethod 0x000002b7b1a62d90


Dynamic libraries:
0x00007ff61f180000 - 0x00007ff61f1d1000 	D:\jva\jdk8u412-b08\bin\java.exe
0x00007fff47b10000 - 0x00007fff47d08000 	C:\Windows\SYSTEM32\ntdll.dll
0x00007fff47270000 - 0x00007fff47332000 	C:\Windows\System32\KERNEL32.DLL
0x00007fff45310000 - 0x00007fff45606000 	C:\Windows\System32\KERNELBASE.dll
0x00007fff45ba0000 - 0x00007fff45c4f000 	C:\Windows\System32\ADVAPI32.dll
0x00007fff46ee0000 - 0x00007fff46f7e000 	C:\Windows\System32\msvcrt.dll
0x00007fff47900000 - 0x00007fff4799f000 	C:\Windows\System32\sechost.dll
0x00007fff479a0000 - 0x00007fff47ac3000 	C:\Windows\System32\RPCRT4.dll
0x00007fff45b10000 - 0x00007fff45b37000 	C:\Windows\System32\bcrypt.dll
0x00007fff45c50000 - 0x00007fff45ded000 	C:\Windows\System32\USER32.dll
0x00007fff45750000 - 0x00007fff45772000 	C:\Windows\System32\win32u.dll
0x00007fff45b60000 - 0x00007fff45b8b000 	C:\Windows\System32\GDI32.dll
0x00007fff459f0000 - 0x00007fff45b0a000 	C:\Windows\System32\gdi32full.dll
0x00007fff457d0000 - 0x00007fff4586d000 	C:\Windows\System32\msvcp_win.dll
0x00007fff458f0000 - 0x00007fff459f0000 	C:\Windows\System32\ucrtbase.dll
0x00007fff297e0000 - 0x00007fff29a7a000 	C:\Windows\WinSxS\amd64_microsoft.windows.common-controls_6595b64144ccf1df_6.0.19041.5794_none_60bcd33171f2783c\COMCTL32.dll
0x00007fff478d0000 - 0x00007fff478ff000 	C:\Windows\System32\IMM32.DLL
0x00007fff3eab0000 - 0x00007fff3eac5000 	D:\jva\jdk8u412-b08\jre\bin\vcruntime140.dll
0x00007fff3e9b0000 - 0x00007fff3ea4b000 	D:\jva\jdk8u412-b08\jre\bin\msvcp140.dll
0x0000000061880000 - 0x00000000620d9000 	D:\jva\jdk8u412-b08\jre\bin\server\jvm.dll
0x00007fff45b90000 - 0x00007fff45b98000 	C:\Windows\System32\PSAPI.DLL
0x00007fff3f430000 - 0x00007fff3f439000 	C:\Windows\SYSTEM32\WSOCK32.dll
0x00007fff3c790000 - 0x00007fff3c7b7000 	C:\Windows\SYSTEM32\WINMM.dll
0x00007fff39d90000 - 0x00007fff39d9a000 	C:\Windows\SYSTEM32\VERSION.dll
0x00007fff46a00000 - 0x00007fff46a6b000 	C:\Windows\System32\WS2_32.dll
0x00007fff43990000 - 0x00007fff439a2000 	C:\Windows\SYSTEM32\kernel.appcore.dll
0x00007fff3eaa0000 - 0x00007fff3eab0000 	D:\jva\jdk8u412-b08\jre\bin\verify.dll
0x00007fff3ea70000 - 0x00007fff3ea9b000 	D:\jva\jdk8u412-b08\jre\bin\java.dll
0x00007fff3e990000 - 0x00007fff3e9a8000 	D:\jva\jdk8u412-b08\jre\bin\zip.dll
0x00007fff45f10000 - 0x00007fff4667e000 	C:\Windows\System32\SHELL32.dll
0x00007fff431d0000 - 0x00007fff43973000 	C:\Windows\SYSTEM32\windows.storage.dll
0x00007fff466a0000 - 0x00007fff469f3000 	C:\Windows\System32\combase.dll
0x00007fff44b00000 - 0x00007fff44b2b000 	C:\Windows\SYSTEM32\Wldp.dll
0x00007fff475f0000 - 0x00007fff476bd000 	C:\Windows\System32\OLEAUT32.dll
0x00007fff473a0000 - 0x00007fff4744d000 	C:\Windows\System32\SHCORE.dll
0x00007fff47530000 - 0x00007fff47585000 	C:\Windows\System32\shlwapi.dll
0x00007fff450e0000 - 0x00007fff45105000 	C:\Windows\SYSTEM32\profapi.dll
0x00007fff3ea60000 - 0x00007fff3ea6d000 	D:\jva\jdk8u412-b08\jre\bin\management.dll
0x00007fff3b770000 - 0x00007fff3b78c000 	D:\jva\jdk8u412-b08\jre\bin\net.dll
0x00007fff448e0000 - 0x00007fff4494c000 	C:\Windows\system32\mswsock.dll
0x00007fff39780000 - 0x00007fff39797000 	C:\Windows\system32\napinsp.dll
0x00007fff2a110000 - 0x00007fff2a12b000 	C:\Windows\system32\pnrpnsp.dll
0x00007fff14320000 - 0x00007fff1433d000 	C:\Windows\system32\wshbth.dll
0x00007fff3e910000 - 0x00007fff3e92d000 	C:\Windows\system32\NLAapi.dll
0x00007fff44590000 - 0x00007fff445cb000 	C:\Windows\SYSTEM32\IPHLPAPI.DLL
0x00007fff445d0000 - 0x00007fff4469a000 	C:\Windows\SYSTEM32\DNSAPI.dll
0x00007fff46690000 - 0x00007fff46698000 	C:\Windows\System32\NSI.dll
0x00007fff27cc0000 - 0x00007fff27cd2000 	C:\Windows\System32\winrnr.dll
0x00007fff39270000 - 0x00007fff3927a000 	C:\Windows\System32\rasadhlp.dll
0x00007fff38cc0000 - 0x00007fff38d40000 	C:\Windows\System32\fwpuclnt.dll
0x00007fff3b5d0000 - 0x00007fff3b5e3000 	D:\jva\jdk8u412-b08\jre\bin\nio.dll
0x00007fff3b5a0000 - 0x00007fff3b5c4000 	D:\jva\jdk8u412-b08\jre\bin\sunec.dll
0x00007fff44b40000 - 0x00007fff44b58000 	C:\Windows\SYSTEM32\CRYPTSP.dll
0x00007fff441b0000 - 0x00007fff441e8000 	C:\Windows\system32\rsaenh.dll
0x00007fff450a0000 - 0x00007fff450ce000 	C:\Windows\SYSTEM32\USERENV.dll
0x00007fff456c0000 - 0x00007fff45742000 	C:\Windows\System32\bcryptprimitives.dll
0x00007fff44a70000 - 0x00007fff44a7c000 	C:\Windows\SYSTEM32\CRYPTBASE.dll
0x00007fff3c830000 - 0x00007fff3c847000 	C:\Windows\SYSTEM32\dhcpcsvc6.DLL
0x00007fff3c810000 - 0x00007fff3c82d000 	C:\Windows\SYSTEM32\dhcpcsvc.DLL
0x0000000180000000 - 0x0000000180053000 	C:\Users\home\.gradle\caches\minecraft\net\minecraft\natives\1.12.2\lwjgl64.dll
0x00007fff3b470000 - 0x00007fff3b598000 	C:\Windows\SYSTEM32\OPENGL32.dll
0x00007fff3b440000 - 0x00007fff3b46c000 	C:\Windows\SYSTEM32\GLU32.dll
0x00007fff2b0d0000 - 0x00007fff2b264000 	D:\jva\jdk8u412-b08\jre\bin\awt.dll
0x00007fff3f110000 - 0x00007fff3f1a4000 	C:\Windows\SYSTEM32\apphelp.dll
0x00007fff3f560000 - 0x00007fff3f60e000 	C:\Windows\SYSTEM32\mscms.dll
0x00007fff3f400000 - 0x00007fff3f411000 	C:\Windows\SYSTEM32\ColorAdapterClient.dll
0x00007fff46f80000 - 0x00007fff47029000 	C:\Windows\System32\clbcatq.dll
0x00007fff38c10000 - 0x00007fff38c53000 	C:\Windows\System32\Windows.Internal.Graphics.Display.DisplayColorManagement.dll
0x00007fff45780000 - 0x00007fff457ce000 	C:\Windows\System32\cfgmgr32.dll
0x00007fff3ffa0000 - 0x00007fff4003e000 	C:\Windows\system32\uxtheme.dll
0x00007fff45df0000 - 0x00007fff45f05000 	C:\Windows\System32\MSCTF.dll
0x00007fff34c80000 - 0x00007fff34d79000 	C:\Windows\SYSTEM32\textinputframework.dll
0x00007fff3d980000 - 0x00007fff3dcdb000 	C:\Windows\System32\CoreUIComponents.dll
0x00007fff3e220000 - 0x00007fff3e312000 	C:\Windows\System32\CoreMessaging.dll
0x00007fff44400000 - 0x00007fff44433000 	C:\Windows\SYSTEM32\ntmarta.dll
0x00007fff3efb0000 - 0x00007fff3f107000 	C:\Windows\SYSTEM32\wintypes.dll
0x00007fff3ad30000 - 0x00007fff3ae34000 	C:\Windows\System32\AppXDeploymentClient.dll
0x00007ffeae000000 - 0x00007ffeb2292000 	C:\Windows\System32\DriverStore\FileRepository\nvcvegpu.inf_amd64_eb9dc1fcdc94bb69\nvoglv64.dll
0x00007fff46a70000 - 0x00007fff46ee0000 	C:\Windows\System32\SETUPAPI.dll
0x00007fff47030000 - 0x00007fff4715b000 	C:\Windows\System32\ole32.dll
0x00007fff3e6f0000 - 0x00007fff3e704000 	C:\Windows\SYSTEM32\WTSAPI32.dll
0x00007fff44d70000 - 0x00007fff44d82000 	C:\Windows\SYSTEM32\msasn1.dll
0x00007fff39680000 - 0x00007fff396b1000 	C:\Windows\SYSTEM32\cryptnet.dll
0x00007fff451b0000 - 0x00007fff4530d000 	C:\Windows\System32\CRYPT32.dll
0x00007fff39530000 - 0x00007fff39677000 	C:\Windows\SYSTEM32\drvstore.dll
0x00007fff44f60000 - 0x00007fff44f93000 	C:\Windows\SYSTEM32\devobj.dll
0x00007fff45870000 - 0x00007fff458e3000 	C:\Windows\System32\WINTRUST.dll
0x00007fff38410000 - 0x00007fff3844b000 	C:\Windows\SYSTEM32\dxcore.dll
0x00007fff42950000 - 0x00007fff4297f000 	C:\Windows\SYSTEM32\dwmapi.dll
0x00007fff3b3d0000 - 0x00007fff3b415000 	C:\Windows\SYSTEM32\icm32.dll
0x00007fff446f0000 - 0x00007fff4473b000 	C:\Windows\SYSTEM32\powrprof.dll
0x00007fff44570000 - 0x00007fff44582000 	C:\Windows\SYSTEM32\UMPDC.dll
0x00007fff43e30000 - 0x00007fff43e8b000 	C:\Windows\SYSTEM32\WINSTA.dll
0x00007fff43a00000 - 0x00007fff43af6000 	C:\Windows\system32\dxgi.dll
0x00007fff3cf40000 - 0x00007fff3d1a4000 	C:\Windows\system32\d3d11.dll
0x00007fff0eb10000 - 0x00007fff0ebcc000 	C:\Windows\System32\DriverStore\FileRepository\nvcvegpu.inf_amd64_eb9dc1fcdc94bb69\nvldumdx.dll
0x00007fff45b40000 - 0x00007fff45b5d000 	C:\Windows\System32\imagehlp.dll
0x00007fff01a00000 - 0x00007fff078c0000 	C:\Windows\System32\DriverStore\FileRepository\nvcvegpu.inf_amd64_eb9dc1fcdc94bb69\nvwgf2umx.dll
0x00007fff2a2d0000 - 0x00007fff2aa07000 	C:\Windows\System32\DriverStore\FileRepository\nvcvegpu.inf_amd64_eb9dc1fcdc94bb69\Display.NvContainer\MessageBus.dll
0x00007fff2e170000 - 0x00007fff2e910000 	C:\Windows\SYSTEM32\nvapi64.dll
0x00007fff37210000 - 0x00007fff3763a000 	C:\Windows\System32\DriverStore\FileRepository\iigd_dch.inf_amd64_97c7cec5062067ac\igd10iumd64.dll
0x00007fff35ba0000 - 0x00007fff3720f000 	C:\Windows\System32\DriverStore\FileRepository\iigd_dch.inf_amd64_97c7cec5062067ac\igd10um64xe.DLL
0x00007fff35710000 - 0x00007fff357ac000 	C:\Windows\System32\DriverStore\FileRepository\iigd_dch.inf_amd64_97c7cec5062067ac\IntelControlLib.dll
0x00007fff34f10000 - 0x00007fff3534f000 	C:\Windows\System32\DriverStore\FileRepository\iigd_dch.inf_amd64_97c7cec5062067ac\igdgmm64.dll
0x00007fff38070000 - 0x00007fff38094000 	C:\Windows\System32\DriverStore\FileRepository\iigd_dch.inf_amd64_97c7cec5062067ac\igc64.dll
0x00007fff303b0000 - 0x00007fff34b1b000 	C:\Windows\System32\DriverStore\FileRepository\iigd_dch.inf_amd64_97c7cec5062067ac\igc1464.dll
0x00007fff3d770000 - 0x00007fff3d954000 	C:\Windows\SYSTEM32\dcomp.dll
0x00007fff3b380000 - 0x00007fff3b3c2000 	C:\Users\home\AppData\Local\Temp\jna-3208415\jna7298670377602272500.dll
0x00007fff3e980000 - 0x00007fff3e98e000 	D:\jva\jdk8u412-b08\jre\bin\sunmscapi.dll
0x00007fff44c50000 - 0x00007fff44c77000 	C:\Windows\SYSTEM32\ncrypt.dll
0x00007fff44c10000 - 0x00007fff44c4b000 	C:\Windows\SYSTEM32\NTASN1.dll
0x000002b7e3550000 - 0x000002b7e35b4000 	C:\Users\home\.gradle\caches\minecraft\net\minecraft\natives\1.12.2\OpenAL64.dll
0x00007fff3bf80000 - 0x00007fff3c009000 	C:\Windows\System32\MMDevApi.dll
0x00007fff3b2e0000 - 0x00007fff3b37c000 	C:\Windows\SYSTEM32\dsound.dll
0x00007fff1af40000 - 0x00007fff1af66000 	C:\Windows\SYSTEM32\winmmbase.dll
0x00007fff3bbf0000 - 0x00007fff3bd71000 	C:\Windows\SYSTEM32\AUDIOSES.DLL
0x00007fff42d60000 - 0x00007fff42f61000 	C:\Windows\SYSTEM32\dbghelp.dll

VM Arguments:
jvm_args: -Dfile.encoding=windows-1251 -Duser.country=UA -Duser.language=uk -Duser.variant 
java_command: GradleStart
java_class_path (initial): C:\jaba\libs\Baubles-1.12-1.5.3.jar;C:\jaba\libs\Thaumcraft-1.12.2-6.1.BETA26.jar;C:\Users\home\.gradle\caches\minecraft\deobfedDeps\compileDummy.jar;C:\Users\home\.gradle\caches\minecraft\deobfedDeps\providedDummy.jar;C:\Users\home\.gradle\caches\modules-2\files-2.1\mezz.jei\jei_1.12.2\4.15.0.268\1fd0269994b2721ba110a64d8c0129448f1b985\jei_1.12.2-4.15.0.268.jar;C:\jaba\.gradle\minecraft\forgeBin-1.12.2-14.23.5.2820-PROJECT(jaba).jar;C:\Users\home\.gradle\caches\modules-2\files-2.1\com.google.code.findbugs\jsr305\3.0.1\f7be08ec23c21485b9b5a1cf1654c2ec8c58168d\jsr305-3.0.1.jar;C:\Users\home\.gradle\caches\modules-2\files-2.1\com.mojang\patchy\1.3.9\eb8bb7b66fa0e2152b1b40b3856e82f7619439ee\patchy-1.3.9.jar;C:\Users\home\.gradle\caches\modules-2\files-2.1\oshi-project\oshi-core\1.1\9ddf7b048a8d701be231c0f4f95fd986198fd2d8\oshi-core-1.1.jar;C:\Users\home\.gradle\caches\modules-2\files-2.1\net.java.dev.jna\jna\4.4.0\cb208278274bf12ebdb56c61bd7407e6f774d65a\jna-4.4.0.jar;C:\Users\home\.gradle\caches\modules-2\files-2.1\net.java.dev.jna\platform\3.4.0\e3f70017be8100d3d6923f50b3d2ee17714e9c13\platform-3.4.0.jar;C:\Users\home\.gradle\caches\modules-2\files-2.1\com.ibm.icu\icu4j-core-mojang\51.2\63d216a9311cca6be337c1e458e587f99d382b84\icu4j-core-mojang-51.2.jar;C:\Users\home\.gradle\caches\modules-2\files-2.1\net.sf.jopt-simple\jopt-simple\5.0.3\cdd846cfc4e0f7eefafc02c0f5dce32b9303aa2a\jopt-simple-5.0.3.jar;C:\Users\home\.gradle\caches\modules-2\files-2.1\io.netty\netty-all\4.1.9.Final\97860965d6a0a6b98e7f569f3f966727b8db75\netty-all-4.1.9.Final.jar;C:\Users\home\.gradle\caches\modules-2\files-2.1\com.google.guava\guava\21.0\3a3d111be1be1b745edfa7d91678a12d7ed38709\guava-21.0.jar;C:\Users\home\.gradle\caches\modules-2\files-2.1\org.apache.commons\commons-lang3\3.5\6c6c702c89bfff3cd9e80b04d668c5e190d588c6\commons-lang3-3.5.jar;C:\Users\home\.gradle\caches\modules-2\files-2.1\commons-io\commons-io\2.5\2852e6e05fbb95076fc091f6d1780f1f8fe35e0f\common
Launcher Type: SUN_STANDARD

Environment Variables:
JAVA_HOME=C:\Users\home\AppData\Roaming\Code\User\globalStorage\pleiades.java-extension-pack-jdk\java\8
CLASSPATH=C:\jaba\\gradle\wrapper\gradle-wrapper.jar
PATH=C:\Users\home\AppData\Roaming\Code\User\globalStorage\pleiades.java-extension-pack-jdk\gradle\latest\bin;C:\Users\home\AppData\Roaming\Code\User\globalStorage\pleiades.java-extension-pack-jdk\maven\latest\bin;C:\Users\home\AppData\Roaming\Code\User\globalStorage\pleiades.java-extension-pack-jdk\java\8\bin;D:\jva\jdk8u412-b08\bin;C:\Users\home\AppData\Local\Programs\Python\Python313\Scripts\;C:\Users\home\AppData\Local\Programs\Python\Python313\;C:\Users\home\AppData\Local\Microsoft\WindowsApps;C:\Users\home\AppData\Local\Programs\Microsoft VS Code\bin;C:\Users\home\AppData\Local\GitHubDesktop\bin;C:\Program Files\Git\cmd;D:\jva\jdk8u412-b08\bin;C:\Users\home\AppData\Local\Programs\Python\Python313\Scripts\;C:\Users\home\AppData\Local\Programs\Python\Python313\;C:\Users\home\AppData\Local\Microsoft\WindowsApps;C:\Users\home\AppData\Local\Programs\Microsoft VS Code\bin;C:\Users\home\AppData\Local\GitHubDesktop\bin;c:\Users\home\.vscode\extensions\ms-python.debugpy-2025.8.0-win32-x64\bundled\scripts\noConfigScripts
USERNAME=home
OS=Windows_NT
PROCESSOR_IDENTIFIER=Intel64 Family 6 Model 183 Stepping 1, GenuineIntel



---------------  S Y S T E M  ---------------

OS: Windows 10 , 64 bit Build 19041 (10.0.19041.5794)

CPU:total 20 (initial active 20) (10 cores per cpu, 2 threads per core) family 6 model 183 stepping 1, cmov, cx8, fxsr, mmx, sse, sse2, sse3, ssse3, sse4.1, sse4.2, popcnt, avx, avx2, aes, clmul, erms, 3dnowpref, lzcnt, ht, tsc, tscinvbit, bmi1, bmi2, adx

Memory: 4k page, physical 16473976k(4449724k free), swap 32202616k(13538796k free)

vm_info: OpenJDK 64-Bit Server VM (25.412-b08) for windows-amd64 JRE (1.8.0_412-b08), built on Apr 17 2024 02:10:30 by "jenkins" with MS VC++ 15.9 (VS2017)

time: Thu May 22 13:02:14 2025
timezone: Intel64 Family 6 Model 183 Stepping 1, GenuineIntel
elapsed time: 20.619245 seconds (0d 0h 0m 20s)

