#
# A fatal error has been detected by the Java Runtime Environment:
#
#  EXCEPTION_ACCESS_VIOLATION (0xc0000005) at pc=0x000001b5a3b31066, pid=7496, tid=0x00000000000026c4
#
# JRE version: OpenJDK Runtime Environment (8.0_412-b08) (build 1.8.0_412-b08)
# Java VM: OpenJDK 64-Bit Server VM (25.412-b08 mixed mode windows-amd64 compressed oops)
# Problematic frame:
# C  [OpenAL64.dll+0x11066]
#
# Failed to write core dump. Minidumps are not enabled by default on client versions of Windows
#
# If you would like to submit a bug report, please visit:
#   https://github.com/adoptium/adoptium-support/issues
# The crash happened outside the Java Virtual Machine in native code.
# See problematic frame for where to report the bug.
#

---------------  T H R E A D  ---------------

Current thread (0x000001b59492c000):  JavaThread "Thread-6" [_thread_in_native, id=9924, stack(0x00000076f9500000,0x00000076f9600000)]

siginfo: ExceptionCode=0xc0000005, reading address 0x000001b5a7faf004

Registers:
RAX=0x0000000000000004, RBX=0x000001b5a64f0090, RCX=0x000001b5a7faf008, RDX=0x000001b5a7faf004
RSP=0x00000076f95fe920, RBP=0x00000000000000ff, RSI=0x000001b5a7fa74cc, RDI=0x0000000000000000
R8 =0x0000000000001ece, R9 =0x000001b5a7fa74cc, R10=0x000001b580019c62, R11=0x0000000057078f10
R12=0x0000000000000001, R13=0x000001b5ae77d980, R14=0x00000076f95feab8, R15=0x000001b59492c000
RIP=0x000001b5a3b31066, EFLAGS=0x0000000000010202

Top of Stack: (sp=0x00000076f95fe920)
0x00000076f95fe920:   0000000000000000 000001b59492c000
0x00000076f95fe930:   00000076f95feab8 000001b5ae77d980
0x00000076f95fe940:   000001b5ae77d980 0000000000000000
0x00000076f95fe950:   000001b59492c000 0000000000000000
0x00000076f95fe960:   00000076f95fea80 0000000056f0f14b
0x00000076f95fe970:   00000076f95fe9a0 000001b58005b348
0x00000076f95fe980:   000001b58faa9b10 000001b5fef29c20
0x00000076f95fe990:   000001b59492c000 00000076f95feab8
0x00000076f95fe9a0:   000001b5ae77d980 0000000000000000
0x00000076f95fe9b0:   000001b5a7fa74cc 00000006c4a287c0
0x00000076f95fe9c0:   00000076f95fea80 000001b5a3b3248f
0x00000076f95fe9d0:   000001b5a64f0090 000001b5a64f0090
0x00000076f95fe9e0:   000001b50000ac44 000001b500000004
0x00000076f95fe9f0:   0000000000000010 000001b580019c8e
0x00000076f95fea00:   000001b5ae77d980 000001b580019985
0x00000076f95fea10:   000001b5ae77d980 00000076f95fea80 

Instructions: (pc=0x000001b5a3b31066)
0x000001b5a3b31046:   41 2b ec 81 3a 03 00 02 00 75 09 8b 01 89 84 24
0x000001b5a3b31056:   c8 00 00 00 49 83 c0 02 48 83 c1 08 4a 8d 14 86
0x000001b5a3b31066:   39 3a 75 af 4c 8d 84 24 c0 00 00 00 48 8d 15 d7
0x000001b5a3b31076:   2b 03 00 33 c9 e8 58 5f 00 00 b8 40 1f 00 00 4c 


Register to memory mapping:

RAX=0x0000000000000004 is an unknown value
RBX=0x000001b5a64f0090 is an unknown value
RCX=0x000001b5a7faf008 is an unknown value
RDX=0x000001b5a7faf004 is an unknown value
RSP=0x00000076f95fe920 is pointing into the stack for thread: 0x000001b59492c000
RBP=0x00000000000000ff is an unknown value
RSI=0x000001b5a7fa74cc is an unknown value
RDI=0x0000000000000000 is an unknown value
R8 =0x0000000000001ece is an unknown value
R9 =0x000001b5a7fa74cc is an unknown value
R10=0x000001b580019c62 is at code_begin+962 in an Interpreter codelet
method entry point (kind = native)  [0x000001b5800198a0, 0x000001b58001a340]  2720 bytes
R11=0x0000000057078f10 is an unknown value
R12=0x0000000000000001 is an unknown value
R13={method} {0x000001b5ae77d988} 'nalcCreateContext' '(JJ)J' in 'org/lwjgl/openal/ALC10'
R14=0x00000076f95feab8 is pointing into the stack for thread: 0x000001b59492c000
R15=0x000001b59492c000 is a thread


Stack: [0x00000076f9500000,0x00000076f9600000],  sp=0x00000076f95fe920,  free space=1018k
Native frames: (J=compiled Java code, j=interpreted, Vv=VM code, C=native code)
C  [OpenAL64.dll+0x11066]
C  [OpenAL64.dll+0x1248f]
C  0x000001b580019c8e

Java frames: (J=compiled Java code, j=interpreted, Vv=VM code)
j  org.lwjgl.openal.ALC10.nalcCreateContext(JJ)J+0
j  org.lwjgl.openal.ALC10.alcCreateContext(Lorg/lwjgl/openal/ALCdevice;Ljava/nio/IntBuffer;)Lorg/lwjgl/openal/ALCcontext;+8
j  org.lwjgl.openal.AL.init(Ljava/lang/String;IIZZ)V+69
j  org.lwjgl.openal.AL.create(Ljava/lang/String;IIZZ)V+246
j  org.lwjgl.openal.AL.create(Ljava/lang/String;IIZ)V+5
j  org.lwjgl.openal.AL.create()V+6
j  paulscode.sound.libraries.LibraryLWJGLOpenAL.init()V+2
j  paulscode.sound.SoundSystem.CommandNewLibrary(Ljava/lang/Class;)V+273
j  paulscode.sound.SoundSystem.CommandQueue(Lpaulscode/sound/CommandObject;)Z+1206
j  paulscode.sound.CommandThread.run()V+51
v  ~StubRoutines::call_stub

---------------  P R O C E S S  ---------------

Java Threads: ( => current thread )
  0x000001b59492a800 JavaThread "Thread-7" [_thread_blocked, id=2204, stack(0x00000076f9a00000,0x00000076f9b00000)]
=>0x000001b59492c000 JavaThread "Thread-6" [_thread_in_native, id=9924, stack(0x00000076f9500000,0x00000076f9600000)]
  0x000001b594931800 JavaThread "Sound Library Loader" [_thread_blocked, id=21884, stack(0x00000076f9400000,0x00000076f9500000)]
  0x000001b594929800 JavaThread "Keep-Alive-Timer" daemon [_thread_blocked, id=2136, stack(0x00000076f9900000,0x00000076f9a00000)]
  0x000001b594929000 JavaThread "ForkJoinPool.commonPool-worker-27" daemon [_thread_blocked, id=11848, stack(0x00000076f9700000,0x00000076f9800000)]
  0x000001b59492e800 JavaThread "ForkJoinPool.commonPool-worker-12" daemon [_thread_blocked, id=19572, stack(0x00000076f9600000,0x00000076f9700000)]
  0x000001b59492b000 JavaThread "ForkJoinPool.commonPool-worker-16" daemon [_thread_blocked, id=8432, stack(0x00000076f9300000,0x00000076f9400000)]
  0x000001b59492d800 JavaThread "ForkJoinPool.commonPool-worker-23" daemon [_thread_blocked, id=23104, stack(0x00000076f9200000,0x00000076f9300000)]
  0x000001b59492f000 JavaThread "ForkJoinPool.commonPool-worker-30" daemon [_thread_blocked, id=7280, stack(0x00000076f9100000,0x00000076f9200000)]
  0x000001b59326e000 JavaThread "ForkJoinPool.commonPool-worker-5" daemon [_thread_blocked, id=21432, stack(0x00000076f9000000,0x00000076f9100000)]
  0x000001b59326d000 JavaThread "ForkJoinPool.commonPool-worker-19" daemon [_thread_blocked, id=12000, stack(0x00000076f8f00000,0x00000076f9000000)]
  0x000001b59326c000 JavaThread "ForkJoinPool.commonPool-worker-26" daemon [_thread_blocked, id=1800, stack(0x00000076f8e00000,0x00000076f8f00000)]
  0x000001b593270000 JavaThread "ForkJoinPool.commonPool-worker-1" daemon [_thread_blocked, id=12984, stack(0x00000076f8d00000,0x00000076f8e00000)]
  0x000001b59326f800 JavaThread "ForkJoinPool.commonPool-worker-8" daemon [_thread_blocked, id=22692, stack(0x00000076f8c00000,0x00000076f8d00000)]
  0x000001b59326e800 JavaThread "ForkJoinPool.commonPool-worker-15" daemon [_thread_blocked, id=19308, stack(0x00000076f8b00000,0x00000076f8c00000)]
  0x000001b593264800 JavaThread "ForkJoinPool.commonPool-worker-22" daemon [_thread_blocked, id=19264, stack(0x00000076f8a00000,0x00000076f8b00000)]
  0x000001b59326b800 JavaThread "ForkJoinPool.commonPool-worker-29" daemon [_thread_blocked, id=18820, stack(0x00000076f8900000,0x00000076f8a00000)]
  0x000001b59326a000 JavaThread "ForkJoinPool.commonPool-worker-4" daemon [_thread_blocked, id=13048, stack(0x00000076f8800000,0x00000076f8900000)]
  0x000001b59326a800 JavaThread "ForkJoinPool.commonPool-worker-11" daemon [_thread_blocked, id=14440, stack(0x00000076f8700000,0x00000076f8800000)]
  0x000001b593266800 JavaThread "ForkJoinPool.commonPool-worker-18" daemon [_thread_blocked, id=15668, stack(0x00000076f8600000,0x00000076f8700000)]
  0x000001b593262000 JavaThread "ForkJoinPool.commonPool-worker-25" daemon [_thread_blocked, id=17036, stack(0x00000076f8500000,0x00000076f8600000)]
  0x000001b593263000 JavaThread "LWJGL Timer" daemon [_thread_blocked, id=22200, stack(0x00000076f8400000,0x00000076f8500000)]
  0x000001b593268800 JavaThread "Java2D Disposer" daemon [_thread_blocked, id=21592, stack(0x00000076f8300000,0x00000076f8400000)]
  0x000001b593261000 JavaThread "Thread-4" [_thread_blocked, id=22060, stack(0x00000076f8100000,0x00000076f8200000)]
  0x000001b593265000 JavaThread "Timer hack thread" daemon [_thread_blocked, id=1696, stack(0x00000076f7400000,0x00000076f7500000)]
  0x000001b5fd4c6000 JavaThread "Snooper Timer" daemon [_thread_blocked, id=9296, stack(0x00000076f7300000,0x00000076f7400000)]
  0x000001b5940ae800 JavaThread "Thread-1" [_thread_blocked, id=16800, stack(0x00000076f7200000,0x00000076f7300000)]
  0x000001b5fd589800 JavaThread "Service Thread" daemon [_thread_blocked, id=22868, stack(0x00000076f7000000,0x00000076f7100000)]
  0x000001b5fd4c8800 JavaThread "C1 CompilerThread11" daemon [_thread_blocked, id=18880, stack(0x00000076f6f00000,0x00000076f7000000)]
  0x000001b5fd4cb800 JavaThread "C1 CompilerThread10" daemon [_thread_blocked, id=17420, stack(0x00000076f6e00000,0x00000076f6f00000)]
  0x000001b5fd4ca800 JavaThread "C1 CompilerThread9" daemon [_thread_blocked, id=21392, stack(0x00000076f6d00000,0x00000076f6e00000)]
  0x000001b5fd4ca000 JavaThread "C1 CompilerThread8" daemon [_thread_blocked, id=23268, stack(0x00000076f6c00000,0x00000076f6d00000)]
  0x000001b5fd4c7800 JavaThread "C2 CompilerThread7" daemon [_thread_blocked, id=22616, stack(0x00000076f6b00000,0x00000076f6c00000)]
  0x000001b5fd4c9000 JavaThread "C2 CompilerThread6" daemon [_thread_in_native, id=14728, stack(0x00000076f6a00000,0x00000076f6b00000)]
  0x000001b5fd4cc800 JavaThread "C2 CompilerThread5" daemon [_thread_in_native, id=18560, stack(0x00000076f6900000,0x00000076f6a00000)]
  0x000001b5fd4c5000 JavaThread "C2 CompilerThread4" daemon [_thread_blocked, id=22940, stack(0x00000076f6800000,0x00000076f6900000)]
  0x000001b5fd4c7000 JavaThread "C2 CompilerThread3" daemon [_thread_in_vm, id=21932, stack(0x00000076f6700000,0x00000076f6800000)]
  0x000001b5fd4c1800 JavaThread "C2 CompilerThread2" daemon [_thread_blocked, id=592, stack(0x00000076f6600000,0x00000076f6700000)]
  0x000001b5fd4bc800 JavaThread "C2 CompilerThread1" daemon [_thread_blocked, id=23292, stack(0x00000076f6500000,0x00000076f6600000)]
  0x000001b5fd4c3800 JavaThread "C2 CompilerThread0" daemon [_thread_blocked, id=9476, stack(0x00000076f6400000,0x00000076f6500000)]
  0x000001b5fd4b6800 JavaThread "Attach Listener" daemon [_thread_blocked, id=17844, stack(0x00000076f6300000,0x00000076f6400000)]
  0x000001b5fd4b5800 JavaThread "Signal Dispatcher" daemon [_thread_blocked, id=20772, stack(0x00000076f6200000,0x00000076f6300000)]
  0x000001b5fb319000 JavaThread "Finalizer" daemon [_thread_blocked, id=23392, stack(0x00000076f6100000,0x00000076f6200000)]
  0x000001b5fd493000 JavaThread "Reference Handler" daemon [_thread_blocked, id=16164, stack(0x00000076f6000000,0x00000076f6100000)]
  0x000001b5ef73a800 JavaThread "Client thread" [_thread_in_native, id=2088, stack(0x00000076f4f00000,0x00000076f5000000)]

Other Threads:
  0x000001b5fd472800 VMThread [stack: 0x00000076f5f00000,0x00000076f6000000] [id=22748]
  0x000001b5fd592800 WatcherThread [stack: 0x00000076f7100000,0x00000076f7200000] [id=16756]

VM state:not at safepoint (normal execution)

VM Mutex/Monitor currently owned by a thread: None

heap address: 0x00000006c4a00000, size: 4022 MB, Compressed Oops mode: Zero based, Oop shift amount: 3
Narrow klass base: 0x0000000000000000, Narrow klass shift: 3
Compressed class space size: 1073741824 Address: 0x00000007c0000000

Heap:
 PSYoungGen      total 962048K, used 652864K [0x000000076c380000, 0x00000007af800000, 0x00000007c0000000)
  eden space 902656K, 65% used [0x000000076c380000,0x0000000790757e48,0x00000007a3500000)
  from space 59392K, 99% used [0x00000007abe00000,0x00000007af7b8500,0x00000007af800000)
  to   space 72704K, 0% used [0x00000007a6a00000,0x00000007a6a00000,0x00000007ab100000)
 ParOldGen       total 412672K, used 190957K [0x00000006c4a00000, 0x00000006ddd00000, 0x000000076c380000)
  object space 412672K, 46% used [0x00000006c4a00000,0x00000006d047b5b8,0x00000006ddd00000)
 Metaspace       used 71743K, capacity 72907K, committed 73176K, reserved 1112064K
  class space    used 10393K, capacity 10751K, committed 10752K, reserved 1048576K

Card table byte_map: [0x000001b5f1570000,0x000001b5f1d50000] byte_map_base: 0x000001b5edf4b000

Marking Bits: (ParMarkBitMap*) 0x0000000057650830
 Begin Bits: [0x000001b5f2290000, 0x000001b5f6168000)
 End Bits:   [0x000001b5f6168000, 0x000001b5fa040000)

Polling page: 0x000001b5ef670000

CodeCache: size=245760Kb used=25533Kb max_used=25757Kb free=220226Kb
 bounds [0x000001b580000000, 0x000001b581950000, 0x000001b58f000000]
 total_blobs=7145 nmethods=6253 adapters=801
 compilation: enabled

Compilation events (10 events):
Event: 15.439 Thread 0x000001b5fd4ca000 8408       3       net.minecraftforge.client.model.ModelLoader$WeightedRandomModel::<init> (310 bytes)
Event: 15.440 Thread 0x000001b5fd4c1800 nmethod 8407 0x000001b580e335d0 code [0x000001b580e33700, 0x000001b580e33798]
Event: 15.441 Thread 0x000001b5fd4ca000 nmethod 8408 0x000001b5811c5290 code [0x000001b5811c57c0, 0x000001b5811c88b0]
Event: 15.443 Thread 0x000001b5fd4cb800 8409       3       net.minecraft.client.renderer.block.model.ModelBlockDefinition::hasMultipartData (13 bytes)
Event: 15.443 Thread 0x000001b5fd4cb800 nmethod 8409 0x000001b580e30f50 code [0x000001b580e310a0, 0x000001b580e31258]
Event: 15.443 Thread 0x000001b5fd4ca800 8410       3       java.lang.Exception::<init> (5 bytes)
Event: 15.443 Thread 0x000001b5fd4ca000 8411       3       com.google.common.collect.ImmutableList::of (4 bytes)
Event: 15.444 Thread 0x000001b5fd4ca000 nmethod 8411 0x000001b580e30c50 code [0x000001b580e30da0, 0x000001b580e30ed8]
Event: 15.444 Thread 0x000001b5fd4ca800 nmethod 8410 0x000001b580e30690 code [0x000001b580e30800, 0x000001b580e30b30]
Event: 15.444 Thread 0x000001b5fd4c7000 nmethod 8401 0x000001b5811c3950 code [0x000001b5811c3b60, 0x000001b5811c4730]

GC Heap History (10 events):
Event: 10.418 GC heap before
{Heap before GC invocations=18 (full 3):
 PSYoungGen      total 661504K, used 634416K [0x000000076c380000, 0x0000000799d00000, 0x00000007c0000000)
  eden space 601600K, 100% used [0x000000076c380000,0x0000000790f00000,0x0000000790f00000)
  from space 59904K, 54% used [0x0000000796280000,0x000000079828c0e8,0x0000000799d00000)
  to   space 72704K, 0% used [0x0000000790f00000,0x0000000790f00000,0x0000000795600000)
 ParOldGen       total 242688K, used 160997K [0x00000006c4a00000, 0x00000006d3700000, 0x000000076c380000)
  object space 242688K, 66% used [0x00000006c4a00000,0x00000006ce7395b0,0x00000006d3700000)
 Metaspace       used 54768K, capacity 55553K, committed 55896K, reserved 1097728K
  class space    used 7319K, capacity 7530K, committed 7552K, reserved 1048576K
Event: 10.434 GC heap after
Heap after GC invocations=18 (full 3):
 PSYoungGen      total 674304K, used 41365K [0x000000076c380000, 0x00000007a4700000, 0x00000007c0000000)
  eden space 601600K, 0% used [0x000000076c380000,0x000000076c380000,0x0000000790f00000)
  from space 72704K, 56% used [0x0000000790f00000,0x0000000793765428,0x0000000795600000)
  to   space 72192K, 0% used [0x00000007a0080000,0x00000007a0080000,0x00000007a4700000)
 ParOldGen       total 242688K, used 178912K [0x00000006c4a00000, 0x00000006d3700000, 0x000000076c380000)
  object space 242688K, 73% used [0x00000006c4a00000,0x00000006cf8b82a0,0x00000006d3700000)
 Metaspace       used 54768K, capacity 55553K, committed 55896K, reserved 1097728K
  class space    used 7319K, capacity 7530K, committed 7552K, reserved 1048576K
}
Event: 11.693 GC heap before
{Heap before GC invocations=19 (full 3):
 PSYoungGen      total 674304K, used 642965K [0x000000076c380000, 0x00000007a4700000, 0x00000007c0000000)
  eden space 601600K, 100% used [0x000000076c380000,0x0000000790f00000,0x0000000790f00000)
  from space 72704K, 56% used [0x0000000790f00000,0x0000000793765428,0x0000000795600000)
  to   space 72192K, 0% used [0x00000007a0080000,0x00000007a0080000,0x00000007a4700000)
 ParOldGen       total 242688K, used 178912K [0x00000006c4a00000, 0x00000006d3700000, 0x000000076c380000)
  object space 242688K, 73% used [0x00000006c4a00000,0x00000006cf8b82a0,0x00000006d3700000)
 Metaspace       used 58919K, capacity 59825K, committed 60248K, reserved 1101824K
  class space    used 8053K, capacity 8310K, committed 8320K, reserved 1048576K
Event: 11.709 GC heap after
Heap after GC invocations=19 (full 3):
 PSYoungGen      total 820224K, used 34887K [0x000000076c380000, 0x00000007a3580000, 0x00000007c0000000)
  eden space 765952K, 0% used [0x000000076c380000,0x000000076c380000,0x000000079af80000)
  from space 54272K, 64% used [0x00000007a0080000,0x00000007a2291db0,0x00000007a3580000)
  to   space 68608K, 0% used [0x000000079af80000,0x000000079af80000,0x000000079f280000)
 ParOldGen       total 242688K, used 210193K [0x00000006c4a00000, 0x00000006d3700000, 0x000000076c380000)
  object space 242688K, 86% used [0x00000006c4a00000,0x00000006d1744750,0x00000006d3700000)
 Metaspace       used 58919K, capacity 59825K, committed 60248K, reserved 1101824K
  class space    used 8053K, capacity 8310K, committed 8320K, reserved 1048576K
}
Event: 11.709 GC heap before
{Heap before GC invocations=20 (full 4):
 PSYoungGen      total 820224K, used 34887K [0x000000076c380000, 0x00000007a3580000, 0x00000007c0000000)
  eden space 765952K, 0% used [0x000000076c380000,0x000000076c380000,0x000000079af80000)
  from space 54272K, 64% used [0x00000007a0080000,0x00000007a2291db0,0x00000007a3580000)
  to   space 68608K, 0% used [0x000000079af80000,0x000000079af80000,0x000000079f280000)
 ParOldGen       total 242688K, used 210193K [0x00000006c4a00000, 0x00000006d3700000, 0x000000076c380000)
  object space 242688K, 86% used [0x00000006c4a00000,0x00000006d1744750,0x00000006d3700000)
 Metaspace       used 58919K, capacity 59825K, committed 60248K, reserved 1101824K
  class space    used 8053K, capacity 8310K, committed 8320K, reserved 1048576K
Event: 11.798 GC heap after
Heap after GC invocations=20 (full 4):
 PSYoungGen      total 820224K, used 0K [0x000000076c380000, 0x00000007a3580000, 0x00000007c0000000)
  eden space 765952K, 0% used [0x000000076c380000,0x000000076c380000,0x000000079af80000)
  from space 54272K, 0% used [0x00000007a0080000,0x00000007a0080000,0x00000007a3580000)
  to   space 68608K, 0% used [0x000000079af80000,0x000000079af80000,0x000000079f280000)
 ParOldGen       total 412672K, used 190941K [0x00000006c4a00000, 0x00000006ddd00000, 0x000000076c380000)
  object space 412672K, 46% used [0x00000006c4a00000,0x00000006d04775b8,0x00000006ddd00000)
 Metaspace       used 58906K, capacity 59801K, committed 60248K, reserved 1101824K
  class space    used 8051K, capacity 8306K, committed 8320K, reserved 1048576K
}
Event: 13.307 GC heap before
{Heap before GC invocations=21 (full 4):
 PSYoungGen      total 820224K, used 765952K [0x000000076c380000, 0x00000007a3580000, 0x00000007c0000000)
  eden space 765952K, 100% used [0x000000076c380000,0x000000079af80000,0x000000079af80000)
  from space 54272K, 0% used [0x00000007a0080000,0x00000007a0080000,0x00000007a3580000)
  to   space 68608K, 0% used [0x000000079af80000,0x000000079af80000,0x000000079f280000)
 ParOldGen       total 412672K, used 190941K [0x00000006c4a00000, 0x00000006ddd00000, 0x000000076c380000)
  object space 412672K, 46% used [0x00000006c4a00000,0x00000006d04775b8,0x00000006ddd00000)
 Metaspace       used 63721K, capacity 64655K, committed 65112K, reserved 1105920K
  class space    used 9002K, capacity 9265K, committed 9344K, reserved 1048576K
Event: 13.319 GC heap after
Heap after GC invocations=21 (full 4):
 PSYoungGen      total 834560K, used 36186K [0x000000076c380000, 0x00000007aff00000, 0x00000007c0000000)
  eden space 765952K, 0% used [0x000000076c380000,0x000000076c380000,0x000000079af80000)
  from space 68608K, 52% used [0x000000079af80000,0x000000079d2d6bf0,0x000000079f280000)
  to   space 66560K, 0% used [0x00000007abe00000,0x00000007abe00000,0x00000007aff00000)
 ParOldGen       total 412672K, used 190949K [0x00000006c4a00000, 0x00000006ddd00000, 0x000000076c380000)
  object space 412672K, 46% used [0x00000006c4a00000,0x00000006d04795b8,0x00000006ddd00000)
 Metaspace       used 63721K, capacity 64655K, committed 65112K, reserved 1105920K
  class space    used 9002K, capacity 9265K, committed 9344K, reserved 1048576K
}
Event: 14.437 GC heap before
{Heap before GC invocations=22 (full 4):
 PSYoungGen      total 834560K, used 802138K [0x000000076c380000, 0x00000007aff00000, 0x00000007c0000000)
  eden space 765952K, 100% used [0x000000076c380000,0x000000079af80000,0x000000079af80000)
  from space 68608K, 52% used [0x000000079af80000,0x000000079d2d6bf0,0x000000079f280000)
  to   space 66560K, 0% used [0x00000007abe00000,0x00000007abe00000,0x00000007aff00000)
 ParOldGen       total 412672K, used 190949K [0x00000006c4a00000, 0x00000006ddd00000, 0x000000076c380000)
  object space 412672K, 46% used [0x00000006c4a00000,0x00000006d04795b8,0x00000006ddd00000)
 Metaspace       used 68013K, capacity 69027K, committed 69336K, reserved 1107968K
  class space    used 9875K, capacity 10201K, committed 10240K, reserved 1048576K
Event: 14.453 GC heap after
Heap after GC invocations=22 (full 4):
 PSYoungGen      total 962048K, used 59105K [0x000000076c380000, 0x00000007af800000, 0x00000007c0000000)
  eden space 902656K, 0% used [0x000000076c380000,0x000000076c380000,0x00000007a3500000)
  from space 59392K, 99% used [0x00000007abe00000,0x00000007af7b8500,0x00000007af800000)
  to   space 72704K, 0% used [0x00000007a6a00000,0x00000007a6a00000,0x00000007ab100000)
 ParOldGen       total 412672K, used 190957K [0x00000006c4a00000, 0x00000006ddd00000, 0x000000076c380000)
  object space 412672K, 46% used [0x00000006c4a00000,0x00000006d047b5b8,0x00000006ddd00000)
 Metaspace       used 68013K, capacity 69027K, committed 69336K, reserved 1107968K
  class space    used 9875K, capacity 10201K, committed 10240K, reserved 1048576K
}

Deoptimization events (10 events):
Event: 15.335 Thread 0x000001b5ef73a800 Uncommon trap: reason=class_check action=maybe_recompile pc=0x000001b58159d700 method=com.google.common.collect.Lists.newArrayList(Ljava/lang/Iterable;)Ljava/util/ArrayList; @ 27
Event: 15.381 Thread 0x000001b5ef73a800 Uncommon trap: reason=class_check action=maybe_recompile pc=0x000001b580c26b6c method=java.util.HashMap.removeNode(ILjava/lang/Object;Ljava/lang/Object;ZZ)Ljava/util/HashMap$Node; @ 68
Event: 15.381 Thread 0x000001b5ef73a800 Uncommon trap: reason=unstable_if action=reinterpret pc=0x000001b580381060 method=net.minecraft.block.properties.PropertyHelper.equals(Ljava/lang/Object;)Z @ 44
Event: 15.381 Thread 0x000001b5ef73a800 Uncommon trap: reason=class_check action=maybe_recompile pc=0x000001b5803be694 method=java.util.AbstractMap.equals(Ljava/lang/Object;)Z @ 8
Event: 15.381 Thread 0x000001b5ef73a800 Uncommon trap: reason=class_check action=maybe_recompile pc=0x000001b580c26b6c method=java.util.HashMap.removeNode(ILjava/lang/Object;Ljava/lang/Object;ZZ)Ljava/util/HashMap$Node; @ 68
Event: 15.381 Thread 0x000001b5ef73a800 Uncommon trap: reason=class_check action=maybe_recompile pc=0x000001b5803be694 method=java.util.AbstractMap.equals(Ljava/lang/Object;)Z @ 8
Event: 15.381 Thread 0x000001b5ef73a800 Uncommon trap: reason=class_check action=maybe_recompile pc=0x000001b5803be694 method=java.util.AbstractMap.equals(Ljava/lang/Object;)Z @ 8
Event: 15.381 Thread 0x000001b5ef73a800 Uncommon trap: reason=class_check action=maybe_recompile pc=0x000001b5803be694 method=java.util.AbstractMap.equals(Ljava/lang/Object;)Z @ 8
Event: 15.437 Thread 0x000001b5ef73a800 Uncommon trap: reason=unstable_if action=reinterpret pc=0x000001b5806e6a58 method=com.google.gson.JsonPrimitive.getAsString()Ljava/lang/String; @ 19
Event: 15.438 Thread 0x000001b5ef73a800 Uncommon trap: reason=class_check action=maybe_recompile pc=0x000001b58159d700 method=com.google.common.collect.Lists.newArrayList(Ljava/lang/Iterable;)Ljava/util/ArrayList; @ 27

Classes redefined (0 events):
No events

Internal exceptions (10 events):
Event: 15.433 Thread 0x000001b5ef73a800 Exception <a 'java/io/IOException'> (0x000000078ee939a8) thrown at [C:\workspace\openjdk-build\workspace\build\src\hotspot\src\share\vm\prims\jni.cpp, line 712]
Event: 15.433 Thread 0x000001b5ef73a800 Exception <a 'java/io/IOException'> (0x000000078eea6228) thrown at [C:\workspace\openjdk-build\workspace\build\src\hotspot\src\share\vm\prims\jni.cpp, line 712]
Event: 15.436 Thread 0x000001b5ef73a800 Exception <a 'java/io/IOException'> (0x000000078ef9fa70) thrown at [C:\workspace\openjdk-build\workspace\build\src\hotspot\src\share\vm\prims\jni.cpp, line 712]
Event: 15.437 Thread 0x000001b5ef73a800 Exception <a 'java/io/IOException'> (0x000000078efb2b20) thrown at [C:\workspace\openjdk-build\workspace\build\src\hotspot\src\share\vm\prims\jni.cpp, line 712]
Event: 15.444 Thread 0x000001b5ef73a800 Exception <a 'java/io/IOException'> (0x000000078f1fca10) thrown at [C:\workspace\openjdk-build\workspace\build\src\hotspot\src\share\vm\prims\jni.cpp, line 712]
Event: 15.444 Thread 0x000001b5ef73a800 Exception <a 'java/io/IOException'> (0x000000078f20d7b0) thrown at [C:\workspace\openjdk-build\workspace\build\src\hotspot\src\share\vm\prims\jni.cpp, line 712]
Event: 15.446 Thread 0x000001b5ef73a800 Exception <a 'java/io/IOException'> (0x000000078f264218) thrown at [C:\workspace\openjdk-build\workspace\build\src\hotspot\src\share\vm\prims\jni.cpp, line 712]
Event: 15.447 Thread 0x000001b5ef73a800 Exception <a 'java/io/IOException'> (0x000000078f2761e8) thrown at [C:\workspace\openjdk-build\workspace\build\src\hotspot\src\share\vm\prims\jni.cpp, line 712]
Event: 15.448 Thread 0x000001b5ef73a800 Exception <a 'java/io/IOException'> (0x000000078f2ce860) thrown at [C:\workspace\openjdk-build\workspace\build\src\hotspot\src\share\vm\prims\jni.cpp, line 712]
Event: 15.449 Thread 0x000001b5ef73a800 Exception <a 'java/io/IOException'> (0x000000078f2e0430) thrown at [C:\workspace\openjdk-build\workspace\build\src\hotspot\src\share\vm\prims\jni.cpp, line 712]

Events (10 events):
Event: 15.381 Thread 0x000001b5ef73a800 DEOPT UNPACKING pc=0x000001b580045583 sp=0x00000076f4ffd7e0 mode 2
Event: 15.381 Thread 0x000001b5ef73a800 Uncommon trap: trap_request=0xffffffde fr.pc=0x000001b5803be694
Event: 15.381 Thread 0x000001b5ef73a800 DEOPT PACKING pc=0x000001b5803be694 sp=0x00000076f4ffd830
Event: 15.381 Thread 0x000001b5ef73a800 DEOPT UNPACKING pc=0x000001b580045583 sp=0x00000076f4ffd7e0 mode 2
Event: 15.437 Thread 0x000001b5ef73a800 Uncommon trap: trap_request=0xffffff65 fr.pc=0x000001b5806e6a58
Event: 15.437 Thread 0x000001b5ef73a800 DEOPT PACKING pc=0x000001b5806e6a58 sp=0x00000076f4ffcd70
Event: 15.437 Thread 0x000001b5ef73a800 DEOPT UNPACKING pc=0x000001b580045583 sp=0x00000076f4ffcd18 mode 2
Event: 15.438 Thread 0x000001b5ef73a800 Uncommon trap: trap_request=0xffffffde fr.pc=0x000001b58159d700
Event: 15.438 Thread 0x000001b5ef73a800 DEOPT PACKING pc=0x000001b58159d700 sp=0x00000076f4ffdb10
Event: 15.438 Thread 0x000001b5ef73a800 DEOPT UNPACKING pc=0x000001b580045583 sp=0x00000076f4ffdae8 mode 2


Dynamic libraries:
0x00007ff607e60000 - 0x00007ff607eb1000 	D:\jva\jdk8u412-b08\bin\java.exe
0x00007ff8a9030000 - 0x00007ff8a9228000 	C:\Windows\SYSTEM32\ntdll.dll
0x00007ff8a7c20000 - 0x00007ff8a7ce2000 	C:\Windows\System32\KERNEL32.DLL
0x00007ff8a6d50000 - 0x00007ff8a7046000 	C:\Windows\System32\KERNELBASE.dll
0x00007ff8a70b0000 - 0x00007ff8a715f000 	C:\Windows\System32\ADVAPI32.dll
0x00007ff8a7380000 - 0x00007ff8a741e000 	C:\Windows\System32\msvcrt.dll
0x00007ff8a7cf0000 - 0x00007ff8a7d8f000 	C:\Windows\System32\sechost.dll
0x00007ff8a8430000 - 0x00007ff8a8553000 	C:\Windows\System32\RPCRT4.dll
0x00007ff8a6a80000 - 0x00007ff8a6aa7000 	C:\Windows\System32\bcrypt.dll
0x00007ff8a7170000 - 0x00007ff8a730d000 	C:\Windows\System32\USER32.dll
0x00007ff8a6d20000 - 0x00007ff8a6d42000 	C:\Windows\System32\win32u.dll
0x00007ff8a8620000 - 0x00007ff8a864b000 	C:\Windows\System32\GDI32.dll
0x00007ff8a6960000 - 0x00007ff8a6a7a000 	C:\Windows\System32\gdi32full.dll
0x00007ff8a66c0000 - 0x00007ff8a675d000 	C:\Windows\System32\msvcp_win.dll
0x00007ff8a6860000 - 0x00007ff8a6960000 	C:\Windows\System32\ucrtbase.dll
0x00007ff88c9f0000 - 0x00007ff88cc8a000 	C:\Windows\WinSxS\amd64_microsoft.windows.common-controls_6595b64144ccf1df_6.0.19041.4355_none_60b8b9eb71f62e16\COMCTL32.dll
0x00007ff8a87a0000 - 0x00007ff8a87cf000 	C:\Windows\System32\IMM32.DLL
0x00007ff8972e0000 - 0x00007ff8972f5000 	D:\jva\jdk8u412-b08\jre\bin\vcruntime140.dll
0x00007ff88f2d0000 - 0x00007ff88f36b000 	D:\jva\jdk8u412-b08\jre\bin\msvcp140.dll
0x0000000056e70000 - 0x00000000576c9000 	D:\jva\jdk8u412-b08\jre\bin\server\jvm.dll
0x00007ff8a7370000 - 0x00007ff8a7378000 	C:\Windows\System32\PSAPI.DLL
0x00007ff8a0b40000 - 0x00007ff8a0b49000 	C:\Windows\SYSTEM32\WSOCK32.dll
0x00007ff89e500000 - 0x00007ff89e527000 	C:\Windows\SYSTEM32\WINMM.dll
0x00007ff8a7f40000 - 0x00007ff8a7fab000 	C:\Windows\System32\WS2_32.dll
0x00007ff89c020000 - 0x00007ff89c02a000 	C:\Windows\SYSTEM32\VERSION.dll
0x00007ff8a4ea0000 - 0x00007ff8a4eb2000 	C:\Windows\SYSTEM32\kernel.appcore.dll
0x00007ff89eb50000 - 0x00007ff89eb60000 	D:\jva\jdk8u412-b08\jre\bin\verify.dll
0x00007ff88f160000 - 0x00007ff88f18b000 	D:\jva\jdk8u412-b08\jre\bin\java.dll
0x00007ff8972c0000 - 0x00007ff8972d8000 	D:\jva\jdk8u412-b08\jre\bin\zip.dll
0x00007ff8a87d0000 - 0x00007ff8a8f3f000 	C:\Windows\System32\SHELL32.dll
0x00007ff8a46e0000 - 0x00007ff8a4e83000 	C:\Windows\SYSTEM32\windows.storage.dll
0x00007ff8a78c0000 - 0x00007ff8a7c15000 	C:\Windows\System32\combase.dll
0x00007ff8a6010000 - 0x00007ff8a603b000 	C:\Windows\SYSTEM32\Wldp.dll
0x00007ff8a86d0000 - 0x00007ff8a879d000 	C:\Windows\System32\OLEAUT32.dll
0x00007ff8a8560000 - 0x00007ff8a860d000 	C:\Windows\System32\SHCORE.dll
0x00007ff8a7860000 - 0x00007ff8a78b5000 	C:\Windows\System32\shlwapi.dll
0x00007ff8a65f0000 - 0x00007ff8a6615000 	C:\Windows\SYSTEM32\profapi.dll
0x00007ff89ead0000 - 0x00007ff89eadd000 	D:\jva\jdk8u412-b08\jre\bin\management.dll
0x00007ff88f140000 - 0x00007ff88f15c000 	D:\jva\jdk8u412-b08\jre\bin\net.dll
0x00007ff8a5df0000 - 0x00007ff8a5e5c000 	C:\Windows\system32\mswsock.dll
0x00007ff855680000 - 0x00007ff855697000 	C:\Windows\system32\napinsp.dll
0x00007ff855660000 - 0x00007ff85567b000 	C:\Windows\system32\pnrpnsp.dll
0x00007ff878020000 - 0x00007ff878035000 	C:\Windows\system32\wshbth.dll
0x00007ff89e390000 - 0x00007ff89e3ad000 	C:\Windows\system32\NLAapi.dll
0x00007ff8a5aa0000 - 0x00007ff8a5adb000 	C:\Windows\SYSTEM32\IPHLPAPI.DLL
0x00007ff8a5ae0000 - 0x00007ff8a5baa000 	C:\Windows\SYSTEM32\DNSAPI.dll
0x00007ff8a7160000 - 0x00007ff8a7168000 	C:\Windows\System32\NSI.dll
0x00007ff855640000 - 0x00007ff855652000 	C:\Windows\System32\winrnr.dll
0x00007ff88f580000 - 0x00007ff88f58a000 	C:\Windows\System32\rasadhlp.dll
0x00007ff89a410000 - 0x00007ff89a490000 	C:\Windows\System32\fwpuclnt.dll
0x00007ff88df80000 - 0x00007ff88df93000 	D:\jva\jdk8u412-b08\jre\bin\nio.dll
0x00007ff897300000 - 0x00007ff897324000 	D:\jva\jdk8u412-b08\jre\bin\sunec.dll
0x00007ff8a6050000 - 0x00007ff8a6068000 	C:\Windows\SYSTEM32\CRYPTSP.dll
0x00007ff8a56c0000 - 0x00007ff8a56f8000 	C:\Windows\system32\rsaenh.dll
0x00007ff8a6570000 - 0x00007ff8a659e000 	C:\Windows\SYSTEM32\USERENV.dll
0x00007ff8a6c90000 - 0x00007ff8a6d12000 	C:\Windows\System32\bcryptprimitives.dll
0x00007ff8a5f80000 - 0x00007ff8a5f8c000 	C:\Windows\SYSTEM32\CRYPTBASE.dll
0x00007ff89d080000 - 0x00007ff89d097000 	C:\Windows\SYSTEM32\dhcpcsvc6.DLL
0x00007ff89d890000 - 0x00007ff89d8ad000 	C:\Windows\SYSTEM32\dhcpcsvc.DLL
0x0000000180000000 - 0x0000000180053000 	C:\Users\home\.gradle\caches\minecraft\net\minecraft\natives\1.12.2\lwjgl64.dll
0x00007ff872a90000 - 0x00007ff872bb8000 	C:\Windows\SYSTEM32\OPENGL32.dll
0x00007ff881b40000 - 0x00007ff881b6c000 	C:\Windows\SYSTEM32\GLU32.dll
0x00007ff848600000 - 0x00007ff848794000 	D:\jva\jdk8u412-b08\jre\bin\awt.dll
0x00007ff8a0c10000 - 0x00007ff8a0ca4000 	C:\Windows\SYSTEM32\apphelp.dll
0x00007ff8a06e0000 - 0x00007ff8a078e000 	C:\Windows\SYSTEM32\mscms.dll
0x00007ff89fea0000 - 0x00007ff89feb1000 	C:\Windows\SYSTEM32\ColorAdapterClient.dll
0x00007ff8a8f40000 - 0x00007ff8a8fe9000 	C:\Windows\System32\clbcatq.dll
0x00007ff89a310000 - 0x00007ff89a353000 	C:\Windows\System32\Windows.Internal.Graphics.Display.DisplayColorManagement.dll
0x00007ff8a6760000 - 0x00007ff8a67ae000 	C:\Windows\System32\cfgmgr32.dll
0x00007ff8a1450000 - 0x00007ff8a14ee000 	C:\Windows\system32\uxtheme.dll
0x00007ff8a7630000 - 0x00007ff8a7745000 	C:\Windows\System32\MSCTF.dll
0x00007ff89c8e0000 - 0x00007ff89c9d9000 	C:\Windows\SYSTEM32\textinputframework.dll
0x00007ff89ffc0000 - 0x00007ff8a031b000 	C:\Windows\System32\CoreUIComponents.dll
0x00007ff8a07c0000 - 0x00007ff8a08b2000 	C:\Windows\System32\CoreMessaging.dll
0x00007ff8a5910000 - 0x00007ff8a5943000 	C:\Windows\SYSTEM32\ntmarta.dll
0x00007ff89f9e0000 - 0x00007ff89fb37000 	C:\Windows\SYSTEM32\wintypes.dll
0x00007ff89b650000 - 0x00007ff89b754000 	C:\Windows\System32\AppXDeploymentClient.dll
0x00007ff807940000 - 0x00007ff80bbd2000 	C:\Windows\System32\DriverStore\FileRepository\nvcvegpu.inf_amd64_eb9dc1fcdc94bb69\nvoglv64.dll
0x00007ff8a7fb0000 - 0x00007ff8a8421000 	C:\Windows\System32\SETUPAPI.dll
0x00007ff8a7500000 - 0x00007ff8a762b000 	C:\Windows\System32\ole32.dll
0x00007ff89e6a0000 - 0x00007ff89e6b4000 	C:\Windows\SYSTEM32\WTSAPI32.dll
0x00007ff8a6280000 - 0x00007ff8a6292000 	C:\Windows\SYSTEM32\msasn1.dll
0x00007ff89a870000 - 0x00007ff89a8a1000 	C:\Windows\SYSTEM32\cryptnet.dll
0x00007ff8a6b30000 - 0x00007ff8a6c8d000 	C:\Windows\System32\CRYPT32.dll
0x00007ff89a8b0000 - 0x00007ff89a9f7000 	C:\Windows\SYSTEM32\drvstore.dll
0x00007ff8a6450000 - 0x00007ff8a6483000 	C:\Windows\SYSTEM32\devobj.dll
0x00007ff8a6ab0000 - 0x00007ff8a6b23000 	C:\Windows\System32\WINTRUST.dll
0x00007ff899950000 - 0x00007ff89998b000 	C:\Windows\SYSTEM32\dxcore.dll
0x00007ff8a16c0000 - 0x00007ff8a16ef000 	C:\Windows\SYSTEM32\dwmapi.dll
0x00007ff889050000 - 0x00007ff889095000 	C:\Windows\SYSTEM32\icm32.dll
0x00007ff8a5c20000 - 0x00007ff8a5c6b000 	C:\Windows\SYSTEM32\powrprof.dll
0x00007ff8a5a80000 - 0x00007ff8a5a92000 	C:\Windows\SYSTEM32\UMPDC.dll
0x00007ff8a5340000 - 0x00007ff8a539b000 	C:\Windows\SYSTEM32\WINSTA.dll
0x00007ff8a4f10000 - 0x00007ff8a5006000 	C:\Windows\system32\dxgi.dll
0x00007ff89f1a0000 - 0x00007ff89f403000 	C:\Windows\system32\d3d11.dll
0x00007ff877220000 - 0x00007ff8772dc000 	C:\Windows\System32\DriverStore\FileRepository\nvcvegpu.inf_amd64_eb9dc1fcdc94bb69\nvldumdx.dll
0x00007ff8a8650000 - 0x00007ff8a866d000 	C:\Windows\System32\imagehlp.dll
0x00007ff869d80000 - 0x00007ff86fc40000 	C:\Windows\System32\DriverStore\FileRepository\nvcvegpu.inf_amd64_eb9dc1fcdc94bb69\nvwgf2umx.dll
0x00007ff882650000 - 0x00007ff882d87000 	C:\Windows\System32\DriverStore\FileRepository\nvcvegpu.inf_amd64_eb9dc1fcdc94bb69\Display.NvContainer\MessageBus.dll
0x00007ff890aa0000 - 0x00007ff891240000 	C:\Windows\SYSTEM32\nvapi64.dll
0x00007ff898c00000 - 0x00007ff89902a000 	C:\Windows\System32\DriverStore\FileRepository\iigd_dch.inf_amd64_97c7cec5062067ac\igd10iumd64.dll
0x00007ff897590000 - 0x00007ff898bff000 	C:\Windows\System32\DriverStore\FileRepository\iigd_dch.inf_amd64_97c7cec5062067ac\igd10um64xe.DLL
0x00007ff896a00000 - 0x00007ff896a9c000 	C:\Windows\System32\DriverStore\FileRepository\iigd_dch.inf_amd64_97c7cec5062067ac\IntelControlLib.dll
0x00007ff8963c0000 - 0x00007ff8967ff000 	C:\Windows\System32\DriverStore\FileRepository\iigd_dch.inf_amd64_97c7cec5062067ac\igdgmm64.dll
0x00007ff897530000 - 0x00007ff897554000 	C:\Windows\System32\DriverStore\FileRepository\iigd_dch.inf_amd64_97c7cec5062067ac\igc64.dll
0x00007ff891880000 - 0x00007ff895feb000 	C:\Windows\System32\DriverStore\FileRepository\iigd_dch.inf_amd64_97c7cec5062067ac\igc1464.dll
0x00007ff89fcb0000 - 0x00007ff89fe94000 	C:\Windows\SYSTEM32\dcomp.dll
0x00007ff881bd0000 - 0x00007ff881c12000 	C:\Users\home\AppData\Local\Temp\jna-3208415\jna1062205668668688429.dll
0x00007ff89e700000 - 0x00007ff89e70e000 	D:\jva\jdk8u412-b08\jre\bin\sunmscapi.dll
0x00007ff8a6160000 - 0x00007ff8a6187000 	C:\Windows\SYSTEM32\ncrypt.dll
0x00007ff8a6120000 - 0x00007ff8a615b000 	C:\Windows\SYSTEM32\NTASN1.dll
0x000001b5a3b20000 - 0x000001b5a3b84000 	C:\Users\home\.gradle\caches\minecraft\net\minecraft\natives\1.12.2\OpenAL64.dll
0x00007ff89d3a0000 - 0x00007ff89d429000 	C:\Windows\System32\MMDevApi.dll
0x00007ff874420000 - 0x00007ff8744bc000 	C:\Windows\SYSTEM32\dsound.dll
0x00007ff878a70000 - 0x00007ff878a96000 	C:\Windows\SYSTEM32\winmmbase.dll
0x00007ff89d460000 - 0x00007ff89d5e1000 	C:\Windows\SYSTEM32\AUDIOSES.DLL
0x00007ff8a4420000 - 0x00007ff8a4604000 	C:\Windows\SYSTEM32\dbghelp.dll

VM Arguments:
jvm_args: -Dfile.encoding=windows-1251 -Duser.country=UA -Duser.language=uk -Duser.variant 
java_command: GradleStart
java_class_path (initial): C:\jaba\libs\Baubles-1.12-1.5.2-api.jar;C:\jaba\libs\Thaumcraft-1.12.2-6.1.BETA26.jar;C:\Users\home\.gradle\caches\minecraft\deobfedDeps\compileDummy.jar;C:\Users\home\.gradle\caches\minecraft\deobfedDeps\providedDummy.jar;C:\Users\home\.gradle\caches\modules-2\files-2.1\mezz.jei\jei_1.12.2\4.15.0.268\1fd0269994b2721ba110a64d8c0129448f1b985\jei_1.12.2-4.15.0.268.jar;C:\Users\home\.gradle\caches\minecraft\deobfedDeps\deobf\com\azanor\baubles\Baubles\1.12-1.5.2\Baubles-1.12-1.5.2.jar;C:\jaba\.gradle\minecraft\forgeBin-1.12.2-14.23.5.2820-PROJECT(jaba).jar;C:\Users\home\.gradle\caches\modules-2\files-2.1\com.google.code.findbugs\jsr305\3.0.1\f7be08ec23c21485b9b5a1cf1654c2ec8c58168d\jsr305-3.0.1.jar;C:\Users\home\.gradle\caches\modules-2\files-2.1\com.mojang\patchy\1.3.9\eb8bb7b66fa0e2152b1b40b3856e82f7619439ee\patchy-1.3.9.jar;C:\Users\home\.gradle\caches\modules-2\files-2.1\oshi-project\oshi-core\1.1\9ddf7b048a8d701be231c0f4f95fd986198fd2d8\oshi-core-1.1.jar;C:\Users\home\.gradle\caches\modules-2\files-2.1\net.java.dev.jna\jna\4.4.0\cb208278274bf12ebdb56c61bd7407e6f774d65a\jna-4.4.0.jar;C:\Users\home\.gradle\caches\modules-2\files-2.1\net.java.dev.jna\platform\3.4.0\e3f70017be8100d3d6923f50b3d2ee17714e9c13\platform-3.4.0.jar;C:\Users\home\.gradle\caches\modules-2\files-2.1\com.ibm.icu\icu4j-core-mojang\51.2\63d216a9311cca6be337c1e458e587f99d382b84\icu4j-core-mojang-51.2.jar;C:\Users\home\.gradle\caches\modules-2\files-2.1\net.sf.jopt-simple\jopt-simple\5.0.3\cdd846cfc4e0f7eefafc02c0f5dce32b9303aa2a\jopt-simple-5.0.3.jar;C:\Users\home\.gradle\caches\modules-2\files-2.1\io.netty\netty-all\4.1.9.Final\97860965d6a0a6b98e7f569f3f966727b8db75\netty-all-4.1.9.Final.jar;C:\Users\home\.gradle\caches\modules-2\files-2.1\com.google.guava\guava\21.0\3a3d111be1be1b745edfa7d91678a12d7ed38709\guava-21.0.jar;C:\Users\home\.gradle\caches\modules-2\files-2.1\org.apache.commons\commons-lang3\3.5\6c6c702c89bfff3cd9e80b04d668c5e190d588c6\commons-lang3-3.5.jar;
Launcher Type: SUN_STANDARD

Environment Variables:
JAVA_HOME=D:\jva\jdk8u412-b08
CLASSPATH=C:\jaba\\gradle\wrapper\gradle-wrapper.jar
PATH=C:\Users\home\AppData\Roaming\Code\User\globalStorage\pleiades.java-extension-pack-jdk\gradle\latest\bin;C:\Users\home\AppData\Roaming\Code\User\globalStorage\pleiades.java-extension-pack-jdk\maven\latest\bin;D:\jva\jdk8u412-b08\bin;C:\Windows\System32;D:\jva\jdk8u412-b08\bin;C:\Users\home\AppData\Local\Programs\Python\Python313\Scripts\;C:\Users\home\AppData\Local\Programs\Python\Python313\;C:\Users\home\AppData\Local\Microsoft\WindowsApps;C:\Users\home\AppData\Local\Programs\Microsoft VS Code\bin;c:\Users\home\.vscode\extensions\ms-python.debugpy-2025.6.0-win32-x64\bundled\scripts\noConfigScripts
USERNAME=home
OS=Windows_NT
PROCESSOR_IDENTIFIER=Intel64 Family 6 Model 183 Stepping 1, GenuineIntel



---------------  S Y S T E M  ---------------

OS: Windows 10 , 64 bit Build 19041 (10.0.19041.5678)

CPU:total 20 (initial active 20) (10 cores per cpu, 2 threads per core) family 6 model 183 stepping 1, cmov, cx8, fxsr, mmx, sse, sse2, sse3, ssse3, sse4.1, sse4.2, popcnt, avx, avx2, aes, clmul, erms, 3dnowpref, lzcnt, ht, tsc, tscinvbit, bmi1, bmi2, adx

Memory: 4k page, physical 16473976k(2550616k free), swap 34897892k(9346800k free)

vm_info: OpenJDK 64-Bit Server VM (25.412-b08) for windows-amd64 JRE (1.8.0_412-b08), built on Apr 17 2024 02:10:30 by "jenkins" with MS VC++ 15.9 (VS2017)

time: Sun Apr 27 00:16:37 2025
timezone: Intel64 Family 6 Model 183 Stepping 1, GenuineIntel
elapsed time: 15.508572 seconds (0d 0h 0m 15s)

